SGCanScience>Time:1603538|Press:818|LM35:23|NTC:335|GyrX:-40|GyrY:-40|GyrZ:4|AccX:-72|AccY:-127|AccZ:1295|MagX:11964|MagY:10914|MagZ:4848|Lat:1000.00000|Long:1000.00000|Alt:1000000.00|Cour:1000.00|Speed:-1.00000|Sat:255|
SGCanScience>Time:1603725|Press:820|LM35:24|NTC:342|GyrX:-33|GyrY:-44|GyrZ:6|AccX:-97|AccY:-148|AccZ:1282|MagX:12006|MagY:10928|MagZ:4786|Lat:1000.00000|Long:1000.00000|Alt:1000000.00|Cour:1000.00|Speed:-1.00000|Sat:255|
SGCanScience>Time:1603911|Press:824|LM35:26|NTC:335|GyrX:-33|GyrY:-44|GyrZ:9|AccX:-81|AccY:-137|AccZ:1279|MagX:11997|MagY:10925|MagZ:4826|Lat:1000.00000|Long:1000.00000|Alt:1000000.00|Cour:1000.00|Speed:-1.00000|Sat:255|
SGCanScience>Time:1604098|Press:821|LM35:27|NTC:338|GyrX:-32|GyrY:-48|GyrZ:6|AccX:-76|AccY:-134|AccZ:1282|MagX:12000|MagY:10940|MagZ:4833|Lat:1000.00000|Long:1000.00000|Alt:1000000.00|Cour:1000.00|Speed:-1.00000|Sat:255|
SGCanScience>Time:1604284|Press:820|LM35:27|NTC:340|GyrX:-31|GyrY:-41|GyrZ:11|AccX:-83|AccY:-143|AccZ:1278|MagX:11992|MagY:10916|MagZ:4835|Lat:1000.00000|Long:1000.00000|Alt:1000000.00|Cour:1000.00|Speed:-1.00000|Sat:255|
SGCanScience>Time:1604472|Press:821|LM35:26|NTC:335|GyrX:-26|GyrY:-46|GyrZ:10|AccX:-87|AccY:-113|AccZ:1278|MagX:11978|MagY:10911|MagZ:4846|Lat:1000.00000|Long:1000.00000|Alt:1000000.00|Cour:1000.00|Speed:-1.00000|Sat:255|
SGCanScience>Time:1604659|Press:815|LM35:25|NTC:343|GyrX:-37|GyrY:-47|GyrZ:17|AccX:-63|AccY:-131|AccZ:1277|MagX:11992|MagY:10884|MagZ:5105|Lat:1000.00000|Long:1000.00000|Alt:1000000.00|Cour:1000.00|Speed:-1.00000|Sat:255|
SGCanScience>Time:1604845|Press:820|LM35:27|NTC:342|GyrX:-42|GyrY:-44|GyrZ:9|AccX:-97|AccY:-123|AccZ:1296|MagX:12006|MagY:10914|MagZ:4830|Lat:1000.00000|Long:1000.00000|Alt:1000000.00|Cour:1000.00|Speed:-1.00000|Sat:255|
SGCanScience>Time:1605031|Press:818|LM35:30|NTC:335|GyrX:-28|GyrY:-46|GyrZ:2|AccX:-68|AccY:-136|AccZ:1291|MagX:11969|MagY:10901|MagZ:4812|Lat:1000.00000|Long:1000.00000|Alt:1000000.00|Cour:1000.00|Speed:-1.00000|Sat:255|
SGCanScience>Time:1605218|Press:818|LM35:23|NTC:337|GyrX:-22|GyrY:-51|GyrZ:0|AccX:-95|AccY:-150|AccZ:1279|MagX:12005|MagY:10919|MagZ:4783|Lat:1000.00000|Long:1000.00000|Alt:1000000.00|Cour:1000.00|Speed:-1.00000|Sat:255|
SGCanScience>Time:1605404|Press:821|LM35:27|NTC:344|GyrX:-28|GyrY:-45|GyrZ:13|AccX:-86|AccY:-140|AccZ:1285|MagX:11983|MagY:10895|MagZ:4853|Lat:1000.00000|Long:1000.00000|Alt:1000000.00|Cour:1000.00|Speed:-1.00000|Sat:255|
SGCanScience>Time:1605591|Press:818|LM35:30|NTC:338|GyrX:-33|GyrY:-43|GyrZ:8|AccX:-89|AccY:-135|AccZ:1270|MagX:11970|MagY:10933|MagZ:4685|Lat:1000.00000|Long:1000.00000|Alt:1000000.00|Cour:1000.00|Speed:-1.00000|Sat:255|
SGCanScience>Time:1605777|Press:819|LM35:26|NTC:335|GyrX:-40|GyrY:-52|GyrZ:7|AccX:-90|AccY:-149|AccZ:1282|MagX:11955|MagY:10932|MagZ:4832|Lat:1000.00000|Long:1000.00000|Alt:1000000.00|Cour:1000.00|Speed:-1.00000|Sat:255|
SGCanScience>Time:1605963|Press:818|LM35:23|NTC:335|GyrX:-35|GyrY:-44|GyrZ:9|AccX:-67|AccY:-157|AccZ:1286|MagX:11982|MagY:10919|MagZ:4815|Lat:1000.00000|Long:1000.00000|Alt:1000000.00|Cour:1000.00|Speed:-1.00000|Sat:255|
SGCanScience>Time:1606150|Press:816|LM35:30|NTC:338|GyrX:-27|GyrY:-51|GyrZ:3|AccX:-91|AccY:-160|AccZ:1284|MagX:11972|MagY:10928|MagZ:4807|Lat:1000.00000|Long:1000.00000|Alt:1000000.00|Cour:1000.00|Speed:-1.00000|Sat:255|
SGCanScience>Time:1606336|Press:816|LM35:21|NTC:342|GyrX:-27|GyrY:-41|GyrZ:13|AccX:-103|AccY:-127|AccZ:1280|MagX:11977|MagY:10885|MagZ:4786|Lat:1000.00000|Long:1000.00000|Alt:1000000.00|Cour:1000.00|Speed:-1.00000|Sat:255|
SGCanScience>Time:1606522|Press:819|LM35:30|NTC:336|GyrX:-29|GyrY:-38|GyrZ:7|AccX:-70|AccY:-105|AccZ:1293|MagX:11992|MagY:10912|MagZ:4274|Lat:1000.00000|Long:1000.00000|Alt:1000000.00|Cour:1000.00|Speed:-1.00000|Sat:255|
SGCanScience>Time:1606709|Press:816|LM35:25|NTC:344|GyrX:-34|GyrY:-48|GyrZ:8|AccX:-103|AccY:-145|AccZ:1280|MagX:11932|MagY:10934|MagZ:4832|Lat:1000.00000|Long:1000.00000|Alt:1000000.00|Cour:1000.00|Speed:-1.00000|Sat:255|
SGCanScience>Time:1606897|Press:821|LM35:27|NTC:342|GyrX:-33|GyrY:-43|GyrZ:2|AccX:-84|AccY:-147|AccZ:1282|MagX:11985|MagY:10928|MagZ:4804|Lat:1000.00000|Long:1000.00000|Alt:1000000.00|Cour:1000.00|Speed:-1.00000|Sat:255|
SGCanScience>Time:1607084|Press:821|LM35:25|NTC:344|GyrX:-34|GyrY:-46|GyrZ:5|AccX:-82|AccY:-147|AccZ:1285|MagX:11987|MagY:10895|MagZ:4797|Lat:1000.00000|Long:1000.00000|Alt:1000000.00|Cour:1000.00|Speed:-1.00000|Sat:255|
SGCanScience>Time:1607270|Press:816|LM35:21|NTC:339|GyrX:-31|GyrY:-45|GyrZ:7|AccX:-86|AccY:-132|AccZ:1280|MagX:12020|MagY:10923|MagZ:4822|Lat:1000.00000|Long:1000.00000|Alt:1000000.00|Cour:1000.00|Speed:-1.00000|Sat:255|
SGCanScience>Time:1607454|Press:818|LM35:30|NTC:335|GyrX:-31|GyrY:-44|GyrZ:10|AccX:-75|AccY:-123|AccZ:1272|MagX:12013|MagY:10968|MagZ:4686|Lat:1000.00000|Long:1000.00000|Alt:1000000.00|Cour:1000.00|Speed:-1.00000|Sat:255|
SGCanScience>Time:1607643|Press:824|LM35:30|NTC:338|GyrX:-40|GyrY:-50|GyrZ:6|AccX:-94|AccY:-138|AccZ:1287|MagX:11989|MagY:10910|MagZ:4833|Lat:1000.00000|Long:1000.00000|Alt:1000000.00|Cour:1000.00|Speed:-1.00000|Sat:255|
SGCanScience>Time:1607829|Press:820|LM35:25|NTC:344|GyrX:-31|GyrY:-44|GyrZ:2|AccX:-83|AccY:-134|AccZ:1279|MagX:11959|MagY:10882|MagZ:4819|Lat:1000.00000|Long:1000.00000|Alt:1000000.00|Cour:1000.00|Speed:-1.00000|Sat:255|
SGCanScience>Time:1608015|Press:816|LM35:30|NTC:336|GyrX:-29|GyrY:-42|GyrZ:4|AccX:-81|AccY:-147|AccZ:1293|MagX:11953|MagY:10907|MagZ:4825|Lat:1000.00000|Long:1000.00000|Alt:1000000.00|Cour:1000.00|Speed:-1.00000|Sat:255|
SGCanScience>Time:1608202|Press:817|LM35:25|NTC:341|GyrX:-33|GyrY:-43|GyrZ:4|AccX:-102|AccY:-153|AccZ:1280|MagX:11950|MagY:10944|MagZ:4812|Lat:1000.00000|Long:1000.00000|Alt:1000000.00|Cour:1000.00|Speed:-1.00000|Sat:255|
SGCanScience>Time:1608388|Press:818|LM35:21|NTC:339|GyrX:-33|GyrY:-44|GyrZ:6|AccX:-84|AccY:-121|AccZ:1279|MagX:12000|MagY:10897|MagZ:4833|Lat:1000.00000|Long:1000.00000|Alt:1000000.00|Cour:1000.00|Speed:-1.00000|Sat:255|
SGCanScience>Time:1608574|Press:816|LM35:21|NTC:339|GyrX:-45|GyrY:-50|GyrZ:7|AccX:-89|AccY:-125|AccZ:1289|MagX:11983|MagY:10922|MagZ:4830|Lat:1000.00000|Long:1000.00000|Alt:1000000.00|Cour:1000.00|Speed:-1.00000|Sat:255|
SGCanScience>Time:1608761|Press:817|LM35:29|NTC:342|GyrX:-37|GyrY:-42|GyrZ:7|AccX:-92|AccY:-136|AccZ:1290|MagX:11982|MagY:10942|MagZ:4827|Lat:1000.00000|Long:1000.00000|Alt:1000000.00|Cour:1000.00|Speed:-1.00000|Sat:255|
SGCanScience>Time:1608947|Press:818|LM35:31|NTC:344|GyrX:-25|GyrY:-49|GyrZ:7|AccX:-92|AccY:-141|AccZ:1279|MagX:11960|MagY:10909|MagZ:4769|Lat:1000.00000|Long:1000.00000|Alt:1000000.00|Cour:1000.00|Speed:-1.00000|Sat:255|
SGCanScience>Time:1609134|Press:821|LM35:27|NTC:340|GyrX:-42|GyrY:-44|GyrZ:-3|AccX:-82|AccY:-131|AccZ:1276|MagX:11962|MagY:10956|MagZ:4821|Lat:1000.00000|Long:1000.00000|Alt:1000000.00|Cour:1000.00|Speed:-1.00000|Sat:255|
SGCanScience>Time:1609320|Press:821|LM35:30|NTC:337|GyrX:-33|GyrY:-48|GyrZ:7|AccX:-76|AccY:-123|AccZ:1289|MagX:11986|MagY:10932|MagZ:4831|Lat:1000.00000|Long:1000.00000|Alt:1000000.00|Cour:1000.00|Speed:-1.00000|Sat:255|
SGCanScience>Time:1609506|Press:816|LM35:27|NTC:340|GyrX:-31|GyrY:-51|GyrZ:11|AccX:-84|AccY:-129|AccZ:1286|MagX:11976|MagY:10926|MagZ:4845|Lat:1000.00000|Long:1000.00000|Alt:1000000.00|Cour:1000.00|Speed:-1.00000|Sat:255|
SGCanScience>Time:1609693|Press:824|LM35:26|NTC:335|GyrX:-37|GyrY:-47|GyrZ:12|AccX:-65|AccY:-142|AccZ:1290|MagX:11975|MagY:10941|MagZ:4819|Lat:1000.00000|Long:1000.00000|Alt:1000000.00|Cour:1000.00|Speed:-1.00000|Sat:255|
SGCanScience>Time:1609879|Press:818|LM35:21|NTC:339|GyrX:-34|GyrY:-42|GyrZ:7|AccX:-66|AccY:-134|AccZ:1277|MagX:11990|MagY:10953|MagZ:4863|Lat:1000.00000|Long:1000.00000|Alt:1000000.00|Cour:1000.00|Speed:-1.00000|Sat:255|
SGCanScience>Time:1610065|Press:816|LM35:29|NTC:342|GyrX:-35|GyrY:-45|GyrZ:12|AccX:-89|AccY:-137|AccZ:1283|MagX:12009|MagY:10927|MagZ:4870|Lat:1000.00000|Long:1000.00000|Alt:1000000.00|Cour:1000.00|Speed:-1.00000|Sat:255|
SGCanScience>Time:1610254|Press:816|LM35:29|NTC:339|GyrX:-29|GyrY:-45|GyrZ:10|AccX:-73|AccY:-131|AccZ:1279|MagX:11987|MagY:10942|MagZ:4836|Lat:1000.00000|Long:1000.00000|Alt:1000000.00|Cour:1000.00|Speed:-1.00000|Sat:255|
SGCanScience>Time:1610440|Press:824|LM35:26|NTC:335|GyrX:-30|GyrY:-46|GyrZ:5|AccX:-94|AccY:-144|AccZ:1287|MagX:11934|MagY:10962|MagZ:4797|Lat:1000.00000|Long:1000.00000|Alt:1000000.00|Cour:1000.00|Speed:-1.00000|Sat:255|
SGCanScience>Time:1610627|Press:824|LM35:30|NTC:336|GyrX:-23|GyrY:-51|GyrZ:10|AccX:-92|AccY:-142|AccZ:1282|MagX:11977|MagY:10945|MagZ:4832|Lat:1000.00000|Long:1000.00000|Alt:1000000.00|Cour:1000.00|Speed:-1.00000|Sat:255|
SGCanScience>Time:1610813|Press:817|LM35:27|NTC:342|GyrX:-30|GyrY:-41|GyrZ:3|AccX:-78|AccY:-131|AccZ:1282|MagX:11985|MagY:11004|MagZ:5167|Lat:1000.00000|Long:1000.00000|Alt:1000000.00|Cour:1000.00|Speed:-1.00000|Sat:255|
SGCanScience>Time:1610999|Press:816|LM35:25|NTC:342|GyrX:-26|GyrY:-44|GyrZ:9|AccX:-91|AccY:-129|AccZ:1291|MagX:11977|MagY:10920|MagZ:4819|Lat:1000.00000|Long:1000.00000|Alt:1000000.00|Cour:1000.00|Speed:-1.00000|Sat:255|
SGCanScience>Time:1611186|Press:820|LM35:27|NTC:340|GyrX:-31|GyrY:-43|GyrZ:6|AccX:-80|AccY:-136|AccZ:1286|MagX:11948|MagY:10941|MagZ:4861|Lat:1000.00000|Long:1000.00000|Alt:1000000.00|Cour:1000.00|Speed:-1.00000|Sat:255|
SGCanScience>Time:1611372|Press:820|LM35:27|NTC:342|GyrX:-29|GyrY:-45|GyrZ:7|AccX:-79|AccY:-137|AccZ:1289|MagX:12000|MagY:10939|MagZ:4797|Lat:1000.00000|Long:1000.00000|Alt:1000000.00|Cour:1000.00|Speed:-1.00000|Sat:255|
SGCanScience>Time:1611558|Press:818|LM35:23|NTC:339|GyrX:-28|GyrY:-44|GyrZ:13|AccX:-84|AccY:-139|AccZ:1287|MagX:11977|MagY:10907|MagZ:4815|Lat:1000.00000|Long:1000.00000|Alt:1000000.00|Cour:1000.00|Speed:-1.00000|Sat:255|
SGCanScience>Time:1611745|Press:816|LM35:23|NTC:337|GyrX:-26|GyrY:-49|GyrZ:11|AccX:-80|AccY:-132|AccZ:1291|MagX:11981|MagY:10916|MagZ:4637|Lat:1000.00000|Long:1000.00000|Alt:1000000.00|Cour:1000.00|Speed:-1.00000|Sat:255|
SGCanScience>Time:1611931|Press:816|LM35:25|NTC:344|GyrX:-28|GyrY:-49|GyrZ:6|AccX:-78|AccY:-141|AccZ:1289|MagX:11978|MagY:10883|MagZ:4827|Lat:1000.00000|Long:1000.00000|Alt:1000000.00|Cour:1000.00|Speed:-1.00000|Sat:255|
SGCanScience>Time:1612118|Press:816|LM35:29|NTC:342|GyrX:-36|GyrY:-41|GyrZ:8|AccX:-81|AccY:-140|AccZ:1277|MagX:11961|MagY:10924|MagZ:4806|Lat:1000.00000|Long:1000.00000|Alt:1000000.00|Cour:1000.00|Speed:-1.00000|Sat:255|
SGCanScience>Time:1612304|Press:816|LM35:22|NTC:335|GyrX:-33|GyrY:-45|GyrZ:8|AccX:-74|AccY:-122|AccZ:1290|MagX:11994|MagY:10949|MagZ:4764|Lat:1000.00000|Long:1000.00000|Alt:1000000.00|Cour:1000.00|Speed:-1.00000|Sat:255|
SGCanScience>Time:1612490|Press:817|LM35:25|NTC:343|GyrX:-35|GyrY:-43|GyrZ:10|AccX:-86|AccY:-141|AccZ:1282|MagX:11970|MagY:10920|MagZ:4824|Lat:1000.00000|Long:1000.00000|Alt:1000000.00|Cour:1000.00|Speed:-1.00000|Sat:255|
SGCanScience>Time:1612677|Press:821|LM35:27|NTC:342|GyrX:-29|GyrY:-40|GyrZ:8|AccX:-81|AccY:-130|AccZ:1286|MagX:12018|MagY:10907|MagZ:4810|Lat:1000.00000|Long:1000.00000|Alt:1000000.00|Cour:1000.00|Speed:-1.00000|Sat:255|
SGCanScience>Time:1612863|Press:821|LM35:25|NTC:342|GyrX:-32|GyrY:-47|GyrZ:8|AccX:-70|AccY:-131|AccZ:1279|MagX:11972|MagY:10918|MagZ:4839|Lat:1000.00000|Long:1000.00000|Alt:1000000.00|Cour:1000.00|Speed:-1.00000|Sat:255|
SGCanScience>Time:1613049|Press:816|LM35:21|NTC:339|GyrX:-32|GyrY:-45|GyrZ:8|AccX:-75|AccY:-133|AccZ:1275|MagX:11955|MagY:10898|MagZ:4829|Lat:1000.00000|Long:1000.00000|Alt:1000000.00|Cour:1000.00|Speed:-1.00000|Sat:255|
SGCanScience>Time:1613236|Press:816|LM35:30|NTC:337|GyrX:-33|GyrY:-43|GyrZ:0|AccX:-56|AccY:-142|AccZ:1293|MagX:11975|MagY:10960|MagZ:4808|Lat:1000.00000|Long:1000.00000|Alt:1000000.00|Cour:1000.00|Speed:-1.00000|Sat:255|
SGCanScience>Time:1613422|Press:816|LM35:25|NTC:344|GyrX:-32|GyrY:-48|GyrZ:6|AccX:-71|AccY:-141|AccZ:1272|MagX:12001|MagY:10914|MagZ:4814|Lat:1000.00000|Long:1000.00000|Alt:1000000.00|Cour:1000.00|Speed:-1.00000|Sat:255|
SGCanScience>Time:1613608|Press:824|LM35:26|NTC:335|GyrX:-42|GyrY:-42|GyrZ:11|AccX:-86|AccY:-138|AccZ:1277|MagX:12001|MagY:10943|MagZ:4836|Lat:1000.00000|Long:1000.00000|Alt:1000000.00|Cour:1000.00|Speed:-1.00000|Sat:255|
SGCanScience>Time:1613795|Press:816|LM35:30|NTC:335|GyrX:-36|GyrY:-46|GyrZ:9|AccX:-95|AccY:-136|AccZ:1290|MagX:11951|MagY:10935|MagZ:4821|Lat:1000.00000|Long:1000.00000|Alt:1000000.00|Cour:1000.00|Speed:-1.00000|Sat:255|
SGCanScience>Time:1613981|Press:816|LM35:30|NTC:338|GyrX:-33|GyrY:-47|GyrZ:12|AccX:-73|AccY:-139|AccZ:1276|MagX:11990|MagY:10908|MagZ:4809|Lat:1000.00000|Long:1000.00000|Alt:1000000.00|Cour:1000.00|Speed:-1.00000|Sat:255|
SGCanScience>Time:1614170|Press:816|LM35:25|NTC:344|GyrX:-37|GyrY:-42|GyrZ:13|AccX:-95|AccY:-140|AccZ:1269|MagX:11987|MagY:10958|MagZ:4840|Lat:1000.00000|Long:1000.00000|Alt:1000000.00|Cour:1000.00|Speed:-1.00000|Sat:255|
SGCanScience>Time:1614356|Press:816|LM35:21|NTC:337|GyrX:-40|GyrY:-46|GyrZ:11|AccX:-82|AccY:-137|AccZ:1299|MagX:11988|MagY:10928|MagZ:4828|Lat:1000.00000|Long:1000.00000|Alt:1000000.00|Cour:1000.00|Speed:-1.00000|Sat:255|
SGCanScience>Time:1614542|Press:817|LM35:26|NTC:340|GyrX:-56|GyrY:-46|GyrZ:458|AccX:-624|AccY:-917|AccZ:11764|MagX:12180|MagY:11163|MagZ:4647|Lat:1000.00000|Long:1000.00000|Alt:1000000.00|Cour:1000.00|Speed:-1.00000|Sat:255|
SGCanScience>Time:1614731|Press:822|LM35:31|NTC:341|GyrX:-19|GyrY:-306|GyrZ:794|AccX:-391|AccY:-886|AccZ:12801|MagX:12487|MagY:11304|MagZ:4603|Lat:1000.00000|Long:1000.00000|Alt:1000000.00|Cour:1000.00|Speed:-1.00000|Sat:255|
SGCanScience>Time:1614919|Press:814|LM35:30|NTC:335|GyrX:367|GyrY:-657|GyrZ:-208|AccX:-482|AccY:-865|AccZ:12408|MagX:11759|MagY:10895|MagZ:4673|Lat:1000.00000|Long:1000.00000|Alt:1000000.00|Cour:1000.00|Speed:-1.00000|Sat:255|
SGCanScience>Time:1615110|Press:821|LM35:27|NTC:342|GyrX:-133|GyrY:240|GyrZ:-1088|AccX:-469|AccY:-1040|AccZ:12760|MagX:11242|MagY:10452|MagZ:4684|Lat:1000.00000|Long:1000.00000|Alt:1000000.00|Cour:1000.00|Speed:-1.00000|Sat:255|
SGCanScience>Time:1615300|Press:820|LM35:27|NTC:344|GyrX:147|GyrY:-64|GyrZ:-987|AccX:-287|AccY:-786|AccZ:12745|MagX:11225|MagY:10364|MagZ:4727|Lat:1000.00000|Long:1000.00000|Alt:1000000.00|Cour:1000.00|Speed:-1.00000|Sat:255|
SGCanScience>Time:1615489|Press:811|LM35:27|NTC:344|GyrX:-272|GyrY:169|GyrZ:-1379|AccX:-377|AccY:-901|AccZ:12228|MagX:10953|MagY:9761|MagZ:4770|Lat:1000.00000|Long:1000.00000|Alt:1000000.00|Cour:1000.00|Speed:-1.00000|Sat:255|
SGCanScience>Time:1615677|Press:811|LM35:31|NTC:344|GyrX:402|GyrY:125|GyrZ:-1628|AccX:-412|AccY:-723|AccZ:12172|MagX:10984|MagY:9282|MagZ:4825|Lat:1000.00000|Long:1000.00000|Alt:1000000.00|Cour:1000.00|Speed:-1.00000|Sat:255|
SGCanScience>Time:1615867|Press:809|LM35:29|NTC:340|GyrX:-90|GyrY:180|GyrZ:-1576|AccX:-176|AccY:-840|AccZ:11653|MagX:11486|MagY:8749|MagZ:4908|Lat:1000.00000|Long:1000.00000|Alt:1000000.00|Cour:1000.00|Speed:-1.00000|Sat:255|
SGCanScience>Time:1616056|Press:814|LM35:32|NTC:336|GyrX:212|GyrY:212|GyrZ:-2054|AccX:-344|AccY:-761|AccZ:11187|MagX:11758|MagY:8303|MagZ:4856|Lat:1000.00000|Long:1000.00000|Alt:1000000.00|Cour:1000.00|Speed:-1.00000|Sat:255|
SGCanScience>Time:1616244|Press:806|LM35:22|NTC:342|GyrX:-35|GyrY:335|GyrZ:-2264|AccX:-365|AccY:-673|AccZ:10469|MagX:12291|MagY:8197|MagZ:4886|Lat:1000.00000|Long:1000.00000|Alt:1000000.00|Cour:1000.00|Speed:-1.00000|Sat:255|
SGCanScience>Time:1616433|Press:807|LM35:26|NTC:338|GyrX:140|GyrY:210|GyrZ:-2364|AccX:-264|AccY:-543|AccZ:9284|MagX:13106|MagY:8368|MagZ:4853|Lat:1000.00000|Long:1000.00000|Alt:1000000.00|Cour:1000.00|Speed:-1.00000|Sat:255|
SGCanScience>Time:1616621|Press:802|LM35:25|NTC:342|GyrX:7|GyrY:346|GyrZ:-2489|AccX:42|AccY:-55|AccZ:1999|MagX:13889|MagY:8816|MagZ:4791|Lat:1000.00000|Long:1000.00000|Alt:1000000.00|Cour:1000.00|Speed:-1.00000|Sat:255|
SGCanScience>Time:1616807|Press:803|LM35:22|NTC:337|GyrX:-300|GyrY:340|GyrZ:-2394|AccX:-121|AccY:302|AccZ:-883|MagX:14172|MagY:9443|MagZ:4726|Lat:1000.00000|Long:1000.00000|Alt:1000000.00|Cour:1000.00|Speed:-1.00000|Sat:255|
SGCanScience>Time:1616996|Press:795|LM35:30|NTC:336|GyrX:74|GyrY:165|GyrZ:-2241|AccX:9|AccY:397|AccZ:-2080|MagX:14031|MagY:10137|MagZ:4763|Lat:1000.00000|Long:1000.00000|Alt:1000000.00|Cour:1000.00|Speed:-1.00000|Sat:255|
SGCanScience>Time:1617747|Press:787|LM35:29|NTC:342|GyrX:-366|GyrY:59|GyrZ:-1899|AccX:111|AccY:50|AccZ:-1559|MagX:11604|MagY:10456|MagZ:4750|Lat:1000.00000|Long:1000.00000|Alt:1000000.00|Cour:1000.00|Speed:-1.00000|Sat:255|
SGCanScience>Time:1617934|Press:786|LM35:26|NTC:334|GyrX:70|GyrY:159|GyrZ:-2025|AccX:-115|AccY:140|AccZ:-1407|MagX:11213|MagY:9930|MagZ:4484|Lat:1000.00000|Long:1000.00000|Alt:1000000.00|Cour:1000.00|Speed:-1.00000|Sat:255|
SGCanScience>Time:1618122|Press:783|LM35:29|NTC:343|GyrX:-130|GyrY:-305|GyrZ:-1782|AccX:198|AccY:232|AccZ:-1281|MagX:11130|MagY:9302|MagZ:4761|Lat:1000.00000|Long:1000.00000|Alt:1000000.00|Cour:1000.00|Speed:-1.00000|Sat:255|
SGCanScience>Time:1618311|Press:779|LM35:30|NTC:338|GyrX:253|GyrY:84|GyrZ:-1836|AccX:-84|AccY:79|AccZ:-1112|MagX:10930|MagY:8578|MagZ:4768|Lat:1000.00000|Long:1000.00000|Alt:1000000.00|Cour:1000.00|Speed:-1.00000|Sat:255|
SGCanScience>Time:1618497|Press:784|LM35:29|NTC:341|GyrX:174|GyrY:141|GyrZ:-1964|AccX:-55|AccY:251|AccZ:-1233|MagX:11396|MagY:8031|MagZ:4709|Lat:1000.00000|Long:1000.00000|Alt:1000000.00|Cour:1000.00|Speed:-1.00000|Sat:255|
SGCanScience>Time:1619435|Press:770|LM35:26|NTC:336|GyrX:-60|GyrY:230|GyrZ:-1588|AccX:99|AccY:159|AccZ:-913|MagX:14503|MagY:9011|MagZ:4694|Lat:1000.00000|Long:1000.00000|Alt:1000000.00|Cour:1000.00|Speed:-1.00000|Sat:255|
SGCanScience>Time:1619621|Press:765|LM35:32|NTC:342|GyrX:-27|GyrY:30|GyrZ:-1454|AccX:25|AccY:148|AccZ:-903|MagX:14648|MagY:9544|MagZ:4616|Lat:1000.00000|Long:1000.00000|Alt:1000000.00|Cour:1000.00|Speed:-1.00000|Sat:255|
SGCanScience>Time:1619808|Press:766|LM35:29|NTC:341|GyrX:-6|GyrY:69|GyrZ:-1435|AccX:64|AccY:168|AccZ:-867|MagX:14734|MagY:10149|MagZ:4619|Lat:1000.00000|Long:1000.00000|Alt:1000000.00|Cour:1000.00|Speed:-1.00000|Sat:255|
SGCanScience>Time:1619994|Press:759|LM35:29|NTC:343|GyrX:-170|GyrY:91|GyrZ:-1414|AccX:33|AccY:120|AccZ:-819|MagX:14500|MagY:10740|MagZ:4651|Lat:1000.00000|Long:1000.00000|Alt:1000000.00|Cour:1000.00|Speed:-1.00000|Sat:255|
SGCanScience>Time:1621676|Press:749|LM35:30|NTC:335|GyrX:-9|GyrY:48|GyrZ:-1185|AccX:34|AccY:138|AccZ:-517|MagX:10374|MagY:8974|MagZ:4592|Lat:1000.00000|Long:1000.00000|Alt:1000000.00|Cour:1000.00|Speed:-1.00000|Sat:255|
SGCanScience>Time:1621860|Press:740|LM35:24|NTC:337|GyrX:51|GyrY:0|GyrZ:-1132|AccX:46|AccY:62|AccZ:-484|MagX:10381|MagY:8302|MagZ:4609|Lat:1000.00000|Long:1000.00000|Alt:1000000.00|Cour:1000.00|Speed:-1.00000|Sat:255|
SGCanScience>Time:1625024|Press:720|LM35:29|NTC:342|GyrX:-161|GyrY:146|GyrZ:-741|AccX:-15|AccY:69|AccZ:-198|MagX:14744|MagY:12156|MagZ:4017|Lat:1000.00000|Long:1000.00000|Alt:1000000.00|Cour:1000.00|Speed:-1.00000|Sat:255|
SGCanScience>Time:1625399|Press:717|LM35:25|NTC:341|GyrX:-83|GyrY:-135|GyrZ:-467|AccX:20|AccY:83|AccZ:-174|MagX:13944|MagY:12716|MagZ:3906|Lat:1000.00000|Long:1000.00000|Alt:1000000.00|Cour:1000.00|Speed:-1.00000|Sat:255|
SGCanScience>Time:1625585|Press:723|LM35:26|NTC:335|GyrX:-123|GyrY:-76|GyrZ:-472|AccX:-40|AccY:74|AccZ:-167|MagX:13424|MagY:12832|MagZ:3963|Lat:1000.00000|Long:1000.00000|Alt:1000000.00|Cour:1000.00|Speed:-1.00000|Sat:255|
SGCanScience>Time:1625960|Press:723|LM35:26|NTC:335|GyrX:-136|GyrY:-68|GyrZ:-510|AccX:22|AccY:78|AccZ:-164|MagX:12652|MagY:13047|MagZ:3688|Lat:1000.00000|Long:1000.00000|Alt:1000000.00|Cour:1000.00|Speed:-1.00000|Sat:255|
SGCanScience>Time:1631002|Press:724|LM35:33|NTC:335|GyrX:10128|GyrY:2172|GyrZ:5874|AccX:-627|AccY:1619|AccZ:10150|MagX:8479|MagY:10827|MagZ:3638|Lat:1000.00000|Long:1000.00000|Alt:1000000.00|Cour:1000.00|Speed:-1.00000|Sat:255|
SGCanScience>Time:1631191|Press:722|LM35:23|NTC:338|GyrX:15738|GyrY:-21003|GyrZ:14962|AccX:3298|AccY:-4259|AccZ:-731|MagX:7309|MagY:7888|MagZ:4198|Lat:1000.00000|Long:1000.00000|Alt:1000000.00|Cour:1000.00|Speed:-1.00000|Sat:255|
SGCanScience>Time:1631383|Press:725|LM35:21|NTC:333|GyrX:-11705|GyrY:-9864|GyrZ:19737|AccX:-673|AccY:-3127|AccZ:2242|MagX:16728|MagY:9608|MagZ:1847|Lat:1000.00000|Long:1000.00000|Alt:1000000.00|Cour:1000.00|Speed:-1.00000|Sat:255|
SGCanScience>Time:1631574|Press:724|LM35:27|NTC:339|GyrX:-9677|GyrY:5672|GyrZ:17489|AccX:-2062|AccY:527|AccZ:2181|MagX:17213|MagY:7467|MagZ:32|Lat:1000.00000|Long:1000.00000|Alt:1000000.00|Cour:1000.00|Speed:-1.00000|Sat:255|
SGCanScience>Time:1631762|Press:719|LM35:28|NTC:329|GyrX:7764|GyrY:2569|GyrZ:18744|AccX:161|AccY:-494|AccZ:2051|MagX:7515|MagY:9326|MagZ:4128|Lat:1000.00000|Long:1000.00000|Alt:1000000.00|Cour:1000.00|Speed:-1.00000|Sat:255|
SGCanScience>Time:1631950|Press:720|LM35:25|NTC:336|GyrX:41|GyrY:-3588|GyrZ:17491|AccX:-445|AccY:152|AccZ:1956|MagX:11517|MagY:12425|MagZ:3522|Lat:1000.00000|Long:1000.00000|Alt:1000000.00|Cour:1000.00|Speed:-1.00000|Sat:255|
SGCanScience>Time:1632141|Press:725|LM35:28|NTC:329|GyrX:-4566|GyrY:4651|GyrZ:15074|AccX:-1071|AccY:412|AccZ:1567|MagX:13907|MagY:3422|MagZ:237|Lat:1000.00000|Long:1000.00000|Alt:1000000.00|Cour:1000.00|Speed:-1.00000|Sat:255|
SGCanScience>Time:1632329|Press:720|LM35:27|NTC:332|GyrX:3100|GyrY:1302|GyrZ:13945|AccX:30|AccY:-167|AccZ:1915|MagX:7260|MagY:8999|MagZ:4028|Lat:1000.00000|Long:1000.00000|Alt:1000000.00|Cour:1000.00|Speed:-1.00000|Sat:255|
SGCanScience>Time:1632706|Press:723|LM35:30|NTC:332|GyrX:-5581|GyrY:-5412|GyrZ:8697|AccX:-778|AccY:-699|AccZ:1188|MagX:15256|MagY:13405|MagZ:1184|Lat:1000.00000|Long:1000.00000|Alt:1000000.00|Cour:1000.00|Speed:-1.00000|Sat:255|
SGCanScience>Time:1632897|Press:720|LM35:27|NTC:326|GyrX:-4234|GyrY:-5969|GyrZ:4379|AccX:-542|AccY:-561|AccZ:1173|MagX:15849|MagY:10915|MagZ:2602|Lat:1000.00000|Long:1000.00000|Alt:1000000.00|Cour:1000.00|Speed:-1.00000|Sat:255|
SGCanScience>Time:1633275|Press:721|LM35:30|NTC:323|GyrX:5563|GyrY:681|GyrZ:-136|AccX:621|AccY:217|AccZ:1533|MagX:4457|MagY:5927|MagZ:1534|Lat:1000.00000|Long:1000.00000|Alt:1000000.00|Cour:1000.00|Speed:-1.00000|Sat:255|
SGCanScience>Time:1633837|Press:728|LM35:25|NTC:328|GyrX:-5225|GyrY:-1894|GyrZ:404|AccX:-713|AccY:54|AccZ:1170|MagX:14955|MagY:12076|MagZ:2813|Lat:1000.00000|Long:1000.00000|Alt:1000000.00|Cour:1000.00|Speed:-1.00000|Sat:255|
SGCanScience>Time:1634215|Press:729|LM35:25|NTC:327|GyrX:6529|GyrY:5501|GyrZ:-2142|AccX:245|AccY:419|AccZ:1143|MagX:7373|MagY:4910|MagZ:3448|Lat:1000.00000|Long:1000.00000|Alt:1000000.00|Cour:1000.00|Speed:-1.00000|Sat:255|
SGCanScience>Time:1634404|Press:722|LM35:30|NTC:322|GyrX:-3279|GyrY:3061|GyrZ:1162|AccX:-614|AccY:312|AccZ:1258|MagX:14189|MagY:5012|MagZ:2420|Lat:1000.00000|Long:1000.00000|Alt:1000000.00|Cour:1000.00|Speed:-1.00000|Sat:255|
SGCanScience>Time:1634592|Press:722|LM35:25|NTC:326|GyrX:-7038|GyrY:760|GyrZ:2586|AccX:-1414|AccY:380|AccZ:1031|MagX:16706|MagY:8044|MagZ:1563|Lat:1000.00000|Long:1000.00000|Alt:1000000.00|Cour:1000.00|Speed:-1.00000|Sat:255|
SGCanScience>Time:1634781|Press:730|LM35:26|NTC:317|GyrX:-5822|GyrY:-7597|GyrZ:3174|AccX:-924|AccY:-534|AccZ:875|MagX:14204|MagY:12519|MagZ:2952|Lat:1000.00000|Long:1000.00000|Alt:1000000.00|Cour:1000.00|Speed:-1.00000|Sat:255|
SGCanScience>Time:1634971|Press:723|LM35:26|NTC:317|GyrX:1700|GyrY:-8153|GyrZ:3371|AccX:127|AccY:-409|AccZ:876|MagX:9482|MagY:13242|MagZ:2372|Lat:1000.00000|Long:1000.00000|Alt:1000000.00|Cour:1000.00|Speed:-1.00000|Sat:255|
SGCanScience>Time:1635160|Press:721|LM35:21|NTC:324|GyrX:3794|GyrY:-5150|GyrZ:5013|AccX:324|AccY:-417|AccZ:1177|MagX:7972|MagY:12178|MagZ:2729|Lat:1000.00000|Long:1000.00000|Alt:1000000.00|Cour:1000.00|Speed:-1.00000|Sat:255|
SGCanScience>Time:1635348|Press:725|LM35:27|NTC:317|GyrX:10397|GyrY:-4138|GyrZ:6520|AccX:735|AccY:-231|AccZ:772|MagX:5485|MagY:8292|MagZ:2929|Lat:1000.00000|Long:1000.00000|Alt:1000000.00|Cour:1000.00|Speed:-1.00000|Sat:255|
SGCanScience>Time:1635536|Press:730|LM35:30|NTC:315|GyrX:9076|GyrY:-4671|GyrZ:9791|AccX:647|AccY:-528|AccZ:865|MagX:6660|MagY:11827|MagZ:1918|Lat:1000.00000|Long:1000.00000|Alt:1000000.00|Cour:1000.00|Speed:-1.00000|Sat:255|
SGCanScience>Time:1635915|Press:722|LM35:21|NTC:322|GyrX:-8389|GyrY:-6397|GyrZ:10776|AccX:-980|AccY:-486|AccZ:400|MagX:15569|MagY:12718|MagZ:1765|Lat:1000.00000|Long:1000.00000|Alt:1000000.00|Cour:1000.00|Speed:-1.00000|Sat:255|
SGCanScience>Time:1636106|Press:731|LM35:26|NTC:313|GyrX:-9047|GyrY:909|GyrZ:10321|AccX:-944|AccY:334|AccZ:928|MagX:15879|MagY:7667|MagZ:2524|Lat:1000.00000|Long:1000.00000|Alt:1000000.00|Cour:1000.00|Speed:-1.00000|Sat:255|
SGCanScience>Time:1636294|Press:725|LM35:21|NTC:320|GyrX:-4538|GyrY:2781|GyrZ:10922|AccX:-704|AccY:244|AccZ:1173|MagX:13584|MagY:5697|MagZ:3346|Lat:1000.00000|Long:1000.00000|Alt:1000000.00|Cour:1000.00|Speed:-1.00000|Sat:255|
SGCanScience>Time:1636485|Press:724|LM35:28|NTC:318|GyrX:1903|GyrY:7005|GyrZ:11366|AccX:314|AccY:1029|AccZ:1044|MagX:8909|MagY:2534|MagZ:1530|Lat:1000.00000|Long:1000.00000|Alt:1000000.00|Cour:1000.00|Speed:-1.00000|Sat:255|
SGCanScience>Time:1636673|Press:726|LM35:30|NTC:314|GyrX:5841|GyrY:726|GyrZ:12281|AccX:572|AccY:-244|AccZ:1280|MagX:5939|MagY:9560|MagZ:2955|Lat:1000.00000|Long:1000.00000|Alt:1000000.00|Cour:1000.00|Speed:-1.00000|Sat:255|
SGCanScience>Time:1636859|Press:730|LM35:30|NTC:312|GyrX:2051|GyrY:-4985|GyrZ:10956|AccX:-637|AccY:-139|AccZ:1465|MagX:10421|MagY:11463|MagZ:4592|Lat:1000.00000|Long:1000.00000|Alt:1000000.00|Cour:1000.00|Speed:-1.00000|Sat:255|
SGCanScience>Time:1637050|Press:733|LM35:28|NTC:313|GyrX:-1253|GyrY:-9108|GyrZ:6561|AccX:134|AccY:-533|AccZ:924|MagX:11887|MagY:14264|MagZ:1523|Lat:1000.00000|Long:1000.00000|Alt:1000000.00|Cour:1000.00|Speed:-1.00000|Sat:255|
SGCanScience>Time:1637240|Press:729|LM35:24|NTC:313|GyrX:-672|GyrY:-6894|GyrZ:3516|AccX:388|AccY:14|AccZ:1188|MagX:12536|MagY:12874|MagZ:3194|Lat:1000.00000|Long:1000.00000|Alt:1000000.00|Cour:1000.00|Speed:-1.00000|Sat:255|
SGCanScience>Time:1637429|Press:726|LM35:29|NTC:316|GyrX:-35|GyrY:-789|GyrZ:1906|AccX:870|AccY:-216|AccZ:1460|MagX:11412|MagY:12184|MagZ:3806|Lat:1000.00000|Long:1000.00000|Alt:1000000.00|Cour:1000.00|Speed:-1.00000|Sat:255|
SGCanScience>Time:1637617|Press:731|LM35:26|NTC:310|GyrX:2020|GyrY:2088|GyrZ:132|AccX:-359|AccY:-592|AccZ:1450|MagX:15771|MagY:9548|MagZ:3584|Lat:1000.00000|Long:1000.00000|Alt:1000000.00|Cour:1000.00|Speed:-1.00000|Sat:255|
SGCanScience>Time:1638182|Press:734|LM35:26|NTC:307|GyrX:1647|GyrY:-604|GyrZ:-3902|AccX:88|AccY:190|AccZ:1670|MagX:14626|MagY:9098|MagZ:4217|Lat:1000.00000|Long:1000.00000|Alt:1000000.00|Cour:1000.00|Speed:-1.00000|Sat:255|
SGCanScience>Time:1638371|Press:729|LM35:21|NTC:313|GyrX:1759|GyrY:-41|GyrZ:-4730|AccX:-186|AccY:-40|AccZ:1459|MagX:13979|MagY:10800|MagZ:3891|Lat:1000.00000|Long:1000.00000|Alt:1000000.00|Cour:1000.00|Speed:-1.00000|Sat:255|
SGCanScience>Time:1638559|Press:728|LM35:24|NTC:309|GyrX:682|GyrY:3358|GyrZ:-4560|AccX:-174|AccY:143|AccZ:1572|MagX:12943|MagY:11237|MagZ:4123|Lat:1000.00000|Long:1000.00000|Alt:1000000.00|Cour:1000.00|Speed:-1.00000|Sat:255|
SGCanScience>Time:1638748|Press:733|LM35:27|NTC:308|GyrX:-107|GyrY:3482|GyrZ:-3794|AccX:141|AccY:-135|AccZ:1412|MagX:11525|MagY:12119|MagZ:3862|Lat:1000.00000|Long:1000.00000|Alt:1000000.00|Cour:1000.00|Speed:-1.00000|Sat:255|
SGCanScience>Time:1638938|Press:728|LM35:25|NTC:314|GyrX:-2579|GyrY:3340|GyrZ:-2089|AccX:345|AccY:-348|AccZ:1588|MagX:11843|MagY:13023|MagZ:3434|Lat:1000.00000|Long:1000.00000|Alt:1000000.00|Cour:1000.00|Speed:-1.00000|Sat:255|
SGCanScience>Time:1639127|Press:734|LM35:26|NTC:306|GyrX:-612|GyrY:4731|GyrZ:-1561|AccX:488|AccY:-312|AccZ:1566|MagX:12988|MagY:13837|MagZ:2026|Lat:1000.00000|Long:1000.00000|Alt:1000000.00|Cour:1000.00|Speed:-1.00000|Sat:255|
SGCanScience>Time:1639317|Press:727|LM35:21|NTC:311|GyrX:2935|GyrY:4116|GyrZ:-2867|AccX:-66|AccY:-399|AccZ:1512|MagX:13710|MagY:13931|MagZ:1545|Lat:1000.00000|Long:1000.00000|Alt:1000000.00|Cour:1000.00|Speed:-1.00000|Sat:255|
SGCanScience>Time:1639505|Press:737|LM35:26|NTC:303|GyrX:3150|GyrY:2993|GyrZ:-4279|AccX:250|AccY:-254|AccZ:1506|MagX:11869|MagY:13021|MagZ:3075|Lat:1000.00000|Long:1000.00000|Alt:1000000.00|Cour:1000.00|Speed:-1.00000|Sat:255|
SGCanScience>Time:1639696|Press:733|LM35:27|NTC:308|GyrX:541|GyrY:3199|GyrZ:-4560|AccX:243|AccY:149|AccZ:1667|MagX:10775|MagY:11521|MagZ:4166|Lat:1000.00000|Long:1000.00000|Alt:1000000.00|Cour:1000.00|Speed:-1.00000|Sat:255|
SGCanScience>Time:1639884|Press:736|LM35:24|NTC:309|GyrX:-743|GyrY:3129|GyrZ:-3747|AccX:126|AccY:166|AccZ:1596|MagX:11636|MagY:11306|MagZ:4238|Lat:1000.00000|Long:1000.00000|Alt:1000000.00|Cour:1000.00|Speed:-1.00000|Sat:255|
SGCanScience>Time:1640073|Press:728|LM35:28|NTC:306|GyrX:-724|GyrY:2200|GyrZ:-3423|AccX:-89|AccY:-130|AccZ:1663|MagX:12769|MagY:12825|MagZ:3221|Lat:1000.00000|Long:1000.00000|Alt:1000000.00|Cour:1000.00|Speed:-1.00000|Sat:255|
SGCanScience>Time:1640263|Press:738|LM35:26|NTC:303|GyrX:-488|GyrY:2355|GyrZ:-2539|AccX:273|AccY:-46|AccZ:1713|MagX:11737|MagY:13396|MagZ:2728|Lat:1000.00000|Long:1000.00000|Alt:1000000.00|Cour:1000.00|Speed:-1.00000|Sat:255|
SGCanScience>Time:1640452|Press:737|LM35:26|NTC:303|GyrX:958|GyrY:3903|GyrZ:-2044|AccX:62|AccY:-229|AccZ:1501|MagX:12355|MagY:13992|MagZ:2375|Lat:1000.00000|Long:1000.00000|Alt:1000000.00|Cour:1000.00|Speed:-1.00000|Sat:255|
SGCanScience>Time:1640640|Press:738|LM35:26|NTC:310|GyrX:921|GyrY:2604|GyrZ:-2566|AccX:-79|AccY:-187|AccZ:1580|MagX:12354|MagY:13697|MagZ:2326|Lat:1000.00000|Long:1000.00000|Alt:1000000.00|Cour:1000.00|Speed:-1.00000|Sat:255|
SGCanScience>Time:1640828|Press:737|LM35:22|NTC:303|GyrX:146|GyrY:2305|GyrZ:-3100|AccX:9|AccY:13|AccZ:1700|MagX:11968|MagY:12596|MagZ:3474|Lat:1000.00000|Long:1000.00000|Alt:1000000.00|Cour:1000.00|Speed:-1.00000|Sat:255|
SGCanScience>Time:1641015|Press:732|LM35:21|NTC:310|GyrX:1381|GyrY:2010|GyrZ:-3833|AccX:-284|AccY:-32|AccZ:1458|MagX:12614|MagY:11919|MagZ:3645|Lat:1000.00000|Long:1000.00000|Alt:1000000.00|Cour:1000.00|Speed:-1.00000|Sat:255|
SGCanScience>Time:1641205|Press:738|LM35:26|NTC:301|GyrX:322|GyrY:2679|GyrZ:-3988|AccX:-185|AccY:-206|AccZ:1457|MagX:12509|MagY:12134|MagZ:3756|Lat:1000.00000|Long:1000.00000|Alt:1000000.00|Cour:1000.00|Speed:-1.00000|Sat:255|
SGCanScience>Time:1641394|Press:736|LM35:21|NTC:308|GyrX:-392|GyrY:2274|GyrZ:-3125|AccX:-5|AccY:-336|AccZ:1571|MagX:11444|MagY:12904|MagZ:3203|Lat:1000.00000|Long:1000.00000|Alt:1000000.00|Cour:1000.00|Speed:-1.00000|Sat:255|
SGCanScience>Time:1641582|Press:738|LM35:26|NTC:302|GyrX:487|GyrY:2456|GyrZ:-1666|AccX:-59|AccY:-254|AccZ:1684|MagX:11251|MagY:13040|MagZ:3064|Lat:1000.00000|Long:1000.00000|Alt:1000000.00|Cour:1000.00|Speed:-1.00000|Sat:255|
SGCanScience>Time:1641773|Press:737|LM35:27|NTC:304|GyrX:1320|GyrY:4752|GyrZ:-595|AccX:-268|AccY:296|AccZ:1820|MagX:13240|MagY:12897|MagZ:3316|Lat:1000.00000|Long:1000.00000|Alt:1000000.00|Cour:1000.00|Speed:-1.00000|Sat:255|
SGCanScience>Time:1641961|Press:732|LM35:23|NTC:307|GyrX:3801|GyrY:3225|GyrZ:-1542|AccX:-443|AccY:-260|AccZ:1409|MagX:15442|MagY:13089|MagZ:1526|Lat:1000.00000|Long:1000.00000|Alt:1000000.00|Cour:1000.00|Speed:-1.00000|Sat:255|
SGCanScience>Time:1642340|Press:737|LM35:24|NTC:308|GyrX:1710|GyrY:2763|GyrZ:-4749|AccX:-332|AccY:27|AccZ:1722|MagX:14255|MagY:11515|MagZ:3525|Lat:1000.00000|Long:1000.00000|Alt:1000000.00|Cour:1000.00|Speed:-1.00000|Sat:255|
SGCanScience>Time:1642528|Press:739|LM35:26|NTC:301|GyrX:478|GyrY:2861|GyrZ:-5272|AccX:-188|AccY:-365|AccZ:1951|MagX:13208|MagY:12502|MagZ:3607|Lat:1000.00000|Long:1000.00000|Alt:1000000.00|Cour:1000.00|Speed:-1.00000|Sat:255|
SGCanScience>Time:1643096|Press:735|LM35:26|NTC:303|GyrX:-875|GyrY:2307|GyrZ:-1827|AccX:-593|AccY:66|AccZ:1606|MagX:9745|MagY:12616|MagZ:3234|Lat:1000.00000|Long:1000.00000|Alt:1000000.00|Cour:1000.00|Speed:-1.00000|Sat:255|
SGCanScience>Time:1643284|Press:741|LM35:26|NTC:301|GyrX:-1574|GyrY:3392|GyrZ:-1245|AccX:-444|AccY:-365|AccZ:1570|MagX:10817|MagY:13386|MagZ:2727|Lat:1000.00000|Long:1000.00000|Alt:1000000.00|Cour:1000.00|Speed:-1.00000|Sat:255|
SGCanScience>Time:1643474|Press:741|LM35:26|NTC:301|GyrX:1862|GyrY:6848|GyrZ:-4018|AccX:-504|AccY:-407|AccZ:1193|MagX:13796|MagY:12703|MagZ:3061|Lat:1000.00000|Long:1000.00000|Alt:1000000.00|Cour:1000.00|Speed:-1.00000|Sat:255|
SGCanScience>Time:1643665|Press:734|LM35:21|NTC:301|GyrX:5278|GyrY:7505|GyrZ:-8370|AccX:-400|AccY:-743|AccZ:872|MagX:14344|MagY:13101|MagZ:2367|Lat:1000.00000|Long:1000.00000|Alt:1000000.00|Cour:1000.00|Speed:-1.00000|Sat:255|
SGCanScience>Time:1644232|Press:744|LM35:26|NTC:299|GyrX:-9574|GyrY:-1835|GyrZ:-6729|AccX:1051|AccY:263|AccZ:1292|MagX:4325|MagY:7979|MagZ:1522|Lat:1000.00000|Long:1000.00000|Alt:1000000.00|Cour:1000.00|Speed:-1.00000|Sat:255|
SGCanScience>Time:1644423|Press:735|LM35:21|NTC:306|GyrX:-9769|GyrY:4311|GyrZ:-3832|AccX:883|AccY:-813|AccZ:939|MagX:5986|MagY:9438|MagZ:3057|Lat:1000.00000|Long:1000.00000|Alt:1000000.00|Cour:1000.00|Speed:-1.00000|Sat:255|
SGCanScience>Time:1644990|Press:743|LM35:26|NTC:299|GyrX:-5313|GyrY:7187|GyrZ:-8173|AccX:574|AccY:-605|AccZ:918|MagX:8116|MagY:11299|MagZ:3514|Lat:1000.00000|Long:1000.00000|Alt:1000000.00|Cour:1000.00|Speed:-1.00000|Sat:255|
SGCanScience>Time:1645178|Press:737|LM35:26|NTC:297|GyrX:-8060|GyrY:5267|GyrZ:-8560|AccX:778|AccY:-317|AccZ:926|MagX:6970|MagY:12030|MagZ:2024|Lat:1000.00000|Long:1000.00000|Alt:1000000.00|Cour:1000.00|Speed:-1.00000|Sat:255|
SGCanScience>Time:1645367|Press:738|LM35:23|NTC:306|GyrX:-8002|GyrY:2762|GyrZ:-8230|AccX:868|AccY:-583|AccZ:1119|MagX:5081|MagY:8687|MagZ:2376|Lat:1000.00000|Long:1000.00000|Alt:1000000.00|Cour:1000.00|Speed:-1.00000|Sat:255|
SGCanScience>Time:1645555|Press:738|LM35:21|NTC:306|GyrX:-8613|GyrY:4404|GyrZ:-6441|AccX:1090|AccY:-259|AccZ:913|MagX:7405|MagY:11790|MagZ:2517|Lat:1000.00000|Long:1000.00000|Alt:1000000.00|Cour:1000.00|Speed:-1.00000|Sat:255|
SGCanScience>Time:1645746|Press:745|LM35:26|NTC:300|GyrX:-6521|GyrY:5922|GyrZ:-7108|AccX:487|AccY:-301|AccZ:1074|MagX:5739|MagY:10966|MagZ:1772|Lat:1000.00000|Long:1000.00000|Alt:1000000.00|Cour:1000.00|Speed:-1.00000|Sat:255|
SGCanScience>Time:1645934|Press:738|LM35:28|NTC:302|GyrX:-6792|GyrY:7811|GyrZ:-7373|AccX:521|AccY:-663|AccZ:1034|MagX:8847|MagY:11878|MagZ:3502|Lat:1000.00000|Long:1000.00000|Alt:1000000.00|Cour:1000.00|Speed:-1.00000|Sat:255|
SGCanScience>Time:1646125|Press:745|LM35:26|NTC:297|GyrX:-6726|GyrY:6089|GyrZ:-9429|AccX:611|AccY:-500|AccZ:955|MagX:6150|MagY:11480|MagZ:1669|Lat:1000.00000|Long:1000.00000|Alt:1000000.00|Cour:1000.00|Speed:-1.00000|Sat:255|
SGCanScience>Time:1646313|Press:737|LM35:28|NTC:299|GyrX:-6569|GyrY:3631|GyrZ:-9063|AccX:647|AccY:-222|AccZ:1183|MagX:6215|MagY:9205|MagZ:3302|Lat:1000.00000|Long:1000.00000|Alt:1000000.00|Cour:1000.00|Speed:-1.00000|Sat:255|
SGCanScience>Time:1646501|Press:741|LM35:24|NTC:301|GyrX:-7817|GyrY:1993|GyrZ:-6949|AccX:522|AccY:-320|AccZ:1132|MagX:5433|MagY:10027|MagZ:2170|Lat:1000.00000|Long:1000.00000|Alt:1000000.00|Cour:1000.00|Speed:-1.00000|Sat:255|
SGCanScience>Time:1646692|Press:745|LM35:26|NTC:297|GyrX:-8293|GyrY:6633|GyrZ:-4800|AccX:725|AccY:-1230|AccZ:970|MagX:5804|MagY:10229|MagZ:2476|Lat:1000.00000|Long:1000.00000|Alt:1000000.00|Cour:1000.00|Speed:-1.00000|Sat:255|
SGCanScience>Time:1646880|Press:746|LM35:26|NTC:298|GyrX:-6172|GyrY:9411|GyrZ:-6123|AccX:794|AccY:-783|AccZ:869|MagX:9892|MagY:13010|MagZ:2930|Lat:1000.00000|Long:1000.00000|Alt:1000000.00|Cour:1000.00|Speed:-1.00000|Sat:255|
SGCanScience>Time:1647259|Press:738|LM35:27|NTC:300|GyrX:-7536|GyrY:2042|GyrZ:-9072|AccX:741|AccY:-449|AccZ:1068|MagX:6501|MagY:9265|MagZ:3525|Lat:1000.00000|Long:1000.00000|Alt:1000000.00|Cour:1000.00|Speed:-1.00000|Sat:255|
SGCanScience>Time:1647448|Press:745|LM35:26|NTC:297|GyrX:-8463|GyrY:-696|GyrZ:-5916|AccX:864|AccY:-17|AccZ:1228|MagX:4926|MagY:9654|MagZ:1777|Lat:1000.00000|Long:1000.00000|Alt:1000000.00|Cour:1000.00|Speed:-1.00000|Sat:255|
SGCanScience>Time:1647636|Press:742|LM35:21|NTC:306|GyrX:-8387|GyrY:4935|GyrZ:-3992|AccX:795|AccY:-563|AccZ:820|MagX:5609|MagY:9572|MagZ:2653|Lat:1000.00000|Long:1000.00000|Alt:1000000.00|Cour:1000.00|Speed:-1.00000|Sat:255|
SGCanScience>Time:1648769|Press:749|LM35:22|NTC:297|GyrX:-7359|GyrY:6120|GyrZ:-4124|AccX:744|AccY:-685|AccZ:856|MagX:7786|MagY:12032|MagZ:2762|Lat:1000.00000|Long:1000.00000|Alt:1000000.00|Cour:1000.00|Speed:-1.00000|Sat:255|
SGCanScience>Time:1649526|Press:747|LM35:21|NTC:299|GyrX:-7289|GyrY:2408|GyrZ:-8540|AccX:720|AccY:167|AccZ:1068|MagX:4968|MagY:7960|MagZ:2432|Lat:1000.00000|Long:1000.00000|Alt:1000000.00|Cour:1000.00|Speed:-1.00000|Sat:255|
SGCanScience>Time:1650661|Press:745|LM35:24|NTC:297|GyrX:-9068|GyrY:300|GyrZ:-8204|AccX:1042|AccY:172|AccZ:917|MagX:5082|MagY:8588|MagZ:2895|Lat:1000.00000|Long:1000.00000|Alt:1000000.00|Cour:1000.00|Speed:-1.00000|Sat:255|
SGCanScience>Time:1650847|Press:745|LM35:24|NTC:297|GyrX:-10014|GyrY:1019|GyrZ:-5188|AccX:907|AccY:-203|AccZ:816|MagX:4654|MagY:7684|MagZ:2072|Lat:1000.00000|Long:1000.00000|Alt:1000000.00|Cour:1000.00|Speed:-1.00000|Sat:255|
SGCanScience>Time:1651038|Press:742|LM35:25|NTC:302|GyrX:-6287|GyrY:5322|GyrZ:-4892|AccX:545|AccY:-763|AccZ:963|MagX:8198|MagY:11888|MagZ:3119|Lat:1000.00000|Long:1000.00000|Alt:1000000.00|Cour:1000.00|Speed:-1.00000|Sat:255|
SGCanScience>Time:1651226|Press:747|LM35:21|NTC:302|GyrX:-4943|GyrY:9485|GyrZ:-6094|AccX:621|AccY:-1158|AccZ:933|MagX:8964|MagY:13575|MagZ:1673|Lat:1000.00000|Long:1000.00000|Alt:1000000.00|Cour:1000.00|Speed:-1.00000|Sat:255|
SGCanScience>Time:1651415|Press:746|LM35:21|NTC:301|GyrX:-3163|GyrY:7401|GyrZ:-11016|AccX:330|AccY:-747|AccZ:1114|MagX:8383|MagY:11471|MagZ:3511|Lat:1000.00000|Long:1000.00000|Alt:1000000.00|Cour:1000.00|Speed:-1.00000|Sat:255|
SGCanScience>Time:1651605|Press:750|LM35:21|NTC:299|GyrX:-7706|GyrY:3034|GyrZ:-10358|AccX:1032|AccY:-289|AccZ:939|MagX:4738|MagY:9861|MagZ:1191|Lat:1000.00000|Long:1000.00000|Alt:1000000.00|Cour:1000.00|Speed:-1.00000|Sat:255|
SGCanScience>Time:1651795|Press:750|LM35:28|NTC:298|GyrX:-9655|GyrY:572|GyrZ:-7356|AccX:1106|AccY:610|AccZ:850|MagX:5754|MagY:6619|MagZ:3114|Lat:1000.00000|Long:1000.00000|Alt:1000000.00|Cour:1000.00|Speed:-1.00000|Sat:255|
SGCanScience>Time:1651982|Press:751|LM35:26|NTC:296|GyrX:-7531|GyrY:3242|GyrZ:-5792|AccX:659|AccY:-151|AccZ:929|MagX:6375|MagY:11721|MagZ:1784|Lat:1000.00000|Long:1000.00000|Alt:1000000.00|Cour:1000.00|Speed:-1.00000|Sat:255|
SGCanScience>Time:1652172|Press:746|LM35:21|NTC:302|GyrX:-5749|GyrY:7519|GyrZ:-5714|AccX:757|AccY:-696|AccZ:1083|MagX:5929|MagY:10759|MagZ:2183|Lat:1000.00000|Long:1000.00000|Alt:1000000.00|Cour:1000.00|Speed:-1.00000|Sat:255|
SGCanScience>Time:1652361|Press:748|LM35:24|NTC:297|GyrX:-3261|GyrY:8568|GyrZ:-8955|AccX:277|AccY:-691|AccZ:1029|MagX:10420|MagY:12967|MagZ:3124|Lat:1000.00000|Long:1000.00000|Alt:1000000.00|Cour:1000.00|Speed:-1.00000|Sat:255|
SGCanScience>Time:1652551|Press:751|LM35:26|NTC:296|GyrX:-7644|GyrY:6727|GyrZ:-9800|AccX:882|AccY:-1045|AccZ:928|MagX:5352|MagY:10785|MagZ:1409|Lat:1000.00000|Long:1000.00000|Alt:1000000.00|Cour:1000.00|Speed:-1.00000|Sat:255|
SGCanScience>Time:1652740|Press:747|LM35:21|NTC:302|GyrX:-9402|GyrY:2288|GyrZ:-9048|AccX:1126|AccY:70|AccZ:971|MagX:6745|MagY:9725|MagZ:3519|Lat:1000.00000|Long:1000.00000|Alt:1000000.00|Cour:1000.00|Speed:-1.00000|Sat:255|
SGCanScience>Time:1652928|Press:745|LM35:26|NTC:296|GyrX:-10595|GyrY:2904|GyrZ:-6767|AccX:782|AccY:-382|AccZ:744|MagX:4942|MagY:9927|MagZ:1562|Lat:1000.00000|Long:1000.00000|Alt:1000000.00|Cour:1000.00|Speed:-1.00000|Sat:255|
SGCanScience>Time:1653116|Press:752|LM35:28|NTC:298|GyrX:-6416|GyrY:3378|GyrZ:-7339|AccX:815|AccY:-533|AccZ:1017|MagX:6505|MagY:9571|MagZ:3414|Lat:1000.00000|Long:1000.00000|Alt:1000000.00|Cour:1000.00|Speed:-1.00000|Sat:255|
SGCanScience>Time:1653305|Press:748|LM35:21|NTC:300|GyrX:-6480|GyrY:4665|GyrZ:-6806|AccX:328|AccY:-436|AccZ:1012|MagX:7590|MagY:12593|MagZ:2021|Lat:1000.00000|Long:1000.00000|Alt:1000000.00|Cour:1000.00|Speed:-1.00000|Sat:255|
SGCanScience>Time:1653495|Press:748|LM35:19|NTC:295|GyrX:-7051|GyrY:5895|GyrZ:-6273|AccX:508|AccY:-572|AccZ:853|MagX:5247|MagY:9723|MagZ:2320|Lat:1000.00000|Long:1000.00000|Alt:1000000.00|Cour:1000.00|Speed:-1.00000|Sat:255|
SGCanScience>Time:1653684|Press:754|LM35:26|NTC:293|GyrX:-6295|GyrY:5187|GyrZ:-6822|AccX:687|AccY:-255|AccZ:974|MagX:8066|MagY:10568|MagZ:3934|Lat:1000.00000|Long:1000.00000|Alt:1000000.00|Cour:1000.00|Speed:-1.00000|Sat:255|
SGCanScience>Time:1653872|Press:748|LM35:21|NTC:300|GyrX:-6926|GyrY:5405|GyrZ:-6724|AccX:962|AccY:-344|AccZ:942|MagX:6588|MagY:12296|MagZ:1201|Lat:1000.00000|Long:1000.00000|Alt:1000000.00|Cour:1000.00|Speed:-1.00000|Sat:255|
SGCanScience>Time:1654061|Press:755|LM35:21|NTC:298|GyrX:-4389|GyrY:5981|GyrZ:-8909|AccX:368|AccY:-692|AccZ:1019|MagX:7510|MagY:10746|MagZ:3598|Lat:1000.00000|Long:1000.00000|Alt:1000000.00|Cour:1000.00|Speed:-1.00000|Sat:255|
SGCanScience>Time:1654251|Press:746|LM35:21|NTC:302|GyrX:-8088|GyrY:4038|GyrZ:-8574|AccX:814|AccY:-526|AccZ:952|MagX:7158|MagY:12011|MagZ:2295|Lat:1000.00000|Long:1000.00000|Alt:1000000.00|Cour:1000.00|Speed:-1.00000|Sat:255|
SGCanScience>Time:1654439|Press:754|LM35:21|NTC:298|GyrX:-7232|GyrY:2027|GyrZ:-7508|AccX:113|AccY:-462|AccZ:1267|MagX:5079|MagY:8327|MagZ:2518|Lat:1000.00000|Long:1000.00000|Alt:1000000.00|Cour:1000.00|Speed:-1.00000|Sat:255|
SGCanScience>Time:1654628|Press:754|LM35:26|NTC:294|GyrX:-7927|GyrY:3741|GyrZ:-5260|AccX:707|AccY:-839|AccZ:1238|MagX:6873|MagY:10075|MagZ:3470|Lat:1000.00000|Long:1000.00000|Alt:1000000.00|Cour:1000.00|Speed:-1.00000|Sat:255|
SGCanScience>Time:1654818|Press:749|LM35:23|NTC:298|GyrX:-5693|GyrY:6914|GyrZ:-5408|AccX:435|AccY:-858|AccZ:963|MagX:7619|MagY:12867|MagZ:1639|Lat:1000.00000|Long:1000.00000|Alt:1000000.00|Cour:1000.00|Speed:-1.00000|Sat:255|
SGCanScience>Time:1655007|Press:754|LM35:24|NTC:294|GyrX:-4266|GyrY:5250|GyrZ:-6915|AccX:350|AccY:-416|AccZ:1020|MagX:6637|MagY:10894|MagZ:2816|Lat:1000.00000|Long:1000.00000|Alt:1000000.00|Cour:1000.00|Speed:-1.00000|Sat:255|
SGCanScience>Time:1655197|Press:748|LM35:26|NTC:295|GyrX:-5122|GyrY:5593|GyrZ:-7188|AccX:618|AccY:-564|AccZ:1075|MagX:8408|MagY:11969|MagZ:3131|Lat:1000.00000|Long:1000.00000|Alt:1000000.00|Cour:1000.00|Speed:-1.00000|Sat:255|
SGCanScience>Time:1655386|Press:749|LM35:19|NTC:293|GyrX:-6137|GyrY:4130|GyrZ:-7476|AccX:456|AccY:-223|AccZ:1083|MagX:6024|MagY:11341|MagZ:1764|Lat:1000.00000|Long:1000.00000|Alt:1000000.00|Cour:1000.00|Speed:-1.00000|Sat:255|
SGCanScience>Time:1655576|Press:748|LM35:26|NTC:295|GyrX:-6310|GyrY:4515|GyrZ:-6802|AccX:377|AccY:-370|AccZ:1013|MagX:6217|MagY:8902|MagZ:3456|Lat:1000.00000|Long:1000.00000|Alt:1000000.00|Cour:1000.00|Speed:-1.00000|Sat:255|
SGCanScience>Time:1655764|Press:752|LM35:24|NTC:297|GyrX:-7435|GyrY:4925|GyrZ:-5762|AccX:759|AccY:-470|AccZ:973|MagX:7686|MagY:11862|MagZ:2877|Lat:1000.00000|Long:1000.00000|Alt:1000000.00|Cour:1000.00|Speed:-1.00000|Sat:255|
SGCanScience>Time:1655953|Press:755|LM35:23|NTC:300|GyrX:-6331|GyrY:6781|GyrZ:-6538|AccX:836|AccY:-421|AccZ:1156|MagX:6453|MagY:11574|MagZ:1994|Lat:1000.00000|Long:1000.00000|Alt:1000000.00|Cour:1000.00|Speed:-1.00000|Sat:255|
SGCanScience>Time:1656143|Press:752|LM35:26|NTC:293|GyrX:-4046|GyrY:5991|GyrZ:-8768|AccX:268|AccY:-399|AccZ:1060|MagX:8181|MagY:10898|MagZ:3844|Lat:1000.00000|Long:1000.00000|Alt:1000000.00|Cour:1000.00|Speed:-1.00000|Sat:255|
SGCanScience>Time:1656332|Press:755|LM35:26|NTC:294|GyrX:-8799|GyrY:4226|GyrZ:-7675|AccX:693|AccY:-700|AccZ:910|MagX:6203|MagY:11581|MagZ:1648|Lat:1000.00000|Long:1000.00000|Alt:1000000.00|Cour:1000.00|Speed:-1.00000|Sat:255|
SGCanScience>Time:1656520|Press:752|LM35:30|NTC:294|GyrX:-7594|GyrY:1432|GyrZ:-7525|AccX:503|AccY:-139|AccZ:1180|MagX:5493|MagY:8532|MagZ:2891|Lat:1000.00000|Long:1000.00000|Alt:1000000.00|Cour:1000.00|Speed:-1.00000|Sat:255|
SGCanScience>Time:1656711|Press:752|LM35:21|NTC:300|GyrX:-7596|GyrY:4260|GyrZ:-5641|AccX:962|AccY:-151|AccZ:975|MagX:6707|MagY:10483|MagZ:3131|Lat:1000.00000|Long:1000.00000|Alt:1000000.00|Cour:1000.00|Speed:-1.00000|Sat:255|
SGCanScience>Time:1656899|Press:749|LM35:19|NTC:293|GyrX:-6117|GyrY:7204|GyrZ:-6249|AccX:288|AccY:-567|AccZ:824|MagX:7070|MagY:12327|MagZ:1811|Lat:1000.00000|Long:1000.00000|Alt:1000000.00|Cour:1000.00|Speed:-1.00000|Sat:255|
SGCanScience>Time:1657088|Press:757|LM35:26|NTC:291|GyrX:-5199|GyrY:7254|GyrZ:-8250|AccX:411|AccY:-931|AccZ:674|MagX:8258|MagY:11206|MagZ:3655|Lat:1000.00000|Long:1000.00000|Alt:1000000.00|Cour:1000.00|Speed:-1.00000|Sat:255|
SGCanScience>Time:1657276|Press:753|LM35:26|NTC:290|GyrX:-6420|GyrY:2514|GyrZ:-9137|AccX:273|AccY:-368|AccZ:1111|MagX:7166|MagY:12329|MagZ:1899|Lat:1000.00000|Long:1000.00000|Alt:1000000.00|Cour:1000.00|Speed:-1.00000|Sat:255|
SGCanScience>Time:1657655|Press:758|LM35:28|NTC:296|GyrX:-8130|GyrY:7087|GyrZ:-6527|AccX:918|AccY:-718|AccZ:598|MagX:8186|MagY:12339|MagZ:2731|Lat:1000.00000|Long:1000.00000|Alt:1000000.00|Cour:1000.00|Speed:-1.00000|Sat:255|
SGCanScience>Time:1658787|Press:757|LM35:23|NTC:291|GyrX:-4208|GyrY:-6634|GyrZ:-3490|AccX:536|AccY:847|AccZ:1270|MagX:6237|MagY:3451|MagZ:1498|Lat:1000.00000|Long:1000.00000|Alt:1000000.00|Cour:1000.00|Speed:-1.00000|Sat:255|
SGCanScience>Time:1658978|Press:758|LM35:21|NTC:297|GyrX:-6035|GyrY:37|GyrZ:-2176|AccX:662|AccY:38|AccZ:1362|MagX:5581|MagY:6489|MagZ:2933|Lat:1000.00000|Long:1000.00000|Alt:1000000.00|Cour:1000.00|Speed:-1.00000|Sat:255|
SGCanScience>Time:1659164|Press:753|LM35:22|NTC:290|GyrX:-5150|GyrY:5942|GyrZ:-2224|AccX:800|AccY:-579|AccZ:1089|MagX:9852|MagY:12720|MagZ:3073|Lat:1000.00000|Long:1000.00000|Alt:1000000.00|Cour:1000.00|Speed:-1.00000|Sat:255|
SGCanScience>Time:1659353|Press:756|LM35:26|NTC:290|GyrX:-101|GyrY:7728|GyrZ:-5929|AccX:338|AccY:-284|AccZ:1142|MagX:11339|MagY:14153|MagZ:1806|Lat:1000.00000|Long:1000.00000|Alt:1000000.00|Cour:1000.00|Speed:-1.00000|Sat:255|
SGCanScience>Time:1659543|Press:754|LM35:25|NTC:295|GyrX:124|GyrY:6293|GyrZ:-10389|AccX:-246|AccY:-554|AccZ:1212|MagX:9044|MagY:11975|MagZ:3563|Lat:1000.00000|Long:1000.00000|Alt:1000000.00|Cour:1000.00|Speed:-1.00000|Sat:255|
SGCanScience>Time:1659731|Press:757|LM35:26|NTC:290|GyrX:-7278|GyrY:6322|GyrZ:-10437|AccX:696|AccY:-862|AccZ:894|MagX:7367|MagY:12492|MagZ:1869|Lat:1000.00000|Long:1000.00000|Alt:1000000.00|Cour:1000.00|Speed:-1.00000|Sat:255|
SGCanScience>Time:1659922|Press:757|LM35:26|NTC:289|GyrX:-9787|GyrY:-407|GyrZ:-8861|AccX:569|AccY:-244|AccZ:1014|MagX:5231|MagY:6955|MagZ:2710|Lat:1000.00000|Long:1000.00000|Alt:1000000.00|Cour:1000.00|Speed:-1.00000|Sat:255|
SGCanScience>Time:1660110|Press:757|LM35:23|NTC:292|GyrX:-8959|GyrY:1579|GyrZ:-5944|AccX:951|AccY:-250|AccZ:917|MagX:6096|MagY:8873|MagZ:3334|Lat:1000.00000|Long:1000.00000|Alt:1000000.00|Cour:1000.00|Speed:-1.00000|Sat:255|
SGCanScience>Time:1660299|Press:756|LM35:26|NTC:290|GyrX:-9073|GyrY:5189|GyrZ:-4110|AccX:1030|AccY:-478|AccZ:689|MagX:5301|MagY:10976|MagZ:1077|Lat:1000.00000|Long:1000.00000|Alt:1000000.00|Cour:1000.00|Speed:-1.00000|Sat:255|
SGCanScience>Time:1660487|Press:754|LM35:21|NTC:297|GyrX:-3218|GyrY:5759|GyrZ:-6063|AccX:241|AccY:-242|AccZ:1245|MagX:7842|MagY:10485|MagZ:3856|Lat:1000.00000|Long:1000.00000|Alt:1000000.00|Cour:1000.00|Speed:-1.00000|Sat:255|
SGCanScience>Time:1660866|Press:754|LM35:25|NTC:292|GyrX:-4891|GyrY:6038|GyrZ:-10011|AccX:327|AccY:-583|AccZ:1106|MagX:6333|MagY:11393|MagZ:2130|Lat:1000.00000|Long:1000.00000|Alt:1000000.00|Cour:1000.00|Speed:-1.00000|Sat:255|
SGCanScience>Time:1661245|Press:763|LM35:21|NTC:298|GyrX:-8109|GyrY:-144|GyrZ:-6477|AccX:846|AccY:146|AccZ:1088|MagX:4565|MagY:9078|MagZ:1546|Lat:1000.00000|Long:1000.00000|Alt:1000000.00|Cour:1000.00|Speed:-1.00000|Sat:255|
SGCanScience>Time:1661433|Press:760|LM35:21|NTC:298|GyrX:-7531|GyrY:4045|GyrZ:-4643|AccX:584|AccY:-127|AccZ:953|MagX:5923|MagY:8863|MagZ:3214|Lat:1000.00000|Long:1000.00000|Alt:1000000.00|Cour:1000.00|Speed:-1.00000|Sat:255|
SGCanScience>Time:1661622|Press:759|LM35:26|NTC:290|GyrX:-4694|GyrY:8629|GyrZ:-5436|AccX:369|AccY:-825|AccZ:891|MagX:10586|MagY:13468|MagZ:2569|Lat:1000.00000|Long:1000.00000|Alt:1000000.00|Cour:1000.00|Speed:-1.00000|Sat:255|
SGCanScience>Time:1662001|Press:754|LM35:24|NTC:294|GyrX:-5274|GyrY:6321|GyrZ:-10183|AccX:376|AccY:-529|AccZ:981|MagX:8158|MagY:11412|MagZ:3537|Lat:1000.00000|Long:1000.00000|Alt:1000000.00|Cour:1000.00|Speed:-1.00000|Sat:255|
SGCanScience>Time:1662191|Press:758|LM35:19|NTC:293|GyrX:-8250|GyrY:1446|GyrZ:-8954|AccX:698|AccY:-404|AccZ:1052|MagX:4507|MagY:9025|MagZ:1305|Lat:1000.00000|Long:1000.00000|Alt:1000000.00|Cour:1000.00|Speed:-1.00000|Sat:255|
SGCanScience>Time:1662380|Press:758|LM35:26|NTC:290|GyrX:-9630|GyrY:1299|GyrZ:-5617|AccX:1073|AccY:-250|AccZ:922|MagX:5482|MagY:7515|MagZ:2961|Lat:1000.00000|Long:1000.00000|Alt:1000000.00|Cour:1000.00|Speed:-1.00000|Sat:255|
SGCanScience>Time:1662568|Press:763|LM35:21|NTC:291|GyrX:-8106|GyrY:5033|GyrZ:-4507|AccX:808|AccY:-397|AccZ:875|MagX:7236|MagY:11967|MagZ:2441|Lat:1000.00000|Long:1000.00000|Alt:1000000.00|Cour:1000.00|Speed:-1.00000|Sat:255|
SGCanScience>Time:1662947|Press:762|LM35:23|NTC:295|GyrX:-5333|GyrY:8132|GyrZ:-9203|AccX:349|AccY:-653|AccZ:863|MagX:9904|MagY:12555|MagZ:3503|Lat:1000.00000|Long:1000.00000|Alt:1000000.00|Cour:1000.00|Speed:-1.00000|Sat:255|
SGCanScience>Time:1663135|Press:761|LM35:26|NTC:291|GyrX:-7432|GyrY:4070|GyrZ:-10379|AccX:588|AccY:-628|AccZ:1136|MagX:5616|MagY:10957|MagZ:1578|Lat:1000.00000|Long:1000.00000|Alt:1000000.00|Cour:1000.00|Speed:-1.00000|Sat:255|
SGCanScience>Time:1663326|Press:759|LM35:26|NTC:289|GyrX:-9195|GyrY:2707|GyrZ:-8676|AccX:1105|AccY:-472|AccZ:961|MagX:6240|MagY:9002|MagZ:3400|Lat:1000.00000|Long:1000.00000|Alt:1000000.00|Cour:1000.00|Speed:-1.00000|Sat:255|
SGCanScience>Time:1663514|Press:762|LM35:21|NTC:295|GyrX:-9099|GyrY:3635|GyrZ:-7129|AccX:788|AccY:-717|AccZ:708|MagX:5246|MagY:10895|MagZ:1038|Lat:1000.00000|Long:1000.00000|Alt:1000000.00|Cour:1000.00|Speed:-1.00000|Sat:255|
SGCanScience>Time:1663703|Press:765|LM35:21|NTC:291|GyrX:-8339|GyrY:3489|GyrZ:-6726|AccX:862|AccY:-213|AccZ:1076|MagX:6625|MagY:9419|MagZ:3729|Lat:1000.00000|Long:1000.00000|Alt:1000000.00|Cour:1000.00|Speed:-1.00000|Sat:255|
SGCanScience>Time:1663893|Press:768|LM35:23|NTC:295|GyrX:-5841|GyrY:7150|GyrZ:-6901|AccX:388|AccY:-463|AccZ:1095|MagX:7780|MagY:12450|MagZ:2341|Lat:1000.00000|Long:1000.00000|Alt:1000000.00|Cour:1000.00|Speed:-1.00000|Sat:255|
SGCanScience>Time:1664270|Press:765|LM35:22|NTC:291|GyrX:-6630|GyrY:6219|GyrZ:-8825|AccX:628|AccY:-760|AccZ:815|MagX:8846|MagY:12479|MagZ:3013|Lat:1000.00000|Long:1000.00000|Alt:1000000.00|Cour:1000.00|Speed:-1.00000|Sat:255|
SGCanScience>Time:1664460|Press:759|LM35:26|NTC:289|GyrX:-8442|GyrY:6294|GyrZ:-8758|AccX:789|AccY:-820|AccZ:897|MagX:5268|MagY:10748|MagZ:1175|Lat:1000.00000|Long:1000.00000|Alt:1000000.00|Cour:1000.00|Speed:-1.00000|Sat:255|
SGCanScience>Time:1664649|Press:768|LM35:23|NTC:294|GyrX:-9937|GyrY:4226|GyrZ:-8307|AccX:621|AccY:-500|AccZ:841|MagX:7165|MagY:10123|MagZ:3682|Lat:1000.00000|Long:1000.00000|Alt:1000000.00|Cour:1000.00|Speed:-1.00000|Sat:255|
SGCanScience>Time:1664837|Press:759|LM35:26|NTC:289|GyrX:-7811|GyrY:2466|GyrZ:-7470|AccX:851|AccY:-402|AccZ:1234|MagX:4915|MagY:9997|MagZ:1552|Lat:1000.00000|Long:1000.00000|Alt:1000000.00|Cour:1000.00|Speed:-1.00000|Sat:255|
SGCanScience>Time:1665026|Press:759|LM35:26|NTC:289|GyrX:-6587|GyrY:5560|GyrZ:-6366|AccX:551|AccY:-491|AccZ:867|MagX:6329|MagY:9543|MagZ:3311|Lat:1000.00000|Long:1000.00000|Alt:1000000.00|Cour:1000.00|Speed:-1.00000|Sat:255|
SGCanScience>Time:1665214|Press:762|LM35:20|NTC:293|GyrX:-5998|GyrY:7528|GyrZ:-6606|AccX:827|AccY:-1005|AccZ:925|MagX:8604|MagY:13189|MagZ:2013|Lat:1000.00000|Long:1000.00000|Alt:1000000.00|Cour:1000.00|Speed:-1.00000|Sat:255|
SGCanScience>Time:1665404|Press:762|LM35:26|NTC:289|GyrX:-7711|GyrY:7019|GyrZ:-8070|AccX:272|AccY:-530|AccZ:718|MagX:7011|MagY:11537|MagZ:2629|Lat:1000.00000|Long:1000.00000|Alt:1000000.00|Cour:1000.00|Speed:-1.00000|Sat:255|
SGCanScience>Time:1665593|Press:761|LM35:26|NTC:288|GyrX:-5509|GyrY:4836|GyrZ:-9641|AccX:752|AccY:-949|AccZ:1265|MagX:7133|MagY:11154|MagZ:3015|Lat:1000.00000|Long:1000.00000|Alt:1000000.00|Cour:1000.00|Speed:-1.00000|Sat:255|
SGCanScience>Time:1665781|Press:766|LM35:21|NTC:295|GyrX:-9508|GyrY:7855|GyrZ:-8737|AccX:552|AccY:-1190|AccZ:562|MagX:5947|MagY:11225|MagZ:1760|Lat:1000.00000|Long:1000.00000|Alt:1000000.00|Cour:1000.00|Speed:-1.00000|Sat:255|
SGCanScience>Time:1665972|Press:767|LM35:23|NTC:292|GyrX:-10965|GyrY:-286|GyrZ:-8959|AccX:475|AccY:540|AccZ:729|MagX:6318|MagY:7844|MagZ:3645|Lat:1000.00000|Long:1000.00000|Alt:1000000.00|Cour:1000.00|Speed:-1.00000|Sat:255|
SGCanScience>Time:1666160|Press:765|LM35:26|NTC:290|GyrX:-5920|GyrY:-2574|GyrZ:-8447|AccX:608|AccY:-36|AccZ:1200|MagX:4591|MagY:6719|MagZ:1936|Lat:1000.00000|Long:1000.00000|Alt:1000000.00|Cour:1000.00|Speed:-1.00000|Sat:255|
SGCanScience>Time:1666349|Press:767|LM35:26|NTC:290|GyrX:-5967|GyrY:-2987|GyrZ:-5745|AccX:859|AccY:717|AccZ:945|MagX:5888|MagY:3912|MagZ:1719|Lat:1000.00000|Long:1000.00000|Alt:1000000.00|Cour:1000.00|Speed:-1.00000|Sat:255|
SGCanScience>Time:1666537|Press:769|LM35:21|NTC:294|GyrX:-6070|GyrY:1067|GyrZ:-4197|AccX:157|AccY:475|AccZ:1206|MagX:7331|MagY:8095|MagZ:4170|Lat:1000.00000|Long:1000.00000|Alt:1000000.00|Cour:1000.00|Speed:-1.00000|Sat:255|
SGCanScience>Time:1666725|Press:770|LM35:21|NTC:293|GyrX:-7110|GyrY:2898|GyrZ:-3131|AccX:409|AccY:390|AccZ:1020|MagX:5730|MagY:10704|MagZ:1962|Lat:1000.00000|Long:1000.00000|Alt:1000000.00|Cour:1000.00|Speed:-1.00000|Sat:255|
SGCanScience>Time:1666914|Press:768|LM35:26|NTC:290|GyrX:-5215|GyrY:6781|GyrZ:-3577|AccX:365|AccY:-548|AccZ:755|MagX:5988|MagY:10967|MagZ:2070|Lat:1000.00000|Long:1000.00000|Alt:1000000.00|Cour:1000.00|Speed:-1.00000|Sat:255|
SGCanScience>Time:1667104|Press:769|LM35:21|NTC:291|GyrX:-3396|GyrY:6255|GyrZ:-6114|AccX:584|AccY:-575|AccZ:988|MagX:9888|MagY:11905|MagZ:3882|Lat:1000.00000|Long:1000.00000|Alt:1000000.00|Cour:1000.00|Speed:-1.00000|Sat:255|
SGCanScience>Time:1667293|Press:768|LM35:23|NTC:290|GyrX:-2092|GyrY:3638|GyrZ:-9440|AccX:24|AccY:-227|AccZ:1139|MagX:7922|MagY:12758|MagZ:2208|Lat:1000.00000|Long:1000.00000|Alt:1000000.00|Cour:1000.00|Speed:-1.00000|Sat:255|
SGCanScience>Time:1667670|Press:764|LM35:15|NTC:289|GyrX:-8737|GyrY:-235|GyrZ:-6832|AccX:799|AccY:-71|AccZ:969|MagX:6333|MagY:8573|MagZ:3544|Lat:1000.00000|Long:1000.00000|Alt:1000000.00|Cour:1000.00|Speed:-1.00000|Sat:255|
SGCanScience>Time:1667858|Press:764|LM35:22|NTC:290|GyrX:-5049|GyrY:-1005|GyrZ:-6850|AccX:510|AccY:53|AccZ:1281|MagX:4558|MagY:7502|MagZ:1872|Lat:1000.00000|Long:1000.00000|Alt:1000000.00|Cour:1000.00|Speed:-1.00000|Sat:255|
SGCanScience>Time:1668235|Press:768|LM35:21|NTC:293|GyrX:-5287|GyrY:4290|GyrZ:-2575|AccX:266|AccY:-423|AccZ:1377|MagX:8353|MagY:11276|MagZ:3762|Lat:1000.00000|Long:1000.00000|Alt:1000000.00|Cour:1000.00|Speed:-1.00000|Sat:255|
SGCanScience>Time:1668425|Press:769|LM35:21|NTC:290|GyrX:-1241|GyrY:9153|GyrZ:-3621|AccX:-12|AccY:-709|AccZ:1118|MagX:11511|MagY:14283|MagZ:1491|Lat:1000.00000|Long:1000.00000|Alt:1000000.00|Cour:1000.00|Speed:-1.00000|Sat:255|
SGCanScience>Time:1668614|Press:767|LM35:22|NTC:290|GyrX:1089|GyrY:9752|GyrZ:-8482|AccX:-332|AccY:-1078|AccZ:981|MagX:10752|MagY:12789|MagZ:3729|Lat:1000.00000|Long:1000.00000|Alt:1000000.00|Cour:1000.00|Speed:-1.00000|Sat:255|
SGCanScience>Time:1668995|Press:771|LM35:21|NTC:294|GyrX:-9249|GyrY:56|GyrZ:-11233|AccX:836|AccY:158|AccZ:1029|MagX:4854|MagY:6292|MagZ:2151|Lat:1000.00000|Long:1000.00000|Alt:1000000.00|Cour:1000.00|Speed:-1.00000|Sat:255|
SGCanScience>Time:1669183|Press:770|LM35:19|NTC:289|GyrX:-9743|GyrY:-3491|GyrZ:-6934|AccX:760|AccY:-82|AccZ:745|MagX:5628|MagY:8088|MagZ:3067|Lat:1000.00000|Long:1000.00000|Alt:1000000.00|Cour:1000.00|Speed:-1.00000|Sat:255|
SGCanScience>Time:1669371|Press:770|LM35:23|NTC:294|GyrX:-8757|GyrY:700|GyrZ:-4425|AccX:922|AccY:-615|AccZ:975|MagX:4427|MagY:8752|MagZ:1416|Lat:1000.00000|Long:1000.00000|Alt:1000000.00|Cour:1000.00|Speed:-1.00000|Sat:255|
SGCanScience>Time:1669560|Press:770|LM35:23|NTC:294|GyrX:-5179|GyrY:7886|GyrZ:-4420|AccX:723|AccY:-828|AccZ:838|MagX:8258|MagY:11235|MagZ:3687|Lat:1000.00000|Long:1000.00000|Alt:1000000.00|Cour:1000.00|Speed:-1.00000|Sat:255|
SGCanScience>Time:1669748|Press:765|LM35:22|NTC:290|GyrX:-1773|GyrY:6576|GyrZ:-7697|AccX:267|AccY:-209|AccZ:1025|MagX:10248|MagY:13744|MagZ:2151|Lat:1000.00000|Long:1000.00000|Alt:1000000.00|Cour:1000.00|Speed:-1.00000|Sat:255|
SGCanScience>Time:1669939|Press:767|LM35:23|NTC:293|GyrX:-5513|GyrY:6349|GyrZ:-8161|AccX:301|AccY:-473|AccZ:886|MagX:5968|MagY:10575|MagZ:2357|Lat:1000.00000|Long:1000.00000|Alt:1000000.00|Cour:1000.00|Speed:-1.00000|Sat:255|
SGCanScience>Time:1670127|Press:765|LM35:26|NTC:288|GyrX:-7476|GyrY:3704|GyrZ:-7654|AccX:700|AccY:-455|AccZ:1093|MagX:7504|MagY:10953|MagZ:3584|Lat:1000.00000|Long:1000.00000|Alt:1000000.00|Cour:1000.00|Speed:-1.00000|Sat:255|
SGCanScience>Time:1670316|Press:765|LM35:23|NTC:288|GyrX:-7995|GyrY:5850|GyrZ:-6302|AccX:1115|AccY:-315|AccZ:854|MagX:5615|MagY:11215|MagZ:1338|Lat:1000.00000|Long:1000.00000|Alt:1000000.00|Cour:1000.00|Speed:-1.00000|Sat:255|
SGCanScience>Time:1670506|Press:771|LM35:15|NTC:288|GyrX:-6857|GyrY:10521|GyrZ:-7061|AccX:811|AccY:-548|AccZ:306|MagX:8311|MagY:11118|MagZ:3822|Lat:1000.00000|Long:1000.00000|Alt:1000000.00|Cour:1000.00|Speed:-1.00000|Sat:255|
SGCanScience>Time:1670694|Press:776|LM35:19|NTC:292|GyrX:-5224|GyrY:10703|GyrZ:-10506|AccX:878|AccY:-1352|AccZ:424|MagX:7001|MagY:12673|MagZ:1205|Lat:1000.00000|Long:1000.00000|Alt:1000000.00|Cour:1000.00|Speed:-1.00000|Sat:255|
SGCanScience>Time:1670885|Press:767|LM35:22|NTC:290|GyrX:-8930|GyrY:1575|GyrZ:-11739|AccX:1372|AccY:-531|AccZ:901|MagX:6099|MagY:9096|MagZ:3333|Lat:1000.00000|Long:1000.00000|Alt:1000000.00|Cour:1000.00|Speed:-1.00000|Sat:255|
SGCanScience>Time:1671075|Press:771|LM35:15|NTC:288|GyrX:-2246|GyrY:-5167|GyrZ:-9947|AccX:-512|AccY:801|AccZ:1625|MagX:5908|MagY:5503|MagZ:2876|Lat:1000.00000|Long:1000.00000|Alt:1000000.00|Cour:1000.00|Speed:-1.00000|Sat:255|
SGCanScience>Time:1671264|Press:771|LM35:23|NTC:292|GyrX:-5265|GyrY:-4241|GyrZ:-4612|AccX:242|AccY:451|AccZ:1464|MagX:7514|MagY:3342|MagZ:2159|Lat:1000.00000|Long:1000.00000|Alt:1000000.00|Cour:1000.00|Speed:-1.00000|Sat:255|
SGCanScience>Time:1671454|Press:775|LM35:21|NTC:294|GyrX:-7431|GyrY:1302|GyrZ:-1765|AccX:814|AccY:-393|AccZ:1017|MagX:6243|MagY:9933|MagZ:3062|Lat:1000.00000|Long:1000.00000|Alt:1000000.00|Cour:1000.00|Speed:-1.00000|Sat:255|
SGCanScience>Time:1671643|Press:769|LM35:21|NTC:291|GyrX:-2246|GyrY:9176|GyrZ:-2704|AccX:-474|AccY:-714|AccZ:1115|MagX:11515|MagY:14361|MagZ:1549|Lat:1000.00000|Long:1000.00000|Alt:1000000.00|Cour:1000.00|Speed:-1.00000|Sat:255|
SGCanScience>Time:1671833|Press:765|LM35:22|NTC:287|GyrX:3019|GyrY:9673|GyrZ:-7477|AccX:64|AccY:-786|AccZ:1109|MagX:10596|MagY:12766|MagZ:3404|Lat:1000.00000|Long:1000.00000|Alt:1000000.00|Cour:1000.00|Speed:-1.00000|Sat:255|
SGCanScience>Time:1672022|Press:767|LM35:22|NTC:288|GyrX:-793|GyrY:8281|GyrZ:-11817|AccX:389|AccY:-974|AccZ:693|MagX:10586|MagY:13130|MagZ:3056|Lat:1000.00000|Long:1000.00000|Alt:1000000.00|Cour:1000.00|Speed:-1.00000|Sat:255|
SGCanScience>Time:1672212|Press:774|LM35:24|NTC:288|GyrX:-7543|GyrY:-886|GyrZ:-11452|AccX:1022|AccY:396|AccZ:943|MagX:3919|MagY:7811|MagZ:855|Lat:1000.00000|Long:1000.00000|Alt:1000000.00|Cour:1000.00|Speed:-1.00000|Sat:255|
SGCanScience>Time:1672400|Press:776|LM35:21|NTC:289|GyrX:-5245|GyrY:-3484|GyrZ:-8218|AccX:367|AccY:442|AccZ:1140|MagX:7094|MagY:5561|MagZ:3628|Lat:1000.00000|Long:1000.00000|Alt:1000000.00|Cour:1000.00|Speed:-1.00000|Sat:255|
SGCanScience>Time:1672589|Press:776|LM35:21|NTC:289|GyrX:-5674|GyrY:-2539|GyrZ:-4754|AccX:489|AccY:-51|AccZ:1279|MagX:5349|MagY:8042|MagZ:2816|Lat:1000.00000|Long:1000.00000|Alt:1000000.00|Cour:1000.00|Speed:-1.00000|Sat:255|
SGCanScience>Time:1672777|Press:776|LM35:19|NTC:289|GyrX:-7256|GyrY:5849|GyrZ:-1834|AccX:1177|AccY:-208|AccZ:755|MagX:5079|MagY:9750|MagZ:1807|Lat:1000.00000|Long:1000.00000|Alt:1000000.00|Cour:1000.00|Speed:-1.00000|Sat:255|
SGCanScience>Time:1672966|Press:768|LM35:26|NTC:285|GyrX:2543|GyrY:9658|GyrZ:-5330|AccX:-204|AccY:-1035|AccZ:679|MagX:12830|MagY:13715|MagZ:2350|Lat:1000.00000|Long:1000.00000|Alt:1000000.00|Cour:1000.00|Speed:-1.00000|Sat:255|
SGCanScience>Time:1673156|Press:773|LM35:15|NTC:292|GyrX:192|GyrY:8775|GyrZ:-9365|AccX:341|AccY:-582|AccZ:552|MagX:10278|MagY:13367|MagZ:2623|Lat:1000.00000|Long:1000.00000|Alt:1000000.00|Cour:1000.00|Speed:-1.00000|Sat:255|
SGCanScience>Time:1673345|Press:770|LM35:17|NTC:289|GyrX:-5704|GyrY:7737|GyrZ:-12305|AccX:327|AccY:-1013|AccZ:548|MagX:8440|MagY:12125|MagZ:3104|Lat:1000.00000|Long:1000.00000|Alt:1000000.00|Cour:1000.00|Speed:-1.00000|Sat:255|
SGCanScience>Time:1673914|Press:777|LM35:15|NTC:292|GyrX:-104|GyrY:-3012|GyrZ:-6562|AccX:-143|AccY:547|AccZ:1546|MagX:14549|MagY:8493|MagZ:3969|Lat:1000.00000|Long:1000.00000|Alt:1000000.00|Cour:1000.00|Speed:-1.00000|Sat:255|
SGCanScience>Time:1674102|Press:778|LM35:19|NTC:291|GyrX:1163|GyrY:-845|GyrZ:-4020|AccX:-675|AccY:181|AccZ:1595|MagX:13348|MagY:10524|MagZ:4351|Lat:1000.00000|Long:1000.00000|Alt:1000000.00|Cour:1000.00|Speed:-1.00000|Sat:255|
SGCanScience>Time:1674293|Press:778|LM35:26|NTC:285|GyrX:-865|GyrY:-6363|GyrZ:-1840|AccX:-503|AccY:-317|AccZ:1403|MagX:8358|MagY:12408|MagZ:2848|Lat:1000.00000|Long:1000.00000|Alt:1000000.00|Cour:1000.00|Speed:-1.00000|Sat:255|
SGCanScience>Time:1674483|Press:772|LM35:23|NTC:290|GyrX:4929|GyrY:1673|GyrZ:-79|AccX:489|AccY:96|AccZ:1030|MagX:4659|MagY:9819|MagZ:1146|Lat:1000.00000|Long:1000.00000|Alt:1000000.00|Cour:1000.00|Speed:-1.00000|Sat:255|
SGCanScience>Time:1674670|Press:774|LM35:26|NTC:286|GyrX:-2054|GyrY:3786|GyrZ:2201|AccX:825|AccY:-975|AccZ:1861|MagX:8156|MagY:12523|MagZ:2584|Lat:1000.00000|Long:1000.00000|Alt:1000000.00|Cour:1000.00|Speed:-1.00000|Sat:255|
SGCanScience>Time:1674858|Press:778|LM35:18|NTC:286|GyrX:7761|GyrY:3347|GyrZ:-2073|AccX:-520|AccY:-507|AccZ:1086|MagX:14805|MagY:8846|MagZ:3812|Lat:1000.00000|Long:1000.00000|Alt:1000000.00|Cour:1000.00|Speed:-1.00000|Sat:255|
SGCanScience>Time:1675046|Press:778|LM35:15|NTC:283|GyrX:8453|GyrY:-4215|GyrZ:-5032|AccX:-227|AccY:188|AccZ:886|MagX:15576|MagY:5615|MagZ:1420|Lat:1000.00000|Long:1000.00000|Alt:1000000.00|Cour:1000.00|Speed:-1.00000|Sat:255|
SGCanScience>Time:1675237|Press:779|LM35:19|NTC:288|GyrX:5639|GyrY:-7703|GyrZ:-5537|AccX:-270|AccY:795|AccZ:690|MagX:14594|MagY:6734|MagZ:3299|Lat:1000.00000|Long:1000.00000|Alt:1000000.00|Cour:1000.00|Speed:-1.00000|Sat:255|
SGCanScience>Time:1675425|Press:778|LM35:24|NTC:285|GyrX:3030|GyrY:-9406|GyrZ:-5138|AccX:-780|AccY:1319|AccZ:670|MagX:10267|MagY:3487|MagZ:2639|Lat:1000.00000|Long:1000.00000|Alt:1000000.00|Cour:1000.00|Speed:-1.00000|Sat:255|
SGCanScience>Time:1675804|Press:776|LM35:23|NTC:292|GyrX:-7154|GyrY:-3927|GyrZ:-3192|AccX:1127|AccY:130|AccZ:1026|MagX:6210|MagY:6098|MagZ:3329|Lat:1000.00000|Long:1000.00000|Alt:1000000.00|Cour:1000.00|Speed:-1.00000|Sat:255|
SGCanScience>Time:1675993|Press:772|LM35:22|NTC:286|GyrX:-5509|GyrY:5488|GyrZ:-3707|AccX:1159|AccY:-352|AccZ:1109|MagX:8052|MagY:13133|MagZ:1685|Lat:1000.00000|Long:1000.00000|Alt:1000000.00|Cour:1000.00|Speed:-1.00000|Sat:255|
SGCanScience>Time:1676183|Press:778|LM35:21|NTC:289|GyrX:-2147|GyrY:10682|GyrZ:-6326|AccX:658|AccY:-699|AccZ:794|MagX:8437|MagY:12314|MagZ:2893|Lat:1000.00000|Long:1000.00000|Alt:1000000.00|Cour:1000.00|Speed:-1.00000|Sat:255|
SGCanScience>Time:1676374|Press:779|LM35:15|NTC:288|GyrX:-5111|GyrY:8948|GyrZ:-10680|AccX:342|AccY:-694|AccZ:842|MagX:11361|MagY:13439|MagZ:2804|Lat:1000.00000|Long:1000.00000|Alt:1000000.00|Cour:1000.00|Speed:-1.00000|Sat:255|
SGCanScience>Time:1676562|Press:772|LM35:22|NTC:283|GyrX:-7275|GyrY:3555|GyrZ:-13658|AccX:684|AccY:-904|AccZ:1185|MagX:4908|MagY:8517|MagZ:2205|Lat:1000.00000|Long:1000.00000|Alt:1000000.00|Cour:1000.00|Speed:-1.00000|Sat:255|
SGCanScience>Time:1676752|Press:777|LM35:15|NTC:289|GyrX:-6490|GyrY:-7440|GyrZ:-12225|AccX:552|AccY:229|AccZ:1033|MagX:5967|MagY:5573|MagZ:2971|Lat:1000.00000|Long:1000.00000|Alt:1000000.00|Cour:1000.00|Speed:-1.00000|Sat:255|
SGCanScience>Time:1676941|Press:773|LM35:23|NTC:292|GyrX:-2621|GyrY:-8013|GyrZ:-9361|AccX:332|AccY:205|AccZ:665|MagX:11070|MagY:4436|MagZ:3486|Lat:1000.00000|Long:1000.00000|Alt:1000000.00|Cour:1000.00|Speed:-1.00000|Sat:255|
SGCanScience>Time:1677131|Press:779|LM35:22|NTC:291|GyrX:4862|GyrY:-3774|GyrZ:-9621|AccX:-911|AccY:356|AccZ:960|MagX:14972|MagY:6002|MagZ:2600|Lat:1000.00000|Long:1000.00000|Alt:1000000.00|Cour:1000.00|Speed:-1.00000|Sat:255|
SGCanScience>Time:1677320|Press:782|LM35:15|NTC:289|GyrX:4165|GyrY:3368|GyrZ:-10258|AccX:163|AccY:-875|AccZ:1195|MagX:14808|MagY:10713|MagZ:3629|Lat:1000.00000|Long:1000.00000|Alt:1000000.00|Cour:1000.00|Speed:-1.00000|Sat:255|
SGCanScience>Time:1677510|Press:773|LM35:23|NTC:287|GyrX:-1732|GyrY:7488|GyrZ:-14174|AccX:508|AccY:-387|AccZ:1109|MagX:10548|MagY:13570|MagZ:2491|Lat:1000.00000|Long:1000.00000|Alt:1000000.00|Cour:1000.00|Speed:-1.00000|Sat:255|
SGCanScience>Time:1677699|Press:775|LM35:21|NTC:290|GyrX:-7972|GyrY:626|GyrZ:-14136|AccX:380|AccY:164|AccZ:1204|MagX:5864|MagY:5712|MagZ:2903|Lat:1000.00000|Long:1000.00000|Alt:1000000.00|Cour:1000.00|Speed:-1.00000|Sat:255|
SGCanScience>Time:1677887|Press:781|LM35:15|NTC:285|GyrX:-2047|GyrY:-5333|GyrZ:-10797|AccX:431|AccY:428|AccZ:1266|MagX:9109|MagY:4620|MagZ:4263|Lat:1000.00000|Long:1000.00000|Alt:1000000.00|Cour:1000.00|Speed:-1.00000|Sat:255|
SGCanScience>Time:1678266|Press:775|LM35:23|NTC:289|GyrX:-41|GyrY:-7205|GyrZ:-3083|AccX:-38|AccY:499|AccZ:1782|MagX:12467|MagY:4344|MagZ:2976|Lat:1000.00000|Long:1000.00000|Alt:1000000.00|Cour:1000.00|Speed:-1.00000|Sat:255|
SGCanScience>Time:1678454|Press:782|LM35:26|NTC:281|GyrX:-7067|GyrY:-4476|GyrZ:306|AccX:473|AccY:241|AccZ:999|MagX:6835|MagY:6878|MagZ:3873|Lat:1000.00000|Long:1000.00000|Alt:1000000.00|Cour:1000.00|Speed:-1.00000|Sat:255|
SGCanScience>Time:1678643|Press:775|LM35:22|NTC:287|GyrX:-5566|GyrY:5599|GyrZ:258|AccX:455|AccY:-873|AccZ:1211|MagX:8703|MagY:13907|MagZ:748|Lat:1000.00000|Long:1000.00000|Alt:1000000.00|Cour:1000.00|Speed:-1.00000|Sat:255|
SGCanScience>Time:1678831|Press:779|LM35:21|NTC:288|GyrX:3495|GyrY:6966|GyrZ:-3965|AccX:-424|AccY:-160|AccZ:1183|MagX:12291|MagY:12426|MagZ:3648|Lat:1000.00000|Long:1000.00000|Alt:1000000.00|Cour:1000.00|Speed:-1.00000|Sat:255|
SGCanScience>Time:1679020|Press:782|LM35:24|NTC:281|GyrX:7014|GyrY:4859|GyrZ:-8635|AccX:-498|AccY:-137|AccZ:1321|MagX:15863|MagY:10751|MagZ:2825|Lat:1000.00000|Long:1000.00000|Alt:1000000.00|Cour:1000.00|Speed:-1.00000|Sat:255|
SGCanScience>Time:1679400|Press:779|LM35:26|NTC:287|GyrX:-8170|GyrY:1898|GyrZ:-14610|AccX:909|AccY:-251|AccZ:1514|MagX:7305|MagY:8741|MagZ:4121|Lat:1000.00000|Long:1000.00000|Alt:1000000.00|Cour:1000.00|Speed:-1.00000|Sat:255|
SGCanScience>Time:1679781|Press:777|LM35:22|NTC:287|GyrX:-3796|GyrY:-5243|GyrZ:-7159|AccX:648|AccY:588|AccZ:1274|MagX:9353|MagY:5004|MagZ:3986|Lat:1000.00000|Long:1000.00000|Alt:1000000.00|Cour:1000.00|Speed:-1.00000|Sat:255|
SGCanScience>Time:1679970|Press:782|LM35:18|NTC:282|GyrX:-2574|GyrY:-4394|GyrZ:-4408|AccX:-294|AccY:732|AccZ:1524|MagX:7164|MagY:5404|MagZ:3596|Lat:1000.00000|Long:1000.00000|Alt:1000000.00|Cour:1000.00|Speed:-1.00000|Sat:255|
SGCanScience>Time:1680158|Press:777|LM35:21|NTC:289|GyrX:-8064|GyrY:-2764|GyrZ:-244|AccX:790|AccY:191|AccZ:840|MagX:3817|MagY:6049|MagZ:333|Lat:1000.00000|Long:1000.00000|Alt:1000000.00|Cour:1000.00|Speed:-1.00000|Sat:255|
SGCanScience>Time:1680347|Press:780|LM35:21|NTC:287|GyrX:-5183|GyrY:6743|GyrZ:376|AccX:442|AccY:-733|AccZ:1180|MagX:7823|MagY:11316|MagZ:3433|Lat:1000.00000|Long:1000.00000|Alt:1000000.00|Cour:1000.00|Speed:-1.00000|Sat:255|
SGCanScience>Time:1680535|Press:779|LM35:23|NTC:287|GyrX:4187|GyrY:6529|GyrZ:-4109|AccX:-243|AccY:-704|AccZ:1146|MagX:15206|MagY:11470|MagZ:3101|Lat:1000.00000|Long:1000.00000|Alt:1000000.00|Cour:1000.00|Speed:-1.00000|Sat:255|
SGCanScience>Time:1680914|Press:786|LM35:15|NTC:284|GyrX:-1294|GyrY:7501|GyrZ:-13312|AccX:61|AccY:-1014|AccZ:1192|MagX:9900|MagY:12280|MagZ:3586|Lat:1000.00000|Long:1000.00000|Alt:1000000.00|Cour:1000.00|Speed:-1.00000|Sat:255|
SGCanScience>Time:1681293|Press:781|LM35:21|NTC:286|GyrX:-5215|GyrY:-6596|GyrZ:-9342|AccX:661|AccY:660|AccZ:1103|MagX:7908|MagY:3533|MagZ:2600|Lat:1000.00000|Long:1000.00000|Alt:1000000.00|Cour:1000.00|Speed:-1.00000|Sat:255|
SGCanScience>Time:1681483|Press:780|LM35:21|NTC:286|GyrX:-6554|GyrY:-5503|GyrZ:-4447|AccX:1241|AccY:551|AccZ:953|MagX:4555|MagY:7309|MagZ:1924|Lat:1000.00000|Long:1000.00000|Alt:1000000.00|Cour:1000.00|Speed:-1.00000|Sat:255|
SGCanScience>Time:1681672|Press:783|LM35:19|NTC:285|GyrX:-5114|GyrY:1837|GyrZ:-2526|AccX:673|AccY:-440|AccZ:1229|MagX:4585|MagY:9532|MagZ:1224|Lat:1000.00000|Long:1000.00000|Alt:1000000.00|Cour:1000.00|Speed:-1.00000|Sat:255|
SGCanScience>Time:1681860|Press:784|LM35:18|NTC:282|GyrX:-1281|GyrY:8795|GyrZ:-3152|AccX:404|AccY:-858|AccZ:850|MagX:10142|MagY:12155|MagZ:3761|Lat:1000.00000|Long:1000.00000|Alt:1000000.00|Cour:1000.00|Speed:-1.00000|Sat:255|
SGCanScience>Time:1682049|Press:781|LM35:21|NTC:288|GyrX:3776|GyrY:9559|GyrZ:-8089|AccX:206|AccY:-623|AccZ:631|MagX:13746|MagY:13766|MagZ:1958|Lat:1000.00000|Long:1000.00000|Alt:1000000.00|Cour:1000.00|Speed:-1.00000|Sat:255|
SGCanScience>Time:1682239|Press:786|LM35:15|NTC:282|GyrX:-1550|GyrY:8465|GyrZ:-12023|AccX:162|AccY:-813|AccZ:861|MagX:7469|MagY:11469|MagZ:3047|Lat:1000.00000|Long:1000.00000|Alt:1000000.00|Cour:1000.00|Speed:-1.00000|Sat:255|
SGCanScience>Time:1682427|Press:780|LM35:21|NTC:287|GyrX:-8336|GyrY:3032|GyrZ:-11939|AccX:1077|AccY:-427|AccZ:778|MagX:6615|MagY:10844|MagZ:2916|Lat:1000.00000|Long:1000.00000|Alt:1000000.00|Cour:1000.00|Speed:-1.00000|Sat:255|
SGCanScience>Time:1682618|Press:786|LM35:18|NTC:282|GyrX:-5570|GyrY:-5817|GyrZ:-9479|AccX:570|AccY:1059|AccZ:1160|MagX:5440|MagY:3615|MagZ:794|Lat:1000.00000|Long:1000.00000|Alt:1000000.00|Cour:1000.00|Speed:-1.00000|Sat:255|
SGCanScience>Time:1682806|Press:786|LM35:22|NTC:281|GyrX:-5163|GyrY:-5414|GyrZ:-5885|AccX:45|AccY:830|AccZ:1254|MagX:7814|MagY:5234|MagZ:3757|Lat:1000.00000|Long:1000.00000|Alt:1000000.00|Cour:1000.00|Speed:-1.00000|Sat:255|
SGCanScience>Time:1682995|Press:780|LM35:21|NTC:286|GyrX:-5980|GyrY:-149|GyrZ:-4108|AccX:506|AccY:-151|AccZ:911|MagX:4572|MagY:7165|MagZ:1963|Lat:1000.00000|Long:1000.00000|Alt:1000000.00|Cour:1000.00|Speed:-1.00000|Sat:255|
SGCanScience>Time:1683183|Press:781|LM35:23|NTC:287|GyrX:-7436|GyrY:-1702|GyrZ:-2921|AccX:308|AccY:212|AccZ:1098|MagX:4794|MagY:7757|MagZ:2252|Lat:1000.00000|Long:1000.00000|Alt:1000000.00|Cour:1000.00|Speed:-1.00000|Sat:255|
SGCanScience>Time:1683372|Press:783|LM35:15|NTC:284|GyrX:-4701|GyrY:4890|GyrZ:-2437|AccX:303|AccY:-212|AccZ:861|MagX:7020|MagY:10188|MagZ:3557|Lat:1000.00000|Long:1000.00000|Alt:1000000.00|Cour:1000.00|Speed:-1.00000|Sat:255|
SGCanScience>Time:1683562|Press:787|LM35:15|NTC:282|GyrX:284|GyrY:9058|GyrZ:-4485|AccX:-139|AccY:-1041|AccZ:753|MagX:13232|MagY:14161|MagZ:1613|Lat:1000.00000|Long:1000.00000|Alt:1000000.00|Cour:1000.00|Speed:-1.00000|Sat:255|
SGCanScience>Time:1683750|Press:787|LM35:18|NTC:280|GyrX:-1163|GyrY:5218|GyrZ:-8270|AccX:325|AccY:-991|AccZ:750|MagX:9021|MagY:13603|MagZ:2298|Lat:1000.00000|Long:1000.00000|Alt:1000000.00|Cour:1000.00|Speed:-1.00000|Sat:255|
SGCanScience>Time:1683939|Press:781|LM35:21|NTC:289|GyrX:-2771|GyrY:2895|GyrZ:-10240|AccX:153|AccY:-534|AccZ:1445|MagX:8939|MagY:11070|MagZ:4063|Lat:1000.00000|Long:1000.00000|Alt:1000000.00|Cour:1000.00|Speed:-1.00000|Sat:255|
SGCanScience>Time:1684129|Press:787|LM35:19|NTC:283|GyrX:-6848|GyrY:4830|GyrZ:-7954|AccX:1044|AccY:-70|AccZ:1018|MagX:5393|MagY:10357|MagZ:1792|Lat:1000.00000|Long:1000.00000|Alt:1000000.00|Cour:1000.00|Speed:-1.00000|Sat:255|
SGCanScience>Time:1684320|Press:786|LM35:19|NTC:282|GyrX:-8388|GyrY:4323|GyrZ:-6617|AccX:524|AccY:-313|AccZ:826|MagX:6182|MagY:9286|MagZ:3268|Lat:1000.00000|Long:1000.00000|Alt:1000000.00|Cour:1000.00|Speed:-1.00000|Sat:255|
SGCanScience>Time:1684508|Press:784|LM35:22|NTC:287|GyrX:-8357|GyrY:3330|GyrZ:-5860|AccX:1349|AccY:-848|AccZ:877|MagX:6767|MagY:12472|MagZ:1184|Lat:1000.00000|Long:1000.00000|Alt:1000000.00|Cour:1000.00|Speed:-1.00000|Sat:255|
SGCanScience>Time:1684697|Press:790|LM35:14|NTC:282|GyrX:-4733|GyrY:6319|GyrZ:-6844|AccX:956|AccY:-38|AccZ:1501|MagX:6575|MagY:11255|MagZ:2376|Lat:1000.00000|Long:1000.00000|Alt:1000000.00|Cour:1000.00|Speed:-1.00000|Sat:255|
SGCanScience>Time:1684885|Press:785|LM35:21|NTC:287|GyrX:-4022|GyrY:9947|GyrZ:-8386|AccX:-249|AccY:-303|AccZ:808|MagX:9402|MagY:11408|MagZ:4053|Lat:1000.00000|Long:1000.00000|Alt:1000000.00|Cour:1000.00|Speed:-1.00000|Sat:255|
SGCanScience>Time:1685266|Press:785|LM35:21|NTC:289|GyrX:-7920|GyrY:3202|GyrZ:-9913|AccX:958|AccY:23|AccZ:815|MagX:6183|MagY:8233|MagZ:3515|Lat:1000.00000|Long:1000.00000|Alt:1000000.00|Cour:1000.00|Speed:-1.00000|Sat:255|
SGCanScience>Time:1685452|Press:792|LM35:22|NTC:282|GyrX:-9835|GyrY:430|GyrZ:-7302|AccX:663|AccY:411|AccZ:675|MagX:5626|MagY:9429|MagZ:2639|Lat:1000.00000|Long:1000.00000|Alt:1000000.00|Cour:1000.00|Speed:-1.00000|Sat:255|
SGCanScience>Time:1685641|Press:789|LM35:18|NTC:281|GyrX:-8662|GyrY:1549|GyrZ:-5422|AccX:473|AccY:-477|AccZ:969|MagX:4788|MagY:8175|MagZ:2154|Lat:1000.00000|Long:1000.00000|Alt:1000000.00|Cour:1000.00|Speed:-1.00000|Sat:255|
SGCanScience>Time:1685827|Press:792|LM35:18|NTC:281|GyrX:-6625|GyrY:3952|GyrZ:-4532|AccX:709|AccY:-618|AccZ:1085|MagX:7383|MagY:10567|MagZ:3567|Lat:1000.00000|Long:1000.00000|Alt:1000000.00|Cour:1000.00|Speed:-1.00000|Sat:255|
SGCanScience>Time:1686396|Press:787|LM35:21|NTC:283|GyrX:-6049|GyrY:6069|GyrZ:-10494|AccX:262|AccY:-412|AccZ:1235|MagX:8692|MagY:12269|MagZ:3183|Lat:1000.00000|Long:1000.00000|Alt:1000000.00|Cour:1000.00|Speed:-1.00000|Sat:255|
SGCanScience>Time:1686587|Press:785|LM35:21|NTC:289|GyrX:-9587|GyrY:3941|GyrZ:-8991|AccX:863|AccY:-774|AccZ:946|MagX:4707|MagY:8437|MagZ:1988|Lat:1000.00000|Long:1000.00000|Alt:1000000.00|Cour:1000.00|Speed:-1.00000|Sat:255|
SGCanScience>Time:1686775|Press:792|LM35:18|NTC:282|GyrX:-8436|GyrY:2974|GyrZ:-7788|AccX:1015|AccY:-341|AccZ:796|MagX:6710|MagY:10023|MagZ:3423|Lat:1000.00000|Long:1000.00000|Alt:1000000.00|Cour:1000.00|Speed:-1.00000|Sat:255|
SGCanScience>Time:1686964|Press:793|LM35:18|NTC:281|GyrX:-9205|GyrY:3195|GyrZ:-5840|AccX:1333|AccY:190|AccZ:665|MagX:4564|MagY:9657|MagZ:1025|Lat:1000.00000|Long:1000.00000|Alt:1000000.00|Cour:1000.00|Speed:-1.00000|Sat:255|
SGCanScience>Time:1687152|Press:794|LM35:18|NTC:284|GyrX:-5592|GyrY:6078|GyrZ:-6481|AccX:576|AccY:-128|AccZ:902|MagX:7838|MagY:10963|MagZ:3666|Lat:1000.00000|Long:1000.00000|Alt:1000000.00|Cour:1000.00|Speed:-1.00000|Sat:255|
SGCanScience>Time:1687341|Press:794|LM35:22|NTC:282|GyrX:-5133|GyrY:9406|GyrZ:-7586|AccX:462|AccY:-520|AccZ:659|MagX:8506|MagY:13096|MagZ:2243|Lat:1000.00000|Long:1000.00000|Alt:1000000.00|Cour:1000.00|Speed:-1.00000|Sat:255|
SGCanScience>Time:1687531|Press:787|LM35:15|NTC:282|GyrX:-6617|GyrY:6980|GyrZ:-9680|AccX:802|AccY:-762|AccZ:821|MagX:5978|MagY:10596|MagZ:2340|Lat:1000.00000|Long:1000.00000|Alt:1000000.00|Cour:1000.00|Speed:-1.00000|Sat:255|
SGCanScience>Time:1687719|Press:790|LM35:18|NTC:282|GyrX:-7912|GyrY:2663|GyrZ:-9234|AccX:839|AccY:-583|AccZ:1184|MagX:6420|MagY:11355|MagZ:2222|Lat:1000.00000|Long:1000.00000|Alt:1000000.00|Cour:1000.00|Speed:-1.00000|Sat:255|
SGCanScience>Time:1687908|Press:788|LM35:21|NTC:289|GyrX:-8105|GyrY:-493|GyrZ:-7107|AccX:832|AccY:283|AccZ:1222|MagX:4682|MagY:7325|MagZ:2058|Lat:1000.00000|Long:1000.00000|Alt:1000000.00|Cour:1000.00|Speed:-1.00000|Sat:255|
SGCanScience>Time:1688096|Press:793|LM35:18|NTC:281|GyrX:-7440|GyrY:3777|GyrZ:-4921|AccX:552|AccY:-252|AccZ:1077|MagX:7353|MagY:10650|MagZ:3551|Lat:1000.00000|Long:1000.00000|Alt:1000000.00|Cour:1000.00|Speed:-1.00000|Sat:255|
SGCanScience>Time:1688475|Press:794|LM35:14|NTC:282|GyrX:-4820|GyrY:7160|GyrZ:-7922|AccX:516|AccY:-376|AccZ:1096|MagX:8559|MagY:10953|MagZ:3957|Lat:1000.00000|Long:1000.00000|Alt:1000000.00|Cour:1000.00|Speed:-1.00000|Sat:255|
SGCanScience>Time:1688666|Press:790|LM35:21|NTC:287|GyrX:-4887|GyrY:6326|GyrZ:-9224|AccX:627|AccY:-247|AccZ:925|MagX:7405|MagY:11960|MagZ:2502|Lat:1000.00000|Long:1000.00000|Alt:1000000.00|Cour:1000.00|Speed:-1.00000|Sat:255|
SGCanScience>Time:1688854|Press:788|LM35:21|NTC:289|GyrX:-9498|GyrY:2841|GyrZ:-8240|AccX:1007|AccY:-433|AccZ:780|MagX:4737|MagY:8831|MagZ:1973|Lat:1000.00000|Long:1000.00000|Alt:1000000.00|Cour:1000.00|Speed:-1.00000|Sat:255|
SGCanScience>Time:1689042|Press:794|LM35:15|NTC:282|GyrX:-8334|GyrY:4463|GyrZ:-7195|AccX:624|AccY:-905|AccZ:839|MagX:7749|MagY:11287|MagZ:3357|Lat:1000.00000|Long:1000.00000|Alt:1000000.00|Cour:1000.00|Speed:-1.00000|Sat:255|
SGCanScience>Time:1689231|Press:789|LM35:15|NTC:285|GyrX:-8228|GyrY:4958|GyrZ:-7343|AccX:1110|AccY:-493|AccZ:963|MagX:5397|MagY:10617|MagZ:1649|Lat:1000.00000|Long:1000.00000|Alt:1000000.00|Cour:1000.00|Speed:-1.00000|Sat:255|
SGCanScience>Time:1689421|Press:788|LM35:21|NTC:287|GyrX:-7337|GyrY:3856|GyrZ:-7535|AccX:698|AccY:-225|AccZ:748|MagX:6451|MagY:9985|MagZ:3210|Lat:1000.00000|Long:1000.00000|Alt:1000000.00|Cour:1000.00|Speed:-1.00000|Sat:255|
SGCanScience>Time:1689610|Press:791|LM35:18|NTC:285|GyrX:-5749|GyrY:5870|GyrZ:-7522|AccX:462|AccY:-1271|AccZ:910|MagX:7151|MagY:12676|MagZ:1394|Lat:1000.00000|Long:1000.00000|Alt:1000000.00|Cour:1000.00|Speed:-1.00000|Sat:255|
SGCanScience>Time:1689798|Press:789|LM35:15|NTC:285|GyrX:-7060|GyrY:3186|GyrZ:-8235|AccX:961|AccY:-325|AccZ:1255|MagX:5385|MagY:9180|MagZ:2540|Lat:1000.00000|Long:1000.00000|Alt:1000000.00|Cour:1000.00|Speed:-1.00000|Sat:255|
SGCanScience>Time:1689987|Press:789|LM35:21|NTC:289|GyrX:-7916|GyrY:1195|GyrZ:-7958|AccX:531|AccY:434|AccZ:1359|MagX:6400|MagY:8884|MagZ:3530|Lat:1000.00000|Long:1000.00000|Alt:1000000.00|Cour:1000.00|Speed:-1.00000|Sat:255|
SGCanScience>Time:1690363|Press:794|LM35:22|NTC:282|GyrX:-7671|GyrY:3681|GyrZ:-6659|AccX:1023|AccY:-384|AccZ:1357|MagX:6424|MagY:9494|MagZ:3372|Lat:1000.00000|Long:1000.00000|Alt:1000000.00|Cour:1000.00|Speed:-1.00000|Sat:255|
SGCanScience>Time:1690742|Press:792|LM35:19|NTC:282|GyrX:-7085|GyrY:3607|GyrZ:-9042|AccX:489|AccY:-543|AccZ:1323|MagX:5758|MagY:8804|MagZ:3056|Lat:1000.00000|Long:1000.00000|Alt:1000000.00|Cour:1000.00|Speed:-1.00000|Sat:255|
SGCanScience>Time:1690933|Press:793|LM35:15|NTC:281|GyrX:-6553|GyrY:1591|GyrZ:-9046|AccX:299|AccY:-520|AccZ:1357|MagX:6422|MagY:9497|MagZ:3454|Lat:1000.00000|Long:1000.00000|Alt:1000000.00|Cour:1000.00|Speed:-1.00000|Sat:255|
SGCanScience>Time:1691310|Press:795|LM35:14|NTC:282|GyrX:-5593|GyrY:-3238|GyrZ:-4709|AccX:1019|AccY:168|AccZ:1155|MagX:6128|MagY:4678|MagZ:2606|Lat:1000.00000|Long:1000.00000|Alt:1000000.00|Cour:1000.00|Speed:-1.00000|Sat:255|
SGCanScience>Time:1691500|Press:794|LM35:21|NTC:287|GyrX:-4539|GyrY:-1627|GyrZ:-3877|AccX:648|AccY:406|AccZ:1369|MagX:6941|MagY:8154|MagZ:4001|Lat:1000.00000|Long:1000.00000|Alt:1000000.00|Cour:1000.00|Speed:-1.00000|Sat:255|
SGCanScience>Time:1691688|Press:791|LM35:15|NTC:285|GyrX:-6390|GyrY:3165|GyrZ:-2395|AccX:749|AccY:-181|AccZ:971|MagX:6930|MagY:12637|MagZ:981|Lat:1000.00000|Long:1000.00000|Alt:1000000.00|Cour:1000.00|Speed:-1.00000|Sat:255|
SGCanScience>Time:1691877|Press:790|LM35:21|NTC:287|GyrX:-1896|GyrY:6817|GyrZ:-4377|AccX:95|AccY:-383|AccZ:983|MagX:7573|MagY:12243|MagZ:2431|Lat:1000.00000|Long:1000.00000|Alt:1000000.00|Cour:1000.00|Speed:-1.00000|Sat:255|
SGCanScience>Time:1692065|Press:791|LM35:21|NTC:287|GyrX:-510|GyrY:8712|GyrZ:-7198|AccX:-162|AccY:-839|AccZ:931|MagX:12329|MagY:12548|MagZ:3613|Lat:1000.00000|Long:1000.00000|Alt:1000000.00|Cour:1000.00|Speed:-1.00000|Sat:255|
SGCanScience>Time:1692254|Press:800|LM35:22|NTC:282|GyrX:-4411|GyrY:6861|GyrZ:-10088|AccX:596|AccY:-674|AccZ:1006|MagX:8408|MagY:13501|MagZ:1286|Lat:1000.00000|Long:1000.00000|Alt:1000000.00|Cour:1000.00|Speed:-1.00000|Sat:255|
SGCanScience>Time:1692444|Press:793|LM35:18|NTC:281|GyrX:-7264|GyrY:4320|GyrZ:-10186|AccX:590|AccY:-181|AccZ:1003|MagX:6144|MagY:7987|MagZ:3623|Lat:1000.00000|Long:1000.00000|Alt:1000000.00|Cour:1000.00|Speed:-1.00000|Sat:255|
SGCanScience>Time:1692635|Press:793|LM35:18|NTC:282|GyrX:-9216|GyrY:689|GyrZ:-7467|AccX:901|AccY:8|AccZ:989|MagX:5733|MagY:10032|MagZ:2479|Lat:1000.00000|Long:1000.00000|Alt:1000000.00|Cour:1000.00|Speed:-1.00000|Sat:255|
SGCanScience>Time:1692821|Press:796|LM35:21|NTC:282|GyrX:-8328|GyrY:3582|GyrZ:-5749|AccX:728|AccY:-704|AccZ:963|MagX:4953|MagY:9126|MagZ:2135|Lat:1000.00000|Long:1000.00000|Alt:1000000.00|Cour:1000.00|Speed:-1.00000|Sat:255|
SGCanScience>Time:1693009|Press:794|LM35:21|NTC:281|GyrX:-7438|GyrY:6016|GyrZ:-5562|AccX:844|AccY:-826|AccZ:860|MagX:9302|MagY:12613|MagZ:3243|Lat:1000.00000|Long:1000.00000|Alt:1000000.00|Cour:1000.00|Speed:-1.00000|Sat:255|
SGCanScience>Time:1693198|Press:800|LM35:22|NTC:282|GyrX:-3492|GyrY:6544|GyrZ:-8254|AccX:192|AccY:-355|AccZ:968|MagX:7441|MagY:12608|MagZ:1809|Lat:1000.00000|Long:1000.00000|Alt:1000000.00|Cour:1000.00|Speed:-1.00000|Sat:255|
SGCanScience>Time:1693386|Press:798|LM35:22|NTC:286|GyrX:-7282|GyrY:6348|GyrZ:-8032|AccX:490|AccY:-601|AccZ:775|MagX:6809|MagY:10179|MagZ:3409|Lat:1000.00000|Long:1000.00000|Alt:1000000.00|Cour:1000.00|Speed:-1.00000|Sat:255|
SGCanScience>Time:1693577|Press:799|LM35:20|NTC:289|GyrX:-7618|GyrY:4376|GyrZ:-8241|AccX:1054|AccY:-612|AccZ:1007|MagX:6928|MagY:12053|MagZ:2017|Lat:1000.00000|Long:1000.00000|Alt:1000000.00|Cour:1000.00|Speed:-1.00000|Sat:255|
SGCanScience>Time:1693765|Press:802|LM35:21|NTC:287|GyrX:-8455|GyrY:6225|GyrZ:-7192|AccX:717|AccY:-411|AccZ:677|MagX:5579|MagY:9364|MagZ:2625|Lat:1000.00000|Long:1000.00000|Alt:1000000.00|Cour:1000.00|Speed:-1.00000|Sat:255|
SGCanScience>Time:1693954|Press:802|LM35:23|NTC:286|GyrX:-9718|GyrY:6886|GyrZ:-6824|AccX:1085|AccY:-497|AccZ:640|MagX:8462|MagY:12320|MagZ:2957|Lat:1000.00000|Long:1000.00000|Alt:1000000.00|Cour:1000.00|Speed:-1.00000|Sat:255|
SGCanScience>Time:1694144|Press:793|LM35:21|NTC:289|GyrX:-6016|GyrY:6308|GyrZ:-9859|AccX:767|AccY:-294|AccZ:1021|MagX:5826|MagY:10489|MagZ:2265|Lat:1000.00000|Long:1000.00000|Alt:1000000.00|Cour:1000.00|Speed:-1.00000|Sat:255|
SGCanScience>Time:1694332|Press:793|LM35:15|NTC:289|GyrX:-5560|GyrY:3758|GyrZ:-11532|AccX:412|AccY:-1097|AccZ:927|MagX:7283|MagY:11489|MagZ:2944|Lat:1000.00000|Long:1000.00000|Alt:1000000.00|Cour:1000.00|Speed:-1.00000|Sat:255|
SGCanScience>Time:1694523|Press:797|LM35:18|NTC:282|GyrX:-7857|GyrY:-2510|GyrZ:-9124|AccX:1473|AccY:188|AccZ:1057|MagX:4073|MagY:6054|MagZ:1249|Lat:1000.00000|Long:1000.00000|Alt:1000000.00|Cour:1000.00|Speed:-1.00000|Sat:255|
SGCanScience>Time:1694711|Press:801|LM35:18|NTC:280|GyrX:-7485|GyrY:-4238|GyrZ:-6969|AccX:407|AccY:860|AccZ:991|MagX:7490|MagY:5165|MagZ:3581|Lat:1000.00000|Long:1000.00000|Alt:1000000.00|Cour:1000.00|Speed:-1.00000|Sat:255|
SGCanScience>Time:1694900|Press:802|LM35:18|NTC:287|GyrX:-4750|GyrY:-1781|GyrZ:-5584|AccX:293|AccY:298|AccZ:1178|MagX:5661|MagY:6491|MagZ:3047|Lat:1000.00000|Long:1000.00000|Alt:1000000.00|Cour:1000.00|Speed:-1.00000|Sat:255|
SGCanScience>Time:1695090|Press:800|LM35:18|NTC:282|GyrX:-7736|GyrY:-3382|GyrZ:-2826|AccX:841|AccY:123|AccZ:896|MagX:3979|MagY:7049|MagZ:896|Lat:1000.00000|Long:1000.00000|Alt:1000000.00|Cour:1000.00|Speed:-1.00000|Sat:255|
SGCanScience>Time:1695277|Press:802|LM35:21|NTC:289|GyrX:-6217|GyrY:3917|GyrZ:-2664|AccX:656|AccY:-447|AccZ:1101|MagX:6084|MagY:9175|MagZ:3158|Lat:1000.00000|Long:1000.00000|Alt:1000000.00|Cour:1000.00|Speed:-1.00000|Sat:255|
SGCanScience>Time:1695467|Press:796|LM35:15|NTC:281|GyrX:-2748|GyrY:7113|GyrZ:-5046|AccX:572|AccY:-628|AccZ:1246|MagX:11406|MagY:13164|MagZ:3103|Lat:1000.00000|Long:1000.00000|Alt:1000000.00|Cour:1000.00|Speed:-1.00000|Sat:255|
SGCanScience>Time:1695846|Press:797|LM35:21|NTC:282|GyrX:-8205|GyrY:5269|GyrZ:-8611|AccX:656|AccY:-510|AccZ:1045|MagX:7481|MagY:11234|MagZ:3299|Lat:1000.00000|Long:1000.00000|Alt:1000000.00|Cour:1000.00|Speed:-1.00000|Sat:255|
SGCanScience>Time:1696225|Press:797|LM35:21|NTC:283|GyrX:-5463|GyrY:483|GyrZ:-9172|AccX:728|AccY:153|AccZ:1124|MagX:5675|MagY:5323|MagZ:2592|Lat:1000.00000|Long:1000.00000|Alt:1000000.00|Cour:1000.00|Speed:-1.00000|Sat:255|
SGCanScience>Time:1696411|Press:797|LM35:18|NTC:282|GyrX:-2040|GyrY:-6595|GyrZ:-7378|AccX:216|AccY:699|AccZ:1241|MagX:7191|MagY:4833|MagZ:3352|Lat:1000.00000|Long:1000.00000|Alt:1000000.00|Cour:1000.00|Speed:-1.00000|Sat:255|
SGCanScience>Time:1696790|Press:798|LM35:23|NTC:284|GyrX:-6009|GyrY:2202|GyrZ:-2505|AccX:647|AccY:-243|AccZ:1381|MagX:5263|MagY:7789|MagZ:2739|Lat:1000.00000|Long:1000.00000|Alt:1000000.00|Cour:1000.00|Speed:-1.00000|Sat:255|
SGCanScience>Time:1696978|Press:797|LM35:21|NTC:283|GyrX:-56|GyrY:7829|GyrZ:-4763|AccX:-85|AccY:-969|AccZ:1064|MagX:11984|MagY:13697|MagZ:2576|Lat:1000.00000|Long:1000.00000|Alt:1000000.00|Cour:1000.00|Speed:-1.00000|Sat:255|
SGCanScience>Time:1697357|Press:802|LM35:21|NTC:289|GyrX:-4559|GyrY:7617|GyrZ:-11037|AccX:403|AccY:-650|AccZ:915|MagX:8034|MagY:10693|MagZ:3869|Lat:1000.00000|Long:1000.00000|Alt:1000000.00|Cour:1000.00|Speed:-1.00000|Sat:255|
SGCanScience>Time:1697734|Press:797|LM35:21|NTC:283|GyrX:-9571|GyrY:3874|GyrZ:-7446|AccX:757|AccY:-939|AccZ:845|MagX:5352|MagY:8607|MagZ:2693|Lat:1000.00000|Long:1000.00000|Alt:1000000.00|Cour:1000.00|Speed:-1.00000|Sat:255|
SGCanScience>Time:1697923|Press:803|LM35:22|NTC:286|GyrX:-6925|GyrY:1771|GyrZ:-8270|AccX:869|AccY:-753|AccZ:1040|MagX:6700|MagY:11180|MagZ:2672|Lat:1000.00000|Long:1000.00000|Alt:1000000.00|Cour:1000.00|Speed:-1.00000|Sat:255|
SGCanScience>Time:1698301|Press:806|LM35:21|NTC:289|GyrX:-5888|GyrY:-3558|GyrZ:-4423|AccX:223|AccY:787|AccZ:1203|MagX:6970|MagY:3788|MagZ:2325|Lat:1000.00000|Long:1000.00000|Alt:1000000.00|Cour:1000.00|Speed:-1.00000|Sat:255|
SGCanScience>Time:1698490|Press:797|LM35:15|NTC:282|GyrX:-9303|GyrY:30|GyrZ:-2217|AccX:774|AccY:-174|AccZ:1064|MagX:6154|MagY:10123|MagZ:2917|Lat:1000.00000|Long:1000.00000|Alt:1000000.00|Cour:1000.00|Speed:-1.00000|Sat:255|
SGCanScience>Time:1698869|Press:806|LM35:21|NTC:289|GyrX:-1192|GyrY:6720|GyrZ:-6978|AccX:-1|AccY:-833|AccZ:1178|MagX:9377|MagY:12409|MagZ:2989|Lat:1000.00000|Long:1000.00000|Alt:1000000.00|Cour:1000.00|Speed:-1.00000|Sat:255|
SGCanScience>Time:1699057|Press:799|LM35:21|NTC:282|GyrX:-3339|GyrY:7560|GyrZ:-9585|AccX:636|AccY:-790|AccZ:1025|MagX:9898|MagY:13073|MagZ:2942|Lat:1000.00000|Long:1000.00000|Alt:1000000.00|Cour:1000.00|Speed:-1.00000|Sat:255|
SGCanScience>Time:1699246|Press:800|LM35:14|NTC:285|GyrX:-8494|GyrY:3794|GyrZ:-10633|AccX:630|AccY:-388|AccZ:759|MagX:4642|MagY:8779|MagZ:1810|Lat:1000.00000|Long:1000.00000|Alt:1000000.00|Cour:1000.00|Speed:-1.00000|Sat:255|
SGCanScience>Time:1699436|Press:805|LM35:22|NTC:286|GyrX:-4151|GyrY:-4895|GyrZ:-10539|AccX:-212|AccY:259|AccZ:1213|MagX:8396|MagY:5587|MagZ:4104|Lat:1000.00000|Long:1000.00000|Alt:1000000.00|Cour:1000.00|Speed:-1.00000|Sat:255|
SGCanScience>Time:1699624|Press:805|LM35:18|NTC:282|GyrX:-1236|GyrY:-5626|GyrZ:-6485|AccX:74|AccY:514|AccZ:1327|MagX:7131|MagY:4160|MagZ:2509|Lat:1000.00000|Long:1000.00000|Alt:1000000.00|Cour:1000.00|Speed:-1.00000|Sat:255|
SGCanScience>Time:1699813|Press:806|LM35:18|NTC:287|GyrX:-3788|GyrY:-4509|GyrZ:-3290|AccX:859|AccY:631|AccZ:1336|MagX:6375|MagY:3107|MagZ:1011|Lat:1000.00000|Long:1000.00000|Alt:1000000.00|Cour:1000.00|Speed:-1.00000|Sat:255|
SGCanScience>Time:1700190|Press:802|LM35:14|NTC:282|GyrX:-1911|GyrY:9152|GyrZ:-2876|AccX:-203|AccY:-852|AccZ:875|MagX:12661|MagY:14429|MagZ:1401|Lat:1000.00000|Long:1000.00000|Alt:1000000.00|Cour:1000.00|Speed:-1.00000|Sat:255|
SGCanScience>Time:1700380|Press:808|LM35:22|NTC:287|GyrX:2064|GyrY:8306|GyrZ:-7775|AccX:-360|AccY:-454|AccZ:923|MagX:11498|MagY:13402|MagZ:2898|Lat:1000.00000|Long:1000.00000|Alt:1000000.00|Cour:1000.00|Speed:-1.00000|Sat:255|
SGCanScience>Time:1700569|Press:810|LM35:21|NTC:289|GyrX:-2977|GyrY:8254|GyrZ:-11185|AccX:304|AccY:-649|AccZ:808|MagX:10828|MagY:12819|MagZ:3394|Lat:1000.00000|Long:1000.00000|Alt:1000000.00|Cour:1000.00|Speed:-1.00000|Sat:255|
SGCanScience>Time:1700947|Press:804|LM35:14|NTC:282|GyrX:-7658|GyrY:-2480|GyrZ:-7610|AccX:807|AccY:340|AccZ:994|MagX:6406|MagY:5666|MagZ:3232|Lat:1000.00000|Long:1000.00000|Alt:1000000.00|Cour:1000.00|Speed:-1.00000|Sat:255|
SGCanScience>Time:1701136|Press:801|LM35:18|NTC:284|GyrX:-7601|GyrY:-3992|GyrZ:-4563|AccX:671|AccY:769|AccZ:1093|MagX:5307|MagY:8058|MagZ:2779|Lat:1000.00000|Long:1000.00000|Alt:1000000.00|Cour:1000.00|Speed:-1.00000|Sat:255|
SGCanScience>Time:1701324|Press:810|LM35:21|NTC:289|GyrX:-5859|GyrY:6173|GyrZ:-2631|AccX:809|AccY:-382|AccZ:1119|MagX:5828|MagY:11008|MagZ:1755|Lat:1000.00000|Long:1000.00000|Alt:1000000.00|Cour:1000.00|Speed:-1.00000|Sat:255|
SGCanScience>Time:1701515|Press:801|LM35:14|NTC:282|GyrX:-239|GyrY:9557|GyrZ:-6126|AccX:-113|AccY:-511|AccZ:929|MagX:12139|MagY:12619|MagZ:3666|Lat:1000.00000|Long:1000.00000|Alt:1000000.00|Cour:1000.00|Speed:-1.00000|Sat:255|
SGCanScience>Time:1703217|Press:805|LM35:21|NTC:282|GyrX:-7304|GyrY:-569|GyrZ:-11899|AccX:299|AccY:32|AccZ:1135|MagX:6502|MagY:6136|MagZ:3561|Lat:1000.00000|Long:1000.00000|Alt:1000000.00|Cour:1000.00|Speed:-1.00000|Sat:255|
SGCanScience>Time:1703405|Press:810|LM35:21|NTC:292|GyrX:-4093|GyrY:-4598|GyrZ:-9307|AccX:477|AccY:692|AccZ:1171|MagX:7636|MagY:4457|MagZ:3225|Lat:1000.00000|Long:1000.00000|Alt:1000000.00|Cour:1000.00|Speed:-1.00000|Sat:255|
SGCanScience>Time:1703593|Press:808|LM35:16|NTC:292|GyrX:305|GyrY:-6942|GyrZ:-5925|AccX:-292|AccY:704|AccZ:1254|MagX:9980|MagY:2812|MagZ:1941|Lat:1000.00000|Long:1000.00000|Alt:1000000.00|Cour:1000.00|Speed:-1.00000|Sat:255|
SGCanScience>Time:1703782|Press:805|LM35:21|NTC:292|GyrX:-4476|GyrY:-7497|GyrZ:-1590|AccX:446|AccY:526|AccZ:1140|MagX:8038|MagY:4345|MagZ:3260|Lat:1000.00000|Long:1000.00000|Alt:1000000.00|Cour:1000.00|Speed:-1.00000|Sat:255|
SGCanScience>Time:1703970|Press:805|LM35:18|NTC:282|GyrX:-5431|GyrY:778|GyrZ:-1036|AccX:442|AccY:-368|AccZ:1462|MagX:7094|MagY:11096|MagZ:2851|Lat:1000.00000|Long:1000.00000|Alt:1000000.00|Cour:1000.00|Speed:-1.00000|Sat:255|
SGCanScience>Time:1704159|Press:811|LM35:21|NTC:292|GyrX:-1528|GyrY:10369|GyrZ:-2356|AccX:450|AccY:-1100|AccZ:852|MagX:10873|MagY:14279|MagZ:1500|Lat:1000.00000|Long:1000.00000|Alt:1000000.00|Cour:1000.00|Speed:-1.00000|Sat:255|
SGCanScience>Time:1704349|Press:805|LM35:15|NTC:282|GyrX:4531|GyrY:7919|GyrZ:-7923|AccX:-384|AccY:-1453|AccZ:984|MagX:12555|MagY:13189|MagZ:3115|Lat:1000.00000|Long:1000.00000|Alt:1000000.00|Cour:1000.00|Speed:-1.00000|Sat:255|
SGCanScience>Time:1704730|Press:806|LM35:14|NTC:287|GyrX:-6306|GyrY:109|GyrZ:-12934|AccX:430|AccY:36|AccZ:1371|MagX:5112|MagY:7247|MagZ:2612|Lat:1000.00000|Long:1000.00000|Alt:1000000.00|Cour:1000.00|Speed:-1.00000|Sat:255|
SGCanScience>Time:1704919|Press:808|LM35:14|NTC:287|GyrX:-8869|GyrY:-3808|GyrZ:-7933|AccX:1248|AccY:93|AccZ:1208|MagX:5344|MagY:7335|MagZ:2830|Lat:1000.00000|Long:1000.00000|Alt:1000000.00|Cour:1000.00|Speed:-1.00000|Sat:255|
SGCanScience>Time:1705107|Press:814|LM35:15|NTC:285|GyrX:-7817|GyrY:184|GyrZ:-5166|AccX:734|AccY:136|AccZ:1212|MagX:4623|MagY:7428|MagZ:1980|Lat:1000.00000|Long:1000.00000|Alt:1000000.00|Cour:1000.00|Speed:-1.00000|Sat:255|
SGCanScience>Time:1705295|Press:807|LM35:21|NTC:282|GyrX:-8567|GyrY:7879|GyrZ:-4559|AccX:702|AccY:-610|AccZ:668|MagX:8402|MagY:11359|MagZ:3745|Lat:1000.00000|Long:1000.00000|Alt:1000000.00|Cour:1000.00|Speed:-1.00000|Sat:255|
SGCanScience>Time:1705861|Press:808|LM35:14|NTC:287|GyrX:-7238|GyrY:-907|GyrZ:-6717|AccX:736|AccY:181|AccZ:1176|MagX:5964|MagY:8721|MagZ:3254|Lat:1000.00000|Long:1000.00000|Alt:1000000.00|Cour:1000.00|Speed:-1.00000|Sat:255|
SGCanScience>Time:1706049|Press:811|LM35:21|NTC:292|GyrX:-5201|GyrY:533|GyrZ:-6141|AccX:437|AccY:-36|AccZ:1136|MagX:4452|MagY:7594|MagZ:1975|Lat:1000.00000|Long:1000.00000|Alt:1000000.00|Cour:1000.00|Speed:-1.00000|Sat:255|
SGCanScience>Time:1706237|Press:809|LM35:15|NTC:282|GyrX:-7238|GyrY:-765|GyrZ:-4202|AccX:665|AccY:190|AccZ:1331|MagX:5197|MagY:6527|MagZ:2580|Lat:1000.00000|Long:1000.00000|Alt:1000000.00|Cour:1000.00|Speed:-1.00000|Sat:255|
SGCanScience>Time:1706426|Press:807|LM35:18|NTC:283|GyrX:-7290|GyrY:5393|GyrZ:-3240|AccX:507|AccY:-450|AccZ:1086|MagX:8107|MagY:11670|MagZ:3364|Lat:1000.00000|Long:1000.00000|Alt:1000000.00|Cour:1000.00|Speed:-1.00000|Sat:255|
SGCanScience>Time:1706614|Press:816|LM35:21|NTC:288|GyrX:-3432|GyrY:6285|GyrZ:-6095|AccX:202|AccY:-755|AccZ:1181|MagX:8772|MagY:13589|MagZ:1565|Lat:1000.00000|Long:1000.00000|Alt:1000000.00|Cour:1000.00|Speed:-1.00000|Sat:255|
SGCanScience>Time:1706993|Press:814|LM35:20|NTC:293|GyrX:-6722|GyrY:6357|GyrZ:-9820|AccX:730|AccY:-546|AccZ:826|MagX:8055|MagY:12428|MagZ:2583|Lat:1000.00000|Long:1000.00000|Alt:1000000.00|Cour:1000.00|Speed:-1.00000|Sat:255|
SGCanScience>Time:1707182|Press:810|LM35:16|NTC:289|GyrX:-8101|GyrY:1631|GyrZ:-9111|AccX:650|AccY:-64|AccZ:1094|MagX:4727|MagY:7363|MagZ:2141|Lat:1000.00000|Long:1000.00000|Alt:1000000.00|Cour:1000.00|Speed:-1.00000|Sat:255|
SGCanScience>Time:1707370|Press:814|LM35:20|NTC:291|GyrX:-12181|GyrY:2803|GyrZ:-5349|AccX:1644|AccY:-396|AccZ:649|MagX:6704|MagY:10918|MagZ:2906|Lat:1000.00000|Long:1000.00000|Alt:1000000.00|Cour:1000.00|Speed:-1.00000|Sat:255|
SGCanScience>Time:1707560|Press:811|LM35:21|NTC:292|GyrX:-7001|GyrY:5281|GyrZ:-6966|AccX:648|AccY:-360|AccZ:935|MagX:5927|MagY:11054|MagZ:1980|Lat:1000.00000|Long:1000.00000|Alt:1000000.00|Cour:1000.00|Speed:-1.00000|Sat:255|
SGCanScience>Time:1707937|Press:816|LM35:21|NTC:286|GyrX:-6514|GyrY:406|GyrZ:-8099|AccX:599|AccY:157|AccZ:1278|MagX:5398|MagY:9419|MagZ:2460|Lat:1000.00000|Long:1000.00000|Alt:1000000.00|Cour:1000.00|Speed:-1.00000|Sat:255|
SGCanScience>Time:1708126|Press:817|LM35:21|NTC:286|GyrX:-7229|GyrY:-1115|GyrZ:-6524|AccX:489|AccY:137|AccZ:1260|MagX:4810|MagY:7015|MagZ:2082|Lat:1000.00000|Long:1000.00000|Alt:1000000.00|Cour:1000.00|Speed:-1.00000|Sat:255|
SGCanScience>Time:1709637|Press:820|LM35:21|NTC:282|GyrX:-2220|GyrY:7913|GyrZ:-9824|AccX:172|AccY:-1045|AccZ:1127|MagX:9508|MagY:13928|MagZ:1563|Lat:1000.00000|Long:1000.00000|Alt:1000000.00|Cour:1000.00|Speed:-1.00000|Sat:255|
SGCanScience>Time:1710016|Press:816|LM35:18|NTC:286|GyrX:-10172|GyrY:982|GyrZ:-9250|AccX:937|AccY:612|AccZ:952|MagX:5233|MagY:8979|MagZ:2446|Lat:1000.00000|Long:1000.00000|Alt:1000000.00|Cour:1000.00|Speed:-1.00000|Sat:255|
SGCanScience>Time:1710204|Press:812|LM35:16|NTC:292|GyrX:-8417|GyrY:1732|GyrZ:-6793|AccX:769|AccY:-125|AccZ:810|MagX:5296|MagY:7053|MagZ:2701|Lat:1000.00000|Long:1000.00000|Alt:1000000.00|Cour:1000.00|Speed:-1.00000|Sat:255|
SGCanScience>Time:1710393|Press:812|LM35:16|NTC:291|GyrX:-8664|GyrY:728|GyrZ:-4825|AccX:494|AccY:50|AccZ:1120|MagX:7198|MagY:10966|MagZ:3219|Lat:1000.00000|Long:1000.00000|Alt:1000000.00|Cour:1000.00|Speed:-1.00000|Sat:255|
SGCanScience>Time:1710581|Press:813|LM35:21|NTC:292|GyrX:-4158|GyrY:5753|GyrZ:-5692|AccX:-590|AccY:-798|AccZ:1441|MagX:8008|MagY:12285|MagZ:2739|Lat:1000.00000|Long:1000.00000|Alt:1000000.00|Cour:1000.00|Speed:-1.00000|Sat:255|
SGCanScience>Time:1710770|Press:813|LM35:14|NTC:285|GyrX:-2355|GyrY:9999|GyrZ:-7940|AccX:256|AccY:-1261|AccZ:650|MagX:9798|MagY:12194|MagZ:3677|Lat:1000.00000|Long:1000.00000|Alt:1000000.00|Cour:1000.00|Speed:-1.00000|Sat:255|
SGCanScience>Time:1710960|Press:813|LM35:16|NTC:293|GyrX:-6229|GyrY:5462|GyrZ:-9762|AccX:1133|AccY:-259|AccZ:680|MagX:6557|MagY:11923|MagZ:1755|Lat:1000.00000|Long:1000.00000|Alt:1000000.00|Cour:1000.00|Speed:-1.00000|Sat:255|
SGCanScience>Time:1711149|Press:816|LM35:15|NTC:286|GyrX:-7440|GyrY:1293|GyrZ:-9142|AccX:723|AccY:132|AccZ:924|MagX:5030|MagY:7754|MagZ:2444|Lat:1000.00000|Long:1000.00000|Alt:1000000.00|Cour:1000.00|Speed:-1.00000|Sat:255|
SGCanScience>Time:1711337|Press:817|LM35:18|NTC:286|GyrX:-6243|GyrY:-395|GyrZ:-7500|AccX:295|AccY:-39|AccZ:1396|MagX:6957|MagY:10414|MagZ:3366|Lat:1000.00000|Long:1000.00000|Alt:1000000.00|Cour:1000.00|Speed:-1.00000|Sat:255|
SGCanScience>Time:1711525|Press:819|LM35:15|NTC:288|GyrX:-7519|GyrY:5491|GyrZ:-5046|AccX:478|AccY:-642|AccZ:1248|MagX:4900|MagY:10119|MagZ:1224|Lat:1000.00000|Long:1000.00000|Alt:1000000.00|Cour:1000.00|Speed:-1.00000|Sat:255|
SGCanScience>Time:1711716|Press:821|LM35:15|NTC:285|GyrX:-5160|GyrY:9169|GyrZ:-6161|AccX:67|AccY:-892|AccZ:879|MagX:9253|MagY:11373|MagZ:4055|Lat:1000.00000|Long:1000.00000|Alt:1000000.00|Cour:1000.00|Speed:-1.00000|Sat:255|
SGCanScience>Time:1711904|Press:819|LM35:21|NTC:290|GyrX:-4625|GyrY:7397|GyrZ:-9022|AccX:272|AccY:-1280|AccZ:971|MagX:9398|MagY:14041|MagZ:1189|Lat:1000.00000|Long:1000.00000|Alt:1000000.00|Cour:1000.00|Speed:-1.00000|Sat:255|
SGCanScience>Time:1712093|Press:818|LM35:21|NTC:293|GyrX:-6790|GyrY:1188|GyrZ:-10184|AccX:895|AccY:75|AccZ:1226|MagX:5448|MagY:8472|MagZ:2787|Lat:1000.00000|Long:1000.00000|Alt:1000000.00|Cour:1000.00|Speed:-1.00000|Sat:255|
SGCanScience>Time:1712281|Press:819|LM35:21|NTC:289|GyrX:-7918|GyrY:790|GyrZ:-7173|AccX:556|AccY:266|AccZ:1152|MagX:5828|MagY:8806|MagZ:3098|Lat:1000.00000|Long:1000.00000|Alt:1000000.00|Cour:1000.00|Speed:-1.00000|Sat:255|
SGCanScience>Time:1712470|Press:813|LM35:20|NTC:292|GyrX:-8206|GyrY:3850|GyrZ:-4762|AccX:771|AccY:-516|AccZ:1037|MagX:5089|MagY:10005|MagZ:1807|Lat:1000.00000|Long:1000.00000|Alt:1000000.00|Cour:1000.00|Speed:-1.00000|Sat:255|
SGCanScience>Time:1712848|Press:824|LM35:21|NTC:293|GyrX:-3929|GyrY:9389|GyrZ:-10095|AccX:259|AccY:-1324|AccZ:728|MagX:8924|MagY:13551|MagZ:1731|Lat:1000.00000|Long:1000.00000|Alt:1000000.00|Cour:1000.00|Speed:-1.00000|Sat:255|
SGCanScience>Time:1713229|Press:824|LM35:15|NTC:286|GyrX:-9378|GyrY:-3532|GyrZ:-8339|AccX:749|AccY:397|AccZ:738|MagX:4436|MagY:6585|MagZ:1572|Lat:1000.00000|Long:1000.00000|Alt:1000000.00|Cour:1000.00|Speed:-1.00000|Sat:255|
