SGCanScience>Time:30|NTC:604|Temp:35.51|Press:901.82|GyrX:3141|GyrY:-3595|GyrZ:-882|AccX:-872|AccY:147|AccZ:2436|MagX:3062|MagY:-659|MagZ:-2451|Lat:0.000000|Long:0.000000|Sat:0|
SGCanScience>Time:215|NTC:614|Temp:35.52|Press:901.99|GyrX:579|GyrY:479|GyrZ:-556|AccX:-296|AccY:70|AccZ:1039|MagX:4537|MagY:-3389|MagZ:721|Lat:0.000000|Long:0.000000|Sat:0|
SGCanScience>Time:393|NTC:612|Temp:35.52|Press:902.13|GyrX:1405|GyrY:1127|GyrZ:-3185|AccX:-268|AccY:93|AccZ:1174|MagX:4543|MagY:-3596|MagZ:803|Lat:0.000000|Long:0.000000|Sat:0|
SGCanScience>Time:573|NTC:611|Temp:35.52|Press:902.29|GyrX:1441|GyrY:645|GyrZ:-4690|AccX:-321|AccY:-40|AccZ:1170|MagX:3649|MagY:-2766|MagZ:616|Lat:0.000000|Long:0.000000|Sat:0|
SGCanScience>Time:751|NTC:608|Temp:35.53|Press:902.48|GyrX:117|GyrY:378|GyrZ:-6210|AccX:-299|AccY:-46|AccZ:1478|MagX:1150|MagY:-3042|MagZ:639|Lat:0.000000|Long:0.000000|Sat:0|
SGCanScience>Time:929|NTC:605|Temp:35.54|Press:902.71|GyrX:179|GyrY:-1121|GyrZ:-6604|AccX:-365|AccY:403|AccZ:1362|MagX:-1241|MagY:-6812|MagZ:396|Lat:0.000000|Long:0.000000|Sat:0|
SGCanScience>Time:1107|NTC:606|Temp:35.53|Press:902.95|GyrX:1925|GyrY:-1303|GyrZ:-7370|AccX:-673|AccY:389|AccZ:1408|MagX:1635|MagY:-10321|MagZ:-1242|Lat:0.000000|Long:0.000000|Sat:0|
SGCanScience>Time:1288|NTC:611|Temp:35.53|Press:903.17|GyrX:3073|GyrY:7|GyrZ:-9196|AccX:-946|AccY:177|AccZ:1359|MagX:7369|MagY:-4699|MagZ:-2410|Lat:0.000000|Long:0.000000|Sat:0|
SGCanScience>Time:1470|NTC:617|Temp:35.53|Press:903.29|GyrX:695|GyrY:14|GyrZ:-11451|AccX:-735|AccY:-222|AccZ:1499|MagX:-667|MagY:-2236|MagZ:-1359|Lat:0.000000|Long:0.000000|Sat:0|
SGCanScience>Time:1648|NTC:607|Temp:35.54|Press:903.51|GyrX:1546|GyrY:-2132|GyrZ:-11166|AccX:-825|AccY:188|AccZ:1621|MagX:1374|MagY:-10724|MagZ:-1802|Lat:0.000000|Long:0.000000|Sat:0|
SGCanScience>Time:1830|NTC:606|Temp:35.55|Press:903.78|GyrX:2972|GyrY:-1015|GyrZ:-12352|AccX:-561|AccY:-360|AccZ:1410|MagX:5022|MagY:-1163|MagZ:-1392|Lat:0.000000|Long:0.000000|Sat:0|
SGCanScience>Time:2011|NTC:616|Temp:35.55|Press:903.96|GyrX:1608|GyrY:-1401|GyrZ:-10996|AccX:-821|AccY:563|AccZ:1546|MagX:-2013|MagY:-8397|MagZ:-562|Lat:0.000000|Long:0.000000|Sat:0|
SGCanScience>Time:2191|NTC:611|Temp:35.54|Press:904.22|GyrX:2827|GyrY:-792|GyrZ:-9225|AccX:-854|AccY:138|AccZ:1339|MagX:5849|MagY:-8247|MagZ:-2147|Lat:0.000000|Long:0.000000|Sat:0|
SGCanScience>Time:2373|NTC:616|Temp:35.55|Press:904.43|GyrX:3123|GyrY:846|GyrZ:-8226|AccX:-522|AccY:55|AccZ:1351|MagX:4904|MagY:-1463|MagZ:-863|Lat:0.000000|Long:0.000000|Sat:0|
SGCanScience>Time:2553|NTC:616|Temp:35.55|Press:904.53|GyrX:1096|GyrY:1941|GyrZ:-7161|AccX:-413|AccY:68|AccZ:1345|MagX:462|MagY:-3460|MagZ:564|Lat:0.000000|Long:0.000000|Sat:0|
SGCanScience>Time:2732|NTC:606|Temp:35.55|Press:904.74|GyrX:-1519|GyrY:2969|GyrZ:-5752|AccX:-237|AccY:-69|AccZ:1485|MagX:1124|MagY:-4654|MagZ:1053|Lat:0.000000|Long:0.000000|Sat:0|
SGCanScience>Time:2912|NTC:616|Temp:35.55|Press:905.00|GyrX:-3306|GyrY:2983|GyrZ:-4330|AccX:-179|AccY:-238|AccZ:1465|MagX:1885|MagY:-2087|MagZ:-30|Lat:0.000000|Long:0.000000|Sat:0|
SGCanScience>Time:3090|NTC:606|Temp:35.55|Press:905.19|GyrX:-2232|GyrY:4444|GyrZ:-2164|AccX:-28|AccY:-152|AccZ:1367|MagX:1454|MagY:-920|MagZ:-1807|Lat:0.000000|Long:0.000000|Sat:0|
SGCanScience>Time:3270|NTC:616|Temp:35.54|Press:905.41|GyrX:959|GyrY:4380|GyrZ:-231|AccX:-57|AccY:-236|AccZ:1385|MagX:2339|MagY:-675|MagZ:-1895|Lat:0.000000|Long:0.000000|Sat:0|
SGCanScience>Time:3450|NTC:616|Temp:35.53|Press:905.71|GyrX:5130|GyrY:770|GyrZ:1740|AccX:-717|AccY:159|AccZ:1307|MagX:5326|MagY:-3516|MagZ:249|Lat:0.000000|Long:0.000000|Sat:0|
SGCanScience>Time:3629|NTC:617|Temp:35.55|Press:905.91|GyrX:3034|GyrY:-4793|GyrZ:2232|AccX:-581|AccY:69|AccZ:1421|MagX:2404|MagY:-8207|MagZ:694|Lat:0.000000|Long:0.000000|Sat:0|
SGCanScience>Time:3807|NTC:607|Temp:35.53|Press:906.01|GyrX:-3429|GyrY:-4972|GyrZ:1127|AccX:-518|AccY:603|AccZ:1248|MagX:-2599|MagY:-8648|MagZ:-1349|Lat:0.000000|Long:0.000000|Sat:0|
SGCanScience>Time:3987|NTC:617|Temp:35.54|Press:906.23|GyrX:-4389|GyrY:1789|GyrZ:447|AccX:-182|AccY:175|AccZ:1420|MagX:-3407|MagY:-6128|MagZ:-2257|Lat:0.000000|Long:0.000000|Sat:0|
SGCanScience>Time:4167|NTC:614|Temp:35.54|Press:906.48|GyrX:-588|GyrY:3366|GyrZ:988|AccX:-132|AccY:251|AccZ:1515|MagX:-1272|MagY:-3500|MagZ:-23|Lat:0.000000|Long:0.000000|Sat:0|
SGCanScience>Time:4347|NTC:615|Temp:35.53|Press:906.74|GyrX:2259|GyrY:1378|GyrZ:-118|AccX:-518|AccY:164|AccZ:1495|MagX:2200|MagY:-3746|MagZ:1011|Lat:0.000000|Long:0.000000|Sat:0|
SGCanScience>Time:4528|NTC:606|Temp:35.54|Press:907.05|GyrX:2515|GyrY:2767|GyrZ:-2191|AccX:-680|AccY:54|AccZ:1546|MagX:3954|MagY:-5365|MagZ:1106|Lat:0.000000|Long:0.000000|Sat:0|
SGCanScience>Time:4706|NTC:607|Temp:35.53|Press:907.16|GyrX:2318|GyrY:3232|GyrZ:-3892|AccX:-516|AccY:42|AccZ:1410|MagX:5947|MagY:-5581|MagZ:-68|Lat:0.000000|Long:0.000000|Sat:0|
SGCanScience>Time:4884|NTC:614|Temp:35.54|Press:907.39|GyrX:1271|GyrY:2786|GyrZ:-5247|AccX:-245|AccY:73|AccZ:1331|MagX:6608|MagY:-2609|MagZ:-1575|Lat:0.000000|Long:0.000000|Sat:0|
SGCanScience>Time:5064|NTC:614|Temp:35.54|Press:907.65|GyrX:595|GyrY:2364|GyrZ:-5163|AccX:-547|AccY:88|AccZ:1545|MagX:2932|MagY:-401|MagZ:-2737|Lat:0.000000|Long:0.000000|Sat:0|
SGCanScience>Time:5242|NTC:608|Temp:35.52|Press:907.82|GyrX:219|GyrY:1925|GyrZ:-4323|AccX:-498|AccY:-47|AccZ:1611|MagX:-1640|MagY:-2834|MagZ:-2072|Lat:0.000000|Long:0.000000|Sat:0|
SGCanScience>Time:5425|NTC:607|Temp:35.53|Press:908.02|GyrX:-965|GyrY:1889|GyrZ:-3922|AccX:-262|AccY:-119|AccZ:1774|MagX:-2478|MagY:-6099|MagZ:-818|Lat:0.000000|Long:0.000000|Sat:0|
SGCanScience>Time:5605|NTC:615|Temp:35.52|Press:908.28|GyrX:-1590|GyrY:2246|GyrZ:-3481|AccX:-52|AccY:-298|AccZ:1619|MagX:-209|MagY:-6427|MagZ:893|Lat:0.000000|Long:0.000000|Sat:0|
SGCanScience>Time:5785|NTC:616|Temp:35.53|Press:908.52|GyrX:-1830|GyrY:3321|GyrZ:-3238|AccX:-149|AccY:-556|AccZ:1572|MagX:3257|MagY:-3441|MagZ:902|Lat:0.000000|Long:0.000000|Sat:0|
SGCanScience>Time:5965|NTC:606|Temp:35.52|Press:908.71|GyrX:-561|GyrY:1940|GyrZ:-2585|AccX:-227|AccY:-123|AccZ:1748|MagX:4451|MagY:-1468|MagZ:-576|Lat:0.000000|Long:0.000000|Sat:0|
SGCanScience>Time:6144|NTC:608|Temp:35.52|Press:908.96|GyrX:-1019|GyrY:2115|GyrZ:-2860|AccX:-131|AccY:-125|AccZ:1627|MagX:3284|MagY:-558|MagZ:-2040|Lat:0.000000|Long:0.000000|Sat:0|
SGCanScience>Time:6326|NTC:608|Temp:35.52|Press:909.18|GyrX:149|GyrY:1627|GyrZ:-2441|AccX:-128|AccY:146|AccZ:1691|MagX:1329|MagY:-874|MagZ:-2151|Lat:0.000000|Long:0.000000|Sat:0|
SGCanScience>Time:6506|NTC:612|Temp:35.51|Press:909.37|GyrX:449|GyrY:1872|GyrZ:-2529|AccX:-207|AccY:-130|AccZ:1572|MagX:-841|MagY:-2168|MagZ:-1872|Lat:0.000000|Long:0.000000|Sat:0|
SGCanScience>Time:6686|NTC:615|Temp:35.52|Press:909.64|GyrX:-1177|GyrY:3055|GyrZ:-3258|AccX:-212|AccY:-109|AccZ:1549|MagX:-1021|MagY:-3698|MagZ:-368|Lat:0.000000|Long:0.000000|Sat:0|
SGCanScience>Time:6866|NTC:614|Temp:35.52|Press:909.83|GyrX:293|GyrY:3152|GyrZ:-3009|AccX:-145|AccY:172|AccZ:1603|MagX:499|MagY:-5175|MagZ:1108|Lat:0.000000|Long:0.000000|Sat:0|
SGCanScience>Time:7045|NTC:615|Temp:35.52|Press:910.08|GyrX:277|GyrY:2590|GyrZ:-3275|AccX:-331|AccY:26|AccZ:1493|MagX:3415|MagY:-4624|MagZ:1183|Lat:0.000000|Long:0.000000|Sat:0|
SGCanScience>Time:7223|NTC:611|Temp:35.52|Press:910.31|GyrX:-462|GyrY:2331|GyrZ:-3485|AccX:-207|AccY:323|AccZ:1582|MagX:4811|MagY:-3461|MagZ:475|Lat:0.000000|Long:0.000000|Sat:0|
SGCanScience>Time:7405|NTC:613|Temp:35.51|Press:910.51|GyrX:-1204|GyrY:2077|GyrZ:-3413|AccX:-356|AccY:116|AccZ:1568|MagX:4659|MagY:-1692|MagZ:-627|Lat:0.000000|Long:0.000000|Sat:0|
SGCanScience>Time:7585|NTC:606|Temp:35.49|Press:910.72|GyrX:121|GyrY:1418|GyrZ:-2379|AccX:-448|AccY:213|AccZ:1608|MagX:2779|MagY:-807|MagZ:-1616|Lat:0.000000|Long:0.000000|Sat:0|
SGCanScience>Time:7766|NTC:613|Temp:35.51|Press:911.01|GyrX:-688|GyrY:1456|GyrZ:-2178|AccX:-454|AccY:-159|AccZ:1638|MagX:784|MagY:-1053|MagZ:-2250|Lat:0.000000|Long:0.000000|Sat:0|
SGCanScience>Time:7944|NTC:616|Temp:35.50|Press:911.18|GyrX:-2149|GyrY:2232|GyrZ:-2696|AccX:-165|AccY:231|AccZ:1584|MagX:-447|MagY:-1878|MagZ:-1913|Lat:0.000000|Long:0.000000|Sat:0|
SGCanScience>Time:8124|NTC:615|Temp:35.51|Press:911.43|GyrX:-434|GyrY:2399|GyrZ:-1848|AccX:-93|AccY:174|AccZ:1467|MagX:-1348|MagY:-2915|MagZ:-1517|Lat:0.000000|Long:0.000000|Sat:0|
SGCanScience>Time:8304|NTC:616|Temp:35.49|Press:911.57|GyrX:-506|GyrY:1666|GyrZ:-2141|AccX:-198|AccY:176|AccZ:1638|MagX:-1004|MagY:-3911|MagZ:-202|Lat:0.000000|Long:0.000000|Sat:0|
SGCanScience>Time:8486|NTC:610|Temp:35.49|Press:911.80|GyrX:-342|GyrY:2068|GyrZ:-2366|AccX:-95|AccY:270|AccZ:1579|MagX:-95|MagY:-5054|MagZ:808|Lat:0.000000|Long:0.000000|Sat:0|
SGCanScience>Time:8665|NTC:606|Temp:35.49|Press:912.01|GyrX:480|GyrY:1926|GyrZ:-2411|AccX:-295|AccY:285|AccZ:1602|MagX:2121|MagY:-5290|MagZ:1450|Lat:0.000000|Long:0.000000|Sat:0|
SGCanScience>Time:8843|NTC:611|Temp:35.49|Press:912.24|GyrX:321|GyrY:2379|GyrZ:-2596|AccX:-214|AccY:64|AccZ:1472|MagX:4134|MagY:-4222|MagZ:939|Lat:0.000000|Long:0.000000|Sat:0|
SGCanScience>Time:9021|NTC:615|Temp:35.49|Press:912.49|GyrX:-279|GyrY:2216|GyrZ:-2951|AccX:-293|AccY:-48|AccZ:1566|MagX:5278|MagY:-2474|MagZ:-280|Lat:0.000000|Long:0.000000|Sat:0|
SGCanScience>Time:9199|NTC:605|Temp:35.49|Press:912.76|GyrX:306|GyrY:1740|GyrZ:-2483|AccX:-207|AccY:78|AccZ:1594|MagX:4357|MagY:-1248|MagZ:-1000|Lat:0.000000|Long:0.000000|Sat:0|
SGCanScience>Time:9381|NTC:615|Temp:35.48|Press:912.91|GyrX:-872|GyrY:2545|GyrZ:-2623|AccX:-324|AccY:-119|AccZ:1576|MagX:2485|MagY:-552|MagZ:-1995|Lat:0.000000|Long:0.000000|Sat:0|
SGCanScience>Time:9562|NTC:614|Temp:35.48|Press:913.14|GyrX:-1065|GyrY:2752|GyrZ:-2575|AccX:-236|AccY:105|AccZ:1606|MagX:668|MagY:-1009|MagZ:-2427|Lat:0.000000|Long:0.000000|Sat:0|
SGCanScience>Time:9742|NTC:608|Temp:35.49|Press:913.41|GyrX:594|GyrY:2109|GyrZ:-2075|AccX:-210|AccY:174|AccZ:1544|MagX:-659|MagY:-2216|MagZ:-1606|Lat:0.000000|Long:0.000000|Sat:0|
SGCanScience>Time:9922|NTC:610|Temp:35.48|Press:913.60|GyrX:607|GyrY:1385|GyrZ:-2293|AccX:-322|AccY:-2|AccZ:1591|MagX:-1032|MagY:-3796|MagZ:-281|Lat:0.000000|Long:0.000000|Sat:0|
SGCanScience>Time:10100|NTC:612|Temp:35.48|Press:913.84|GyrX:235|GyrY:957|GyrZ:-2465|AccX:-557|AccY:-84|AccZ:1660|MagX:-265|MagY:-5214|MagZ:766|Lat:0.000000|Long:0.000000|Sat:0|
SGCanScience>Time:10278|NTC:610|Temp:35.48|Press:914.04|GyrX:206|GyrY:1061|GyrZ:-2254|AccX:-632|AccY:41|AccZ:1727|MagX:1276|MagY:-6020|MagZ:1327|Lat:0.000000|Long:0.000000|Sat:0|
SGCanScience>Time:10459|NTC:605|Temp:35.47|Press:914.21|GyrX:42|GyrY:1309|GyrZ:-2038|AccX:-490|AccY:-147|AccZ:1665|MagX:3259|MagY:-5060|MagZ:1267|Lat:0.000000|Long:0.000000|Sat:0|
SGCanScience>Time:10637|NTC:605|Temp:35.46|Press:914.44|GyrX:-1018|GyrY:2707|GyrZ:-2537|AccX:-160|AccY:-266|AccZ:1616|MagX:4852|MagY:-3403|MagZ:427|Lat:0.000000|Long:0.000000|Sat:0|
SGCanScience>Time:10817|NTC:605|Temp:35.46|Press:914.62|GyrX:-176|GyrY:2204|GyrZ:-2348|AccX:-116|AccY:-224|AccZ:1557|MagX:5463|MagY:-1539|MagZ:-1341|Lat:0.000000|Long:0.000000|Sat:0|
SGCanScience>Time:10997|NTC:609|Temp:35.48|Press:914.92|GyrX:675|GyrY:2547|GyrZ:-2764|AccX:-303|AccY:-300|AccZ:1539|MagX:3925|MagY:-42|MagZ:-3555|Lat:0.000000|Long:0.000000|Sat:0|
SGCanScience>Time:11175|NTC:616|Temp:35.46|Press:915.13|GyrX:199|GyrY:2968|GyrZ:-3632|AccX:-572|AccY:-179|AccZ:1644|MagX:668|MagY:-980|MagZ:-2534|Lat:0.000000|Long:0.000000|Sat:0|
SGCanScience>Time:11358|NTC:615|Temp:35.46|Press:915.39|GyrX:477|GyrY:2657|GyrZ:-3658|AccX:-416|AccY:-131|AccZ:1687|MagX:-1143|MagY:-3473|MagZ:-663|Lat:0.000000|Long:0.000000|Sat:0|
SGCanScience>Time:11540|NTC:609|Temp:35.47|Press:915.60|GyrX:-72|GyrY:2254|GyrZ:-3730|AccX:-289|AccY:-268|AccZ:1613|MagX:-199|MagY:-5434|MagZ:829|Lat:0.000000|Long:0.000000|Sat:0|
SGCanScience>Time:11718|NTC:614|Temp:35.46|Press:915.76|GyrX:-558|GyrY:2127|GyrZ:-3513|AccX:-259|AccY:-226|AccZ:1698|MagX:2670|MagY:-5145|MagZ:1376|Lat:0.000000|Long:0.000000|Sat:0|
SGCanScience>Time:11898|NTC:616|Temp:35.46|Press:915.99|GyrX:-643|GyrY:2395|GyrZ:-3080|AccX:-271|AccY:-119|AccZ:1718|MagX:4853|MagY:-3220|MagZ:390|Lat:0.000000|Long:0.000000|Sat:0|
SGCanScience>Time:12077|NTC:616|Temp:35.46|Press:916.25|GyrX:-174|GyrY:1754|GyrZ:-2733|AccX:-266|AccY:31|AccZ:1594|MagX:4915|MagY:-1283|MagZ:-1204|Lat:0.000000|Long:0.000000|Sat:0|
SGCanScience>Time:12257|NTC:609|Temp:35.46|Press:916.49|GyrX:447|GyrY:1696|GyrZ:-2423|AccX:-289|AccY:39|AccZ:1687|MagX:3150|MagY:-499|MagZ:-2293|Lat:0.000000|Long:0.000000|Sat:0|
SGCanScience>Time:12435|NTC:605|Temp:35.44|Press:916.69|GyrX:73|GyrY:1892|GyrZ:-2522|AccX:-392|AccY:-156|AccZ:1572|MagX:589|MagY:-955|MagZ:-2770|Lat:0.000000|Long:0.000000|Sat:0|
SGCanScience>Time:12615|NTC:613|Temp:35.44|Press:916.90|GyrX:314|GyrY:1511|GyrZ:-2319|AccX:-565|AccY:8|AccZ:1714|MagX:-846|MagY:-2495|MagZ:-1634|Lat:0.000000|Long:0.000000|Sat:0|
SGCanScience>Time:12795|NTC:604|Temp:35.44|Press:917.10|GyrX:995|GyrY:1121|GyrZ:-2036|AccX:-678|AccY:-166|AccZ:1791|MagX:-1288|MagY:-4297|MagZ:-215|Lat:0.000000|Long:0.000000|Sat:0|
SGCanScience>Time:12976|NTC:616|Temp:35.44|Press:917.31|GyrX:-728|GyrY:1601|GyrZ:-2528|AccX:-445|AccY:-294|AccZ:1684|MagX:-496|MagY:-5440|MagZ:704|Lat:0.000000|Long:0.000000|Sat:0|
SGCanScience>Time:13154|NTC:607|Temp:35.44|Press:917.54|GyrX:-431|GyrY:2538|GyrZ:-2191|AccX:-310|AccY:-191|AccZ:1735|MagX:1422|MagY:-5503|MagZ:1386|Lat:0.000000|Long:0.000000|Sat:0|
SGCanScience>Time:13334|NTC:614|Temp:35.44|Press:917.79|GyrX:-238|GyrY:1752|GyrZ:-2162|AccX:-313|AccY:-283|AccZ:1580|MagX:4279|MagY:-4193|MagZ:898|Lat:0.000000|Long:0.000000|Sat:0|
SGCanScience>Time:13516|NTC:609|Temp:35.44|Press:917.95|GyrX:332|GyrY:2623|GyrZ:-2549|AccX:-578|AccY:-295|AccZ:1599|MagX:6163|MagY:-2740|MagZ:-828|Lat:0.000000|Long:0.000000|Sat:0|
SGCanScience>Time:13697|NTC:608|Temp:35.43|Press:918.23|GyrX:243|GyrY:2835|GyrZ:-3205|AccX:-543|AccY:-265|AccZ:1624|MagX:5796|MagY:-1109|MagZ:-2564|Lat:0.000000|Long:0.000000|Sat:0|
SGCanScience>Time:13877|NTC:606|Temp:35.42|Press:918.45|GyrX:530|GyrY:2311|GyrZ:-3339|AccX:-259|AccY:-84|AccZ:1606|MagX:3272|MagY:-350|MagZ:-2723|Lat:0.000000|Long:0.000000|Sat:0|
SGCanScience>Time:14055|NTC:604|Temp:35.42|Press:918.66|GyrX:252|GyrY:1973|GyrZ:-3368|AccX:-72|AccY:43|AccZ:1533|MagX:83|MagY:-1355|MagZ:-2254|Lat:0.000000|Long:0.000000|Sat:0|
SGCanScience>Time:14233|NTC:614|Temp:35.42|Press:918.86|GyrX:-1346|GyrY:2260|GyrZ:-3670|AccX:-177|AccY:151|AccZ:1497|MagX:-1389|MagY:-3540|MagZ:-908|Lat:0.000000|Long:0.000000|Sat:0|
SGCanScience>Time:14413|NTC:610|Temp:35.41|Press:919.04|GyrX:-739|GyrY:1852|GyrZ:-2877|AccX:-74|AccY:284|AccZ:1541|MagX:-870|MagY:-5440|MagZ:549|Lat:0.000000|Long:0.000000|Sat:0|
SGCanScience>Time:14594|NTC:606|Temp:35.42|Press:919.32|GyrX:-819|GyrY:2484|GyrZ:-2696|AccX:-512|AccY:-183|AccZ:1553|MagX:2368|MagY:-4831|MagZ:1363|Lat:0.000000|Long:0.000000|Sat:0|
SGCanScience>Time:14776|NTC:603|Temp:35.41|Press:919.54|GyrX:-401|GyrY:3020|GyrZ:-2691|AccX:-686|AccY:-250|AccZ:1562|MagX:5070|MagY:-3771|MagZ:426|Lat:0.000000|Long:0.000000|Sat:0|
SGCanScience>Time:14956|NTC:611|Temp:35.41|Press:919.76|GyrX:-34|GyrY:2779|GyrZ:-2903|AccX:-478|AccY:-148|AccZ:1607|MagX:6024|MagY:-2400|MagZ:-930|Lat:0.000000|Long:0.000000|Sat:0|
SGCanScience>Time:15134|NTC:609|Temp:35.40|Press:919.95|GyrX:389|GyrY:2188|GyrZ:-2788|AccX:-387|AccY:-44|AccZ:1686|MagX:5146|MagY:-1030|MagZ:-1960|Lat:0.000000|Long:0.000000|Sat:0|
SGCanScience>Time:15314|NTC:604|Temp:35.40|Press:920.21|GyrX:62|GyrY:357|GyrZ:-2554|AccX:-150|AccY:225|AccZ:1602|MagX:2986|MagY:-739|MagZ:-1668|Lat:0.000000|Long:0.000000|Sat:0|
SGCanScience>Time:15493|NTC:609|Temp:35.39|Press:920.41|GyrX:201|GyrY:614|GyrZ:-1649|AccX:-362|AccY:171|AccZ:1708|MagX:1248|MagY:-1193|MagZ:-1434|Lat:0.000000|Long:0.000000|Sat:0|
SGCanScience>Time:15675|NTC:614|Temp:35.39|Press:920.63|GyrX:-535|GyrY:1076|GyrZ:-1324|AccX:-414|AccY:-21|AccZ:1677|MagX:213|MagY:-1580|MagZ:-1634|Lat:0.000000|Long:0.000000|Sat:0|
SGCanScience>Time:15855|NTC:603|Temp:35.39|Press:920.84|GyrX:-589|GyrY:1882|GyrZ:-1106|AccX:-425|AccY:-154|AccZ:1608|MagX:-69|MagY:-1774|MagZ:-1474|Lat:0.000000|Long:0.000000|Sat:0|
SGCanScience>Time:16033|NTC:613|Temp:35.39|Press:921.12|GyrX:-431|GyrY:1579|GyrZ:-1348|AccX:-468|AccY:-78|AccZ:1694|MagX:388|MagY:-2156|MagZ:-666|Lat:0.000000|Long:0.000000|Sat:0|
SGCanScience>Time:16214|NTC:609|Temp:35.39|Press:921.28|GyrX:902|GyrY:1016|GyrZ:-1309|AccX:-568|AccY:-204|AccZ:1568|MagX:702|MagY:-2763|MagZ:117|Lat:0.000000|Long:0.000000|Sat:0|
SGCanScience>Time:16392|NTC:604|Temp:35.39|Press:921.55|GyrX:99|GyrY:2702|GyrZ:-2498|AccX:-747|AccY:-357|AccZ:1572|MagX:1937|MagY:-3632|MagZ:960|Lat:0.000000|Long:0.000000|Sat:0|
SGCanScience>Time:16572|NTC:606|Temp:35.39|Press:921.76|GyrX:-809|GyrY:2416|GyrZ:-3607|AccX:-220|AccY:-31|AccZ:1512|MagX:2471|MagY:-4861|MagZ:1336|Lat:0.000000|Long:0.000000|Sat:0|
SGCanScience>Time:16754|NTC:602|Temp:35.38|Press:921.92|GyrX:174|GyrY:1809|GyrZ:-2948|AccX:-264|AccY:31|AccZ:1484|MagX:4197|MagY:-4386|MagZ:972|Lat:0.000000|Long:0.000000|Sat:0|
SGCanScience>Time:16930|NTC:603|Temp:35.39|Press:922.19|GyrX:-1040|GyrY:1765|GyrZ:-3158|AccX:-174|AccY:163|AccZ:1559|MagX:5416|MagY:-3124|MagZ:6|Lat:0.000000|Long:0.000000|Sat:0|
SGCanScience>Time:17108|NTC:611|Temp:35.38|Press:922.33|GyrX:631|GyrY:1136|GyrZ:-2161|AccX:-197|AccY:134|AccZ:1567|MagX:5140|MagY:-1542|MagZ:-1107|Lat:0.000000|Long:0.000000|Sat:0|
SGCanScience>Time:17289|NTC:608|Temp:35.38|Press:922.60|GyrX:-427|GyrY:1932|GyrZ:-2452|AccX:-119|AccY:40|AccZ:1610|MagX:3910|MagY:-515|MagZ:-2277|Lat:0.000000|Long:0.000000|Sat:0|
SGCanScience>Time:17469|NTC:611|Temp:35.38|Press:922.86|GyrX:794|GyrY:1232|GyrZ:-2014|AccX:-449|AccY:20|AccZ:1571|MagX:2029|MagY:-507|MagZ:-2684|Lat:0.000000|Long:0.000000|Sat:0|
SGCanScience>Time:17649|NTC:605|Temp:35.37|Press:923.04|GyrX:462|GyrY:1121|GyrZ:-2284|AccX:-666|AccY:-127|AccZ:1591|MagX:200|MagY:-1476|MagZ:-1896|Lat:0.000000|Long:0.000000|Sat:0|
SGCanScience>Time:17829|NTC:604|Temp:35.38|Press:923.31|GyrX:201|GyrY:1539|GyrZ:-2165|AccX:-375|AccY:6|AccZ:1699|MagX:-866|MagY:-3181|MagZ:-877|Lat:0.000000|Long:0.000000|Sat:0|
SGCanScience>Time:18008|NTC:610|Temp:35.36|Press:923.46|GyrX:-90|GyrY:2216|GyrZ:-2094|AccX:-272|AccY:-278|AccZ:1621|MagX:-337|MagY:-4217|MagZ:354|Lat:0.000000|Long:0.000000|Sat:0|
SGCanScience>Time:18186|NTC:614|Temp:35.37|Press:923.68|GyrX:-1090|GyrY:2241|GyrZ:-2663|AccX:-239|AccY:-199|AccZ:1528|MagX:1412|MagY:-4657|MagZ:1222|Lat:0.000000|Long:0.000000|Sat:0|
SGCanScience>Time:18366|NTC:603|Temp:35.35|Press:923.90|GyrX:272|GyrY:2045|GyrZ:-2297|AccX:-363|AccY:99|AccZ:1574|MagX:3882|MagY:-4941|MagZ:1144|Lat:0.000000|Long:0.000000|Sat:0|
SGCanScience>Time:18544|NTC:613|Temp:35.34|Press:924.11|GyrX:796|GyrY:1324|GyrZ:-2422|AccX:-337|AccY:-93|AccZ:1517|MagX:5415|MagY:-3861|MagZ:290|Lat:0.000000|Long:0.000000|Sat:0|
SGCanScience>Time:18724|NTC:613|Temp:35.36|Press:924.37|GyrX:644|GyrY:1153|GyrZ:-2557|AccX:-262|AccY:-107|AccZ:1587|MagX:5885|MagY:-2468|MagZ:-750|Lat:0.000000|Long:0.000000|Sat:0|
SGCanScience>Time:18907|NTC:603|Temp:35.34|Press:924.59|GyrX:270|GyrY:2501|GyrZ:-2562|AccX:-417|AccY:-162|AccZ:1602|MagX:5159|MagY:-885|MagZ:-2361|Lat:0.000000|Long:0.000000|Sat:0|
SGCanScience>Time:19087|NTC:602|Temp:35.34|Press:924.79|GyrX:-277|GyrY:4424|GyrZ:-2959|AccX:-317|AccY:-174|AccZ:1462|MagX:3133|MagY:-323|MagZ:-3109|Lat:0.000000|Long:0.000000|Sat:0|
SGCanScience>Time:19265|NTC:605|Temp:35.35|Press:925.05|GyrX:1235|GyrY:3317|GyrZ:-2796|AccX:-199|AccY:25|AccZ:1459|MagX:956|MagY:-1085|MagZ:-1947|Lat:0.000000|Long:0.000000|Sat:0|
SGCanScience>Time:19445|NTC:602|Temp:35.34|Press:925.26|GyrX:1142|GyrY:1561|GyrZ:-3256|AccX:-536|AccY:-63|AccZ:1496|MagX:41|MagY:-3047|MagZ:-14|Lat:0.000000|Long:0.000000|Sat:0|
SGCanScience>Time:19621|NTC:612|Temp:35.34|Press:925.48|GyrX:460|GyrY:1473|GyrZ:-3427|AccX:-602|AccY:-41|AccZ:1660|MagX:523|MagY:-5320|MagZ:1121|Lat:0.000000|Long:0.000000|Sat:0|
SGCanScience>Time:19802|NTC:604|Temp:35.34|Press:925.70|GyrX:-180|GyrY:1017|GyrZ:-2953|AccX:-559|AccY:-151|AccZ:1676|MagX:2412|MagY:-5773|MagZ:1314|Lat:0.000000|Long:0.000000|Sat:0|
SGCanScience>Time:19984|NTC:603|Temp:35.34|Press:925.93|GyrX:-250|GyrY:1269|GyrZ:-2227|AccX:-490|AccY:-50|AccZ:1660|MagX:3811|MagY:-5070|MagZ:1152|Lat:0.000000|Long:0.000000|Sat:3|
SGCanScience>Time:20166|NTC:605|Temp:35.34|Press:926.19|GyrX:-1642|GyrY:3077|GyrZ:-2415|AccX:-534|AccY:-567|AccZ:1564|MagX:5604|MagY:-2091|MagZ:-827|Lat:0.000000|Long:0.000000|Sat:3|
SGCanScience>Time:20346|NTC:602|Temp:35.33|Press:926.35|GyrX:-660|GyrY:3647|GyrZ:-2284|AccX:-437|AccY:-317|AccZ:1718|MagX:5670|MagY:-976|MagZ:-2864|Lat:0.000000|Long:0.000000|Sat:3|
SGCanScience>Time:20529|NTC:610|Temp:35.33|Press:926.61|GyrX:871|GyrY:3570|GyrZ:-2365|AccX:-640|AccY:-363|AccZ:1533|MagX:3929|MagY:-309|MagZ:-3934|Lat:0.000000|Long:0.000000|Sat:3|
SGCanScience>Time:20711|NTC:602|Temp:35.32|Press:926.83|GyrX:329|GyrY:1744|GyrZ:-3470|AccX:-450|AccY:-121|AccZ:1561|MagX:1158|MagY:-845|MagZ:-2323|Lat:39.107994|Long:-9.383668|Sat:3|
SGCanScience>Time:20893|NTC:604|Temp:35.31|Press:927.05|GyrX:904|GyrY:1210|GyrZ:-3138|AccX:-200|AccY:96|AccZ:1618|MagX:-1345|MagY:-3389|MagZ:-894|Lat:39.107994|Long:-9.383668|Sat:3|
SGCanScience>Time:21073|NTC:608|Temp:35.31|Press:927.23|GyrX:-66|GyrY:1273|GyrZ:-2785|AccX:-101|AccY:44|AccZ:1625|MagX:-1726|MagY:-5748|MagZ:-99|Lat:39.107994|Long:-9.383668|Sat:3|
SGCanScience>Time:21254|NTC:607|Temp:35.32|Press:927.51|GyrX:-183|GyrY:1136|GyrZ:-2032|AccX:43|AccY:384|AccZ:1579|MagX:-490|MagY:-6813|MagZ:723|Lat:39.107994|Long:-9.383668|Sat:3|
SGCanScience>Time:21432|NTC:610|Temp:35.30|Press:927.62|GyrX:517|GyrY:1846|GyrZ:-1267|AccX:-165|AccY:78|AccZ:1533|MagX:2317|MagY:-5507|MagZ:1429|Lat:39.107994|Long:-9.383668|Sat:3|
SGCanScience>Time:21614|NTC:609|Temp:35.31|Press:927.93|GyrX:607|GyrY:2800|GyrZ:-1698|AccX:-509|AccY:-181|AccZ:1547|MagX:5443|MagY:-3828|MagZ:277|Lat:39.107994|Long:-9.383668|Sat:3|
SGCanScience>Time:21796|NTC:608|Temp:35.30|Press:928.12|GyrX:1477|GyrY:1845|GyrZ:-1618|AccX:-381|AccY:71|AccZ:1673|MagX:6370|MagY:-2622|MagZ:-741|Lat:39.107994|Long:-9.383668|Sat:3|
SGCanScience>Time:21979|NTC:601|Temp:35.29|Press:928.36|GyrX:1210|GyrY:2355|GyrZ:-2149|AccX:-347|AccY:-176|AccZ:1544|MagX:5864|MagY:-1200|MagZ:-2637|Lat:39.107994|Long:-9.383668|Sat:3|
SGCanScience>Time:22161|NTC:611|Temp:35.30|Press:928.59|GyrX:918|GyrY:2076|GyrZ:-2798|AccX:-474|AccY:-78|AccZ:1593|MagX:3908|MagY:-333|MagZ:-3181|Lat:39.107994|Long:-9.383668|Sat:3|
SGCanScience>Time:22706|NTC:612|Temp:35.28|Press:929.25|GyrX:-1014|GyrY:3163|GyrZ:-3044|AccX:47|AccY:164|AccZ:1498|MagX:-955|MagY:-5136|MagZ:262|Lat:39.108020|Long:-9.383580|Sat:3|
SGCanScience>Time:23068|NTC:603|Temp:35.28|Press:929.68|GyrX:416|GyrY:73|GyrZ:-1875|AccX:-459|AccY:102|AccZ:1675|MagX:3222|MagY:-5217|MagZ:1309|Lat:39.108020|Long:-9.383580|Sat:3|
SGCanScience>Time:23248|NTC:602|Temp:35.26|Press:929.84|GyrX:31|GyrY:538|GyrZ:-1720|AccX:-547|AccY:-38|AccZ:1608|MagX:4562|MagY:-4626|MagZ:889|Lat:39.108020|Long:-9.383580|Sat:3|
SGCanScience>Time:23427|NTC:611|Temp:35.28|Press:930.09|GyrX:-93|GyrY:1744|GyrZ:-1515|AccX:-442|AccY:100|AccZ:1712|MagX:5654|MagY:-3843|MagZ:252|Lat:39.108020|Long:-9.383580|Sat:3|
SGCanScience>Time:23609|NTC:608|Temp:35.26|Press:930.29|GyrX:667|GyrY:665|GyrZ:-1150|AccX:-545|AccY:47|AccZ:1605|MagX:6322|MagY:-2656|MagZ:-1048|Lat:39.108020|Long:-9.383580|Sat:3|
SGCanScience>Time:23789|NTC:609|Temp:35.28|Press:930.57|GyrX:136|GyrY:1763|GyrZ:-1656|AccX:-412|AccY:81|AccZ:1681|MagX:6154|MagY:-1624|MagZ:-2267|Lat:39.108020|Long:-9.383580|Sat:3|
SGCanScience>Time:23971|NTC:601|Temp:35.26|Press:930.78|GyrX:1005|GyrY:2422|GyrZ:-1688|AccX:-119|AccY:144|AccZ:1559|MagX:5317|MagY:-823|MagZ:-2752|Lat:39.108020|Long:-9.383580|Sat:3|
SGCanScience>Time:24154|NTC:603|Temp:35.26|Press:931.01|GyrX:1418|GyrY:2080|GyrZ:-1999|AccX:-240|AccY:-26|AccZ:1496|MagX:3439|MagY:-269|MagZ:-3240|Lat:39.108020|Long:-9.383580|Sat:3|
SGCanScience>Time:24334|NTC:607|Temp:35.25|Press:931.19|GyrX:812|GyrY:2277|GyrZ:-2941|AccX:-623|AccY:-6|AccZ:1445|MagX:1384|MagY:-869|MagZ:-2010|Lat:39.108020|Long:-9.383580|Sat:3|
SGCanScience>Time:24514|NTC:609|Temp:35.25|Press:931.42|GyrX:817|GyrY:3293|GyrZ:-3419|AccX:-541|AccY:36|AccZ:1485|MagX:-9|MagY:-2971|MagZ:-122|Lat:39.108020|Long:-9.383580|Sat:3|
SGCanScience>Time:24696|NTC:600|Temp:35.26|Press:931.69|GyrX:537|GyrY:2798|GyrZ:-3480|AccX:-397|AccY:-82|AccZ:1479|MagX:654|MagY:-5056|MagZ:1128|Lat:39.108036|Long:-9.383534|Sat:3|
SGCanScience>Time:24877|NTC:611|Temp:35.24|Press:931.84|GyrX:-795|GyrY:3729|GyrZ:-3707|AccX:-390|AccY:-158|AccZ:1639|MagX:3498|MagY:-5114|MagZ:1231|Lat:39.108036|Long:-9.383534|Sat:3|
SGCanScience>Time:25059|NTC:611|Temp:35.25|Press:932.11|GyrX:-672|GyrY:2510|GyrZ:-3095|AccX:-173|AccY:199|AccZ:1618|MagX:5279|MagY:-3902|MagZ:391|Lat:39.108036|Long:-9.383534|Sat:3|
SGCanScience>Time:25239|NTC:605|Temp:35.24|Press:932.35|GyrX:143|GyrY:659|GyrZ:-2103|AccX:-46|AccY:229|AccZ:1485|MagX:5347|MagY:-2364|MagZ:-305|Lat:39.108036|Long:-9.383534|Sat:3|
SGCanScience>Time:25417|NTC:602|Temp:35.24|Press:932.53|GyrX:164|GyrY:883|GyrZ:-1550|AccX:-139|AccY:176|AccZ:1520|MagX:4948|MagY:-1360|MagZ:-1237|Lat:39.108036|Long:-9.383534|Sat:3|
SGCanScience>Time:25602|NTC:599|Temp:35.23|Press:932.82|GyrX:-126|GyrY:2340|GyrZ:-1620|AccX:-352|AccY:23|AccZ:1611|MagX:4156|MagY:-443|MagZ:-2711|Lat:39.108036|Long:-9.383534|Sat:3|
SGCanScience>Time:25784|NTC:598|Temp:35.24|Press:933.06|GyrX:566|GyrY:2513|GyrZ:-1678|AccX:-602|AccY:94|AccZ:1572|MagX:2798|MagY:-353|MagZ:-2923|Lat:39.108036|Long:-9.383534|Sat:3|
SGCanScience>Time:25964|NTC:608|Temp:35.24|Press:933.25|GyrX:1163|GyrY:2209|GyrZ:-2127|AccX:-657|AccY:71|AccZ:1560|MagX:1270|MagY:-986|MagZ:-1842|Lat:39.108036|Long:-9.383534|Sat:3|
SGCanScience>Time:26146|NTC:609|Temp:35.22|Press:933.43|GyrX:752|GyrY:1882|GyrZ:-2603|AccX:-240|AccY:-68|AccZ:1471|MagX:-438|MagY:-2620|MagZ:-789|Lat:39.108036|Long:-9.383534|Sat:3|
SGCanScience>Time:26327|NTC:598|Temp:35.23|Press:933.68|GyrX:711|GyrY:1616|GyrZ:-2360|AccX:-244|AccY:86|AccZ:1636|MagX:-460|MagY:-4505|MagZ:408|Lat:39.108036|Long:-9.383534|Sat:3|
SGCanScience>Time:26507|NTC:598|Temp:35.22|Press:933.87|GyrX:-118|GyrY:1018|GyrZ:-2275|AccX:-176|AccY:234|AccZ:1558|MagX:539|MagY:-5628|MagZ:1168|Lat:39.108036|Long:-9.383534|Sat:3|
SGCanScience>Time:26689|NTC:603|Temp:35.22|Press:934.12|GyrX:739|GyrY:787|GyrZ:-1475|AccX:-244|AccY:202|AccZ:1573|MagX:2120|MagY:-5892|MagZ:1384|Lat:39.108051|Long:-9.383524|Sat:3|
SGCanScience>Time:26871|NTC:605|Temp:35.22|Press:934.32|GyrX:598|GyrY:674|GyrZ:-1175|AccX:-184|AccY:51|AccZ:1529|MagX:3960|MagY:-4996|MagZ:1154|Lat:39.108051|Long:-9.383524|Sat:3|
SGCanScience>Time:27052|NTC:601|Temp:35.21|Press:934.56|GyrX:79|GyrY:1604|GyrZ:-1511|AccX:-337|AccY:-33|AccZ:1582|MagX:5988|MagY:-3781|MagZ:-120|Lat:39.108051|Long:-9.383524|Sat:3|
SGCanScience>Time:27230|NTC:609|Temp:35.22|Press:934.80|GyrX:1169|GyrY:691|GyrZ:-1360|AccX:-473|AccY:189|AccZ:1532|MagX:6693|MagY:-2905|MagZ:-1364|Lat:39.108051|Long:-9.383524|Sat:3|
SGCanScience>Time:27410|NTC:603|Temp:35.20|Press:934.98|GyrX:1220|GyrY:1860|GyrZ:-1838|AccX:-452|AccY:72|AccZ:1595|MagX:6185|MagY:-1576|MagZ:-2421|Lat:39.108051|Long:-9.383524|Sat:3|
SGCanScience>Time:27594|NTC:603|Temp:35.21|Press:935.24|GyrX:928|GyrY:2622|GyrZ:-2270|AccX:-452|AccY:-9|AccZ:1560|MagX:4682|MagY:-500|MagZ:-3078|Lat:39.108051|Long:-9.383524|Sat:3|
SGCanScience>Time:27777|NTC:599|Temp:35.20|Press:935.44|GyrX:1125|GyrY:2996|GyrZ:-2493|AccX:-525|AccY:78|AccZ:1544|MagX:2224|MagY:-478|MagZ:-2801|Lat:39.108051|Long:-9.383524|Sat:3|
SGCanScience>Time:27959|NTC:603|Temp:35.20|Press:935.67|GyrX:740|GyrY:1884|GyrZ:-2832|AccX:-341|AccY:41|AccZ:1506|MagX:3|MagY:-1790|MagZ:-1439|Lat:39.108051|Long:-9.383524|Sat:3|
SGCanScience>Time:28139|NTC:598|Temp:35.19|Press:935.90|GyrX:428|GyrY:1386|GyrZ:-2734|AccX:-261|AccY:41|AccZ:1615|MagX:-1167|MagY:-3986|MagZ:-316|Lat:39.108051|Long:-9.383524|Sat:3|
SGCanScience>Time:28319|NTC:606|Temp:35.18|Press:936.07|GyrX:169|GyrY:1470|GyrZ:-2144|AccX:-358|AccY:-11|AccZ:1699|MagX:-529|MagY:-5499|MagZ:688|Lat:39.108051|Long:-9.383524|Sat:3|
SGCanScience>Time:28499|NTC:598|Temp:35.19|Press:936.37|GyrX:-647|GyrY:2864|GyrZ:-2213|AccX:-392|AccY:-302|AccZ:1634|MagX:1995|MagY:-5143|MagZ:1386|Lat:39.108051|Long:-9.383524|Sat:3|
SGCanScience>Time:28684|NTC:599|Temp:35.18|Press:936.56|GyrX:-768|GyrY:3729|GyrZ:-2566|AccX:-118|AccY:-145|AccZ:1593|MagX:4644|MagY:-4381|MagZ:790|Lat:39.108066|Long:-9.383495|Sat:3|
SGCanScience>Time:28866|NTC:598|Temp:35.18|Press:936.83|GyrX:320|GyrY:1957|GyrZ:-2301|AccX:-83|AccY:113|AccZ:1492|MagX:6131|MagY:-3426|MagZ:-420|Lat:39.108066|Long:-9.383495|Sat:3|
SGCanScience>Time:29046|NTC:606|Temp:35.18|Press:937.00|GyrX:342|GyrY:1343|GyrZ:-2446|AccX:-295|AccY:145|AccZ:1527|MagX:6220|MagY:-1808|MagZ:-1813|Lat:39.108066|Long:-9.383495|Sat:3|
SGCanScience>Time:29227|NTC:604|Temp:35.16|Press:937.26|GyrX:41|GyrY:1762|GyrZ:-2752|AccX:-599|AccY:275|AccZ:1602|MagX:4897|MagY:-663|MagZ:-2612|Lat:39.108066|Long:-9.383495|Sat:3|
SGCanScience>Time:29407|NTC:607|Temp:35.16|Press:937.51|GyrX:354|GyrY:2449|GyrZ:-2484|AccX:-445|AccY:319|AccZ:1589|MagX:2714|MagY:-497|MagZ:-2357|Lat:39.108066|Long:-9.383495|Sat:3|
SGCanScience>Time:29589|NTC:608|Temp:35.16|Press:937.72|GyrX:337|GyrY:3137|GyrZ:-2373|AccX:-240|AccY:128|AccZ:1550|MagX:769|MagY:-1206|MagZ:-1830|Lat:39.108066|Long:-9.383495|Sat:3|
SGCanScience>Time:29773|NTC:607|Temp:35.15|Press:937.91|GyrX:755|GyrY:1941|GyrZ:-2327|AccX:-410|AccY:39|AccZ:1461|MagX:88|MagY:-2642|MagZ:-374|Lat:39.108066|Long:-9.383495|Sat:3|
SGCanScience>Time:29954|NTC:606|Temp:35.15|Press:938.16|GyrX:647|GyrY:2323|GyrZ:-2602|AccX:-443|AccY:61|AccZ:1571|MagX:490|MagY:-4303|MagZ:853|Lat:39.108066|Long:-9.383495|Sat:3|
SGCanScience>Time:30134|NTC:597|Temp:35.15|Press:938.39|GyrX:1082|GyrY:1941|GyrZ:-2471|AccX:-361|AccY:52|AccZ:1611|MagX:1962|MagY:-5313|MagZ:1386|Lat:39.108066|Long:-9.383495|Sat:3|
SGCanScience>Time:30314|NTC:608|Temp:35.15|Press:938.61|GyrX:-237|GyrY:2082|GyrZ:-2778|AccX:-192|AccY:-4|AccZ:1494|MagX:3622|MagY:-4955|MagZ:1264|Lat:39.108066|Long:-9.383495|Sat:3|
SGCanScience>Time:30494|NTC:599|Temp:35.14|Press:938.79|GyrX:-156|GyrY:2217|GyrZ:-2251|AccX:-130|AccY:296|AccZ:1494|MagX:5055|MagY:-4151|MagZ:568|Lat:39.108066|Long:-9.383495|Sat:3|
SGCanScience>Time:30676|NTC:604|Temp:35.13|Press:938.98|GyrX:-443|GyrY:2427|GyrZ:-2049|AccX:-91|AccY:122|AccZ:1510|MagX:5932|MagY:-2128|MagZ:-1155|Lat:39.108081|Long:-9.383487|Sat:3|
SGCanScience>Time:30859|NTC:600|Temp:35.11|Press:939.21|GyrX:-420|GyrY:2676|GyrZ:-2256|AccX:-424|AccY:170|AccZ:1499|MagX:5676|MagY:-1078|MagZ:-2634|Lat:39.108081|Long:-9.383487|Sat:3|
SGCanScience>Time:31043|NTC:596|Temp:35.12|Press:939.46|GyrX:671|GyrY:1610|GyrZ:-1774|AccX:-587|AccY:221|AccZ:1629|MagX:4374|MagY:-487|MagZ:-2790|Lat:39.108081|Long:-9.383487|Sat:3|
SGCanScience>Time:31221|NTC:596|Temp:35.12|Press:939.71|GyrX:-402|GyrY:2329|GyrZ:-2314|AccX:-607|AccY:-66|AccZ:1626|MagX:2651|MagY:-449|MagZ:-2724|Lat:39.108081|Long:-9.383487|Sat:3|
SGCanScience>Time:31401|NTC:600|Temp:35.11|Press:939.91|GyrX:-218|GyrY:1243|GyrZ:-2219|AccX:-274|AccY:266|AccZ:1515|MagX:1053|MagY:-1109|MagZ:-1830|Lat:39.108081|Long:-9.383487|Sat:3|
SGCanScience>Time:31586|NTC:607|Temp:35.10|Press:940.12|GyrX:475|GyrY:1349|GyrZ:-2081|AccX:-622|AccY:99|AccZ:1602|MagX:192|MagY:-2302|MagZ:-654|Lat:39.108081|Long:-9.383487|Sat:3|
SGCanScience>Time:31768|NTC:601|Temp:35.11|Press:940.37|GyrX:293|GyrY:1823|GyrZ:-2340|AccX:-470|AccY:-118|AccZ:1502|MagX:148|MagY:-3642|MagZ:368|Lat:39.108081|Long:-9.383487|Sat:3|
SGCanScience>Time:31950|NTC:598|Temp:35.11|Press:940.62|GyrX:753|GyrY:1536|GyrZ:-2160|AccX:-549|AccY:-69|AccZ:1668|MagX:1571|MagY:-4706|MagZ:1255|Lat:39.108081|Long:-9.383487|Sat:3|
SGCanScience>Time:32133|NTC:604|Temp:35.09|Press:940.78|GyrX:1175|GyrY:489|GyrZ:-2012|AccX:-502|AccY:-86|AccZ:1598|MagX:2979|MagY:-5209|MagZ:1370|Lat:39.108081|Long:-9.383487|Sat:3|
SGCanScience>Time:32311|NTC:597|Temp:35.09|Press:941.04|GyrX:398|GyrY:821|GyrZ:-2006|AccX:-328|AccY:32|AccZ:1704|MagX:3905|MagY:-5231|MagZ:1203|Lat:39.108081|Long:-9.383487|Sat:3|
SGCanScience>Time:32491|NTC:606|Temp:35.09|Press:941.25|GyrX:665|GyrY:822|GyrZ:-1400|AccX:-254|AccY:33|AccZ:1622|MagX:4819|MagY:-4416|MagZ:813|Lat:39.108081|Long:-9.383487|Sat:3|
SGCanScience>Time:32673|NTC:598|Temp:35.09|Press:941.45|GyrX:-449|GyrY:1753|GyrZ:-1654|AccX:-486|AccY:-13|AccZ:1612|MagX:5991|MagY:-2806|MagZ:-263|Lat:39.108100|Long:-9.383494|Sat:3|
SGCanScience>Time:32856|NTC:600|Temp:35.08|Press:941.65|GyrX:413|GyrY:2541|GyrZ:-1452|AccX:-503|AccY:-94|AccZ:1587|MagX:6215|MagY:-1621|MagZ:-2211|Lat:39.108100|Long:-9.383494|Sat:3|
SGCanScience>Time:33038|NTC:602|Temp:35.07|Press:941.91|GyrX:500|GyrY:2449|GyrZ:-1765|AccX:-289|AccY:75|AccZ:1531|MagX:5623|MagY:-961|MagZ:-2987|Lat:39.108100|Long:-9.383494|Sat:3|
SGCanScience>Time:33396|NTC:595|Temp:35.06|Press:942.37|GyrX:784|GyrY:1183|GyrZ:-2699|AccX:-198|AccY:315|AccZ:1560|MagX:1792|MagY:-737|MagZ:-2074|Lat:39.108100|Long:-9.383494|Sat:3|
SGCanScience>Time:33765|NTC:597|Temp:35.05|Press:942.79|GyrX:-5|GyrY:1949|GyrZ:-2484|AccX:-298|AccY:163|AccZ:1754|MagX:-815|MagY:-4504|MagZ:221|Lat:39.108100|Long:-9.383494|Sat:3|
SGCanScience>Time:33945|NTC:603|Temp:35.06|Press:943.03|GyrX:-60|GyrY:1090|GyrZ:-2060|AccX:-23|AccY:254|AccZ:1498|MagX:-624|MagY:-5719|MagZ:623|Lat:39.108100|Long:-9.383494|Sat:3|
SGCanScience>Time:34125|NTC:602|Temp:35.06|Press:943.25|GyrX:418|GyrY:453|GyrZ:-1405|AccX:-80|AccY:378|AccZ:1485|MagX:469|MagY:-6477|MagZ:1116|Lat:39.108100|Long:-9.383494|Sat:3|
SGCanScience>Time:34304|NTC:598|Temp:35.06|Press:943.43|GyrX:408|GyrY:-246|GyrZ:-793|AccX:-330|AccY:162|AccZ:1598|MagX:1671|MagY:-6442|MagZ:1325|Lat:39.108100|Long:-9.383494|Sat:3|
SGCanScience>Time:34484|NTC:599|Temp:35.06|Press:943.66|GyrX:-87|GyrY:997|GyrZ:-509|AccX:-381|AccY:-42|AccZ:1526|MagX:2719|MagY:-6074|MagZ:1350|Lat:39.108100|Long:-9.383494|Sat:3|
SGCanScience>Time:34666|NTC:603|Temp:35.05|Press:943.84|GyrX:-1422|GyrY:2169|GyrZ:-1000|AccX:-229|AccY:-15|AccZ:1495|MagX:4076|MagY:-5667|MagZ:1352|Lat:39.108100|Long:-9.383494|Sat:3|
SGCanScience>Time:34848|NTC:595|Temp:35.04|Press:944.06|GyrX:542|GyrY:1509|GyrZ:-426|AccX:-199|AccY:177|AccZ:1477|MagX:5466|MagY:-5696|MagZ:274|Lat:39.108100|Long:-9.383494|Sat:3|
SGCanScience>Time:35028|NTC:595|Temp:35.04|Press:944.31|GyrX:548|GyrY:476|GyrZ:-893|AccX:-20|AccY:200|AccZ:1524|MagX:5993|MagY:-5680|MagZ:-144|Lat:39.108100|Long:-9.383494|Sat:3|
SGCanScience>Time:35207|NTC:594|Temp:35.03|Press:944.48|GyrX:1380|GyrY:-1340|GyrZ:-922|AccX:-311|AccY:5|AccZ:1505|MagX:6415|MagY:-4895|MagZ:-498|Lat:39.108100|Long:-9.383494|Sat:3|
SGCanScience>Time:35387|NTC:601|Temp:35.03|Press:944.67|GyrX:1165|GyrY:-774|GyrZ:-1303|AccX:-596|AccY:-79|AccZ:1629|MagX:6171|MagY:-4317|MagZ:-219|Lat:39.108100|Long:-9.383494|Sat:3|
SGCanScience>Time:35571|NTC:597|Temp:35.03|Press:944.86|GyrX:1314|GyrY:-51|GyrZ:-784|AccX:-99|AccY:149|AccZ:1504|MagX:4797|MagY:-5050|MagZ:813|Lat:39.108100|Long:-9.383494|Sat:3|
SGCanScience>Time:35751|NTC:594|Temp:35.02|Press:944.97|GyrX:701|GyrY:27|GyrZ:259|AccX:-120|AccY:92|AccZ:1474|MagX:4617|MagY:-5741|MagZ:854|Lat:39.108100|Long:-9.383494|Sat:3|
SGCanScience>Time:35932|NTC:600|Temp:35.02|Press:945.20|GyrX:-631|GyrY:81|GyrZ:890|AccX:-92|AccY:135|AccZ:1516|MagX:4493|MagY:-6680|MagZ:685|Lat:39.108100|Long:-9.383494|Sat:3|
SGCanScience>Time:36110|NTC:599|Temp:35.01|Press:945.44|GyrX:-1699|GyrY:815|GyrZ:551|AccX:-134|AccY:101|AccZ:1420|MagX:4931|MagY:-6376|MagZ:498|Lat:39.108100|Long:-9.383494|Sat:3|
SGCanScience>Time:36288|NTC:600|Temp:35.01|Press:945.54|GyrX:-831|GyrY:1339|GyrZ:581|AccX:-394|AccY:-44|AccZ:1429|MagX:6155|MagY:-6066|MagZ:-390|Lat:39.108100|Long:-9.383494|Sat:3|
SGCanScience>Time:36468|NTC:596|Temp:35.00|Press:945.75|GyrX:47|GyrY:2484|GyrZ:-152|AccX:-535|AccY:54|AccZ:1327|MagX:6888|MagY:-6630|MagZ:-2061|Lat:39.108100|Long:-9.383494|Sat:3|
SGCanScience>Time:36651|NTC:604|Temp:34.99|Press:945.97|GyrX:1487|GyrY:948|GyrZ:-503|AccX:-242|AccY:74|AccZ:1340|MagX:7013|MagY:-6773|MagZ:-2964|Lat:39.108100|Long:-9.383494|Sat:3|
SGCanScience>Time:36831|NTC:592|Temp:35.00|Press:946.19|GyrX:947|GyrY:350|GyrZ:-1572|AccX:-206|AccY:-1|AccZ:1425|MagX:7489|MagY:-5520|MagZ:-3560|Lat:39.108100|Long:-9.383494|Sat:3|
SGCanScience>Time:37013|NTC:602|Temp:35.00|Press:946.37|GyrX:1398|GyrY:192|GyrZ:-2123|AccX:-392|AccY:69|AccZ:1456|MagX:7426|MagY:-3225|MagZ:-3683|Lat:39.108100|Long:-9.383494|Sat:3|
SGCanScience>Time:37193|NTC:603|Temp:35.00|Press:946.54|GyrX:1069|GyrY:3|GyrZ:-2747|AccX:-294|AccY:-15|AccZ:1374|MagX:5956|MagY:-1064|MagZ:-3569|Lat:39.108100|Long:-9.383494|Sat:3|
SGCanScience>Time:37371|NTC:600|Temp:35.00|Press:946.74|GyrX:816|GyrY:844|GyrZ:-2974|AccX:-589|AccY:-193|AccZ:1401|MagX:2953|MagY:-294|MagZ:-3243|Lat:39.108100|Long:-9.383494|Sat:3|
SGCanScience>Time:37556|NTC:598|Temp:35.00|Press:946.98|GyrX:529|GyrY:2210|GyrZ:-3125|AccX:-362|AccY:0|AccZ:1690|MagX:367|MagY:-1522|MagZ:-1732|Lat:39.108100|Long:-9.383494|Sat:3|
SGCanScience>Time:37736|NTC:591|Temp:34.99|Press:947.09|GyrX:-651|GyrY:1459|GyrZ:-3175|AccX:-348|AccY:-94|AccZ:1387|MagX:-934|MagY:-3318|MagZ:-643|Lat:39.108100|Long:-9.383494|Sat:3|
SGCanScience>Time:37918|NTC:593|Temp:34.99|Press:947.35|GyrX:-1|GyrY:2065|GyrZ:-2817|AccX:-321|AccY:126|AccZ:1413|MagX:-696|MagY:-5317|MagZ:605|Lat:39.108100|Long:-9.383494|Sat:3|
SGCanScience>Time:38098|NTC:602|Temp:34.98|Press:947.52|GyrX:-344|GyrY:1862|GyrZ:-2344|AccX:-310|AccY:-83|AccZ:1461|MagX:1549|MagY:-5457|MagZ:1501|Lat:39.108100|Long:-9.383494|Sat:3|
SGCanScience>Time:38279|NTC:596|Temp:34.98|Press:947.77|GyrX:-498|GyrY:1741|GyrZ:-2041|AccX:-154|AccY:195|AccZ:1612|MagX:3446|MagY:-5266|MagZ:1247|Lat:39.108100|Long:-9.383494|Sat:3|
SGCanScience>Time:38459|NTC:591|Temp:34.98|Press:947.99|GyrX:565|GyrY:1356|GyrZ:-1433|AccX:-447|AccY:-160|AccZ:1573|MagX:5677|MagY:-3525|MagZ:14|Lat:39.108100|Long:-9.383494|Sat:3|
SGCanScience>Time:38643|NTC:593|Temp:34.98|Press:948.25|GyrX:151|GyrY:2671|GyrZ:-1991|AccX:-652|AccY:-372|AccZ:1519|MagX:6680|MagY:-2174|MagZ:-2225|Lat:39.108100|Long:-9.383494|Sat:3|
SGCanScience>Time:38825|NTC:602|Temp:34.96|Press:948.45|GyrX:1004|GyrY:1947|GyrZ:-2068|AccX:-637|AccY:-232|AccZ:1597|MagX:5924|MagY:-1111|MagZ:-3349|Lat:39.108100|Long:-9.383494|Sat:3|
SGCanScience>Time:39010|NTC:591|Temp:34.96|Press:948.65|GyrX:989|GyrY:1861|GyrZ:-2637|AccX:-753|AccY:-266|AccZ:1689|MagX:3752|MagY:-298|MagZ:-3230|Lat:39.108100|Long:-9.383494|Sat:3|
SGCanScience>Time:39190|NTC:601|Temp:34.97|Press:948.90|GyrX:365|GyrY:1393|GyrZ:-3291|AccX:-361|AccY:-64|AccZ:1563|MagX:1113|MagY:-1036|MagZ:-1866|Lat:39.108100|Long:-9.383494|Sat:3|
SGCanScience>Time:39370|NTC:600|Temp:34.96|Press:949.14|GyrX:989|GyrY:2177|GyrZ:-2892|AccX:-301|AccY:-100|AccZ:1684|MagX:-553|MagY:-3111|MagZ:-461|Lat:39.108100|Long:-9.383494|Sat:3|
SGCanScience>Time:39553|NTC:595|Temp:34.96|Press:949.33|GyrX:486|GyrY:2115|GyrZ:-2749|AccX:-299|AccY:-290|AccZ:1553|MagX:334|MagY:-4467|MagZ:828|Lat:39.108100|Long:-9.383494|Sat:3|
SGCanScience>Time:39735|NTC:601|Temp:34.95|Press:949.53|GyrX:-42|GyrY:2162|GyrZ:-2672|AccX:-11|AccY:65|AccZ:1580|MagX:1947|MagY:-5359|MagZ:1338|Lat:39.108100|Long:-9.383494|Sat:3|
SGCanScience>Time:39917|NTC:596|Temp:34.94|Press:949.78|GyrX:1210|GyrY:2031|GyrZ:-1888|AccX:-156|AccY:282|AccZ:1624|MagX:4603|MagY:-4687|MagZ:827|Lat:39.108100|Long:-9.383494|Sat:3|
SGCanScience>Time:40097|NTC:591|Temp:34.95|Press:949.98|GyrX:473|GyrY:2452|GyrZ:-2192|AccX:-304|AccY:64|AccZ:1511|MagX:5918|MagY:-3108|MagZ:-347|Lat:39.108100|Long:-9.383494|Sat:3|
SGCanScience>Time:40278|NTC:590|Temp:34.94|Press:950.26|GyrX:617|GyrY:3222|GyrZ:-1933|AccX:-226|AccY:-13|AccZ:1570|MagX:6064|MagY:-1824|MagZ:-1644|Lat:39.108100|Long:-9.383494|Sat:3|
SGCanScience>Time:40458|NTC:601|Temp:34.93|Press:950.41|GyrX:-130|GyrY:2290|GyrZ:-2211|AccX:-158|AccY:36|AccZ:1561|MagX:5241|MagY:-756|MagZ:-2769|Lat:39.108100|Long:-9.383494|Sat:3|
SGCanScience>Time:40640|NTC:596|Temp:34.93|Press:950.66|GyrX:422|GyrY:2649|GyrZ:-2248|AccX:-276|AccY:128|AccZ:1477|MagX:3581|MagY:-352|MagZ:-2987|Lat:39.108100|Long:-9.383494|Sat:3|
SGCanScience>Time:40822|NTC:597|Temp:34.93|Press:950.82|GyrX:1053|GyrY:1229|GyrZ:-2384|AccX:-265|AccY:44|AccZ:1555|MagX:1513|MagY:-869|MagZ:-1595|Lat:39.108100|Long:-9.383494|Sat:3|
SGCanScience>Time:41005|NTC:595|Temp:34.93|Press:951.16|GyrX:1499|GyrY:-136|GyrZ:-2403|AccX:-445|AccY:98|AccZ:1532|MagX:-85|MagY:-2653|MagZ:-457|Lat:39.108100|Long:-9.383494|Sat:3|
SGCanScience>Time:41185|NTC:596|Temp:34.92|Press:951.30|GyrX:10|GyrY:1009|GyrZ:-2792|AccX:-475|AccY:-47|AccZ:1585|MagX:-357|MagY:-4591|MagZ:583|Lat:39.108100|Long:-9.383494|Sat:3|
SGCanScience>Time:41363|NTC:589|Temp:34.91|Press:951.48|GyrX:-215|GyrY:2013|GyrZ:-2638|AccX:-151|AccY:93|AccZ:1629|MagX:806|MagY:-5702|MagZ:1237|Lat:39.108100|Long:-9.383494|Sat:3|
SGCanScience>Time:41545|NTC:590|Temp:34.92|Press:951.78|GyrX:333|GyrY:2620|GyrZ:-2115|AccX:-242|AccY:-144|AccZ:1548|MagX:3997|MagY:-4655|MagZ:1062|Lat:39.108100|Long:-9.383494|Sat:3|
SGCanScience>Time:41728|NTC:598|Temp:34.91|Press:951.99|GyrX:295|GyrY:2256|GyrZ:-2348|AccX:-196|AccY:2|AccZ:1570|MagX:5939|MagY:-3616|MagZ:-178|Lat:39.108100|Long:-9.383494|Sat:3|
SGCanScience>Time:41908|NTC:589|Temp:34.91|Press:952.23|GyrX:1287|GyrY:1848|GyrZ:-2093|AccX:-247|AccY:-96|AccZ:1503|MagX:6339|MagY:-1800|MagZ:-2110|Lat:39.108100|Long:-9.383494|Sat:3|
SGCanScience>Time:42092|NTC:592|Temp:34.90|Press:952.42|GyrX:401|GyrY:1407|GyrZ:-2691|AccX:-146|AccY:40|AccZ:1588|MagX:4931|MagY:-628|MagZ:-2723|Lat:39.108100|Long:-9.383494|Sat:3|
SGCanScience>Time:42450|NTC:599|Temp:34.89|Press:952.87|GyrX:868|GyrY:2451|GyrZ:-2702|AccX:-350|AccY:2|AccZ:1584|MagX:407|MagY:-1463|MagZ:-1764|Lat:39.108100|Long:-9.383494|Sat:3|
SGCanScience>Time:42633|NTC:594|Temp:34.89|Press:953.12|GyrX:495|GyrY:3041|GyrZ:-2976|AccX:-204|AccY:55|AccZ:1490|MagX:-396|MagY:-3359|MagZ:-115|Lat:39.108100|Long:-9.383494|Sat:3|
SGCanScience>Time:42815|NTC:595|Temp:34.88|Press:953.29|GyrX:1238|GyrY:2344|GyrZ:-2652|AccX:-236|AccY:102|AccZ:1319|MagX:983|MagY:-4899|MagZ:1164|Lat:39.108100|Long:-9.383494|Sat:3|
SGCanScience>Time:42995|NTC:589|Temp:34.88|Press:953.58|GyrX:851|GyrY:2226|GyrZ:-2535|AccX:-424|AccY:190|AccZ:1583|MagX:3430|MagY:-5321|MagZ:1238|Lat:39.108100|Long:-9.383494|Sat:3|
SGCanScience>Time:43175|NTC:600|Temp:34.87|Press:953.73|GyrX:-503|GyrY:2773|GyrZ:-2792|AccX:-211|AccY:22|AccZ:1515|MagX:5124|MagY:-4168|MagZ:546|Lat:39.108100|Long:-9.383494|Sat:3|
SGCanScience>Time:43356|NTC:594|Temp:34.86|Press:953.94|GyrX:29|GyrY:3137|GyrZ:-2410|AccX:-184|AccY:106|AccZ:1571|MagX:6305|MagY:-2500|MagZ:-1084|Lat:39.108100|Long:-9.383494|Sat:3|
SGCanScience>Time:43538|NTC:592|Temp:34.86|Press:954.23|GyrX:1043|GyrY:2204|GyrZ:-2130|AccX:-203|AccY:4|AccZ:1507|MagX:5644|MagY:-956|MagZ:-2778|Lat:39.108100|Long:-9.383494|Sat:3|
SGCanScience>Time:43720|NTC:601|Temp:34.86|Press:954.46|GyrX:1521|GyrY:648|GyrZ:-2192|AccX:-440|AccY:59|AccZ:1650|MagX:3708|MagY:-341|MagZ:-2962|Lat:39.108131|Long:-9.383671|Sat:3|
SGCanScience>Time:43900|NTC:590|Temp:34.86|Press:954.71|GyrX:1097|GyrY:1205|GyrZ:-2396|AccX:-522|AccY:24|AccZ:1540|MagX:962|MagY:-963|MagZ:-2074|Lat:39.108131|Long:-9.383671|Sat:3|
SGCanScience>Time:44083|NTC:601|Temp:34.86|Press:954.92|GyrX:468|GyrY:2154|GyrZ:-2562|AccX:-382|AccY:-12|AccZ:1633|MagX:-634|MagY:-2638|MagZ:-921|Lat:39.108131|Long:-9.383671|Sat:3|
SGCanScience>Time:44263|NTC:589|Temp:34.86|Press:955.12|GyrX:404|GyrY:1329|GyrZ:-2249|AccX:-290|AccY:56|AccZ:1568|MagX:-629|MagY:-4266|MagZ:198|Lat:39.108131|Long:-9.383671|Sat:3|
SGCanScience>Time:44441|NTC:600|Temp:34.86|Press:955.32|GyrX:751|GyrY:1364|GyrZ:-1875|AccX:-531|AccY:60|AccZ:1597|MagX:937|MagY:-5224|MagZ:1208|Lat:39.108131|Long:-9.383671|Sat:3|
SGCanScience>Time:44623|NTC:589|Temp:34.85|Press:955.61|GyrX:860|GyrY:2149|GyrZ:-1703|AccX:-306|AccY:-31|AccZ:1556|MagX:2951|MagY:-5158|MagZ:1330|Lat:39.108131|Long:-9.383671|Sat:3|
SGCanScience>Time:44806|NTC:590|Temp:34.85|Press:955.81|GyrX:1135|GyrY:2409|GyrZ:-1648|AccX:-235|AccY:24|AccZ:1651|MagX:5089|MagY:-4632|MagZ:638|Lat:39.108131|Long:-9.383671|Sat:3|
SGCanScience>Time:44986|NTC:600|Temp:34.84|Press:956.07|GyrX:991|GyrY:2095|GyrZ:-2049|AccX:-234|AccY:42|AccZ:1626|MagX:6545|MagY:-3362|MagZ:-908|Lat:39.108131|Long:-9.383671|Sat:3|
SGCanScience>Time:45166|NTC:598|Temp:34.83|Press:956.24|GyrX:771|GyrY:503|GyrZ:-2165|AccX:-130|AccY:212|AccZ:1531|MagX:6349|MagY:-1934|MagZ:-1752|Lat:39.108131|Long:-9.383671|Sat:3|
SGCanScience>Time:45346|NTC:596|Temp:34.83|Press:956.47|GyrX:1085|GyrY:-143|GyrZ:-1933|AccX:-371|AccY:290|AccZ:1445|MagX:4953|MagY:-896|MagZ:-1954|Lat:39.108131|Long:-9.383671|Sat:3|
SGCanScience>Time:45529|NTC:593|Temp:34.82|Press:956.63|GyrX:1218|GyrY:622|GyrZ:-1551|AccX:-434|AccY:253|AccZ:1566|MagX:3150|MagY:-761|MagZ:-1676|Lat:39.108131|Long:-9.383671|Sat:3|
SGCanScience>Time:45711|NTC:588|Temp:34.81|Press:956.88|GyrX:561|GyrY:570|GyrZ:-1236|AccX:-234|AccY:367|AccZ:1593|MagX:1697|MagY:-1263|MagZ:-1171|Lat:39.108173|Long:-9.383714|Sat:3|
SGCanScience>Time:45893|NTC:590|Temp:34.81|Press:957.09|GyrX:-262|GyrY:1908|GyrZ:-934|AccX:-298|AccY:-110|AccZ:1656|MagX:773|MagY:-1122|MagZ:-1949|Lat:39.108173|Long:-9.383714|Sat:3|
SGCanScience>Time:46075|NTC:599|Temp:34.80|Press:957.32|GyrX:146|GyrY:1364|GyrZ:-527|AccX:-189|AccY:-55|AccZ:1523|MagX:837|MagY:-1201|MagZ:-1768|Lat:39.108173|Long:-9.383714|Sat:3|
SGCanScience>Time:46254|NTC:598|Temp:34.80|Press:957.58|GyrX:466|GyrY:2582|GyrZ:-865|AccX:-315|AccY:-110|AccZ:1490|MagX:1259|MagY:-1455|MagZ:-1094|Lat:39.108173|Long:-9.383714|Sat:3|
SGCanScience>Time:46434|NTC:591|Temp:34.80|Press:957.84|GyrX:1491|GyrY:1049|GyrZ:-1007|AccX:-109|AccY:91|AccZ:1607|MagX:1443|MagY:-2329|MagZ:92|Lat:39.108173|Long:-9.383714|Sat:3|
SGCanScience>Time:46616|NTC:596|Temp:34.80|Press:958.02|GyrX:1088|GyrY:-243|GyrZ:-1696|AccX:-576|AccY:-2|AccZ:1483|MagX:1875|MagY:-3320|MagZ:841|Lat:39.108173|Long:-9.383714|Sat:3|
SGCanScience>Time:46798|NTC:596|Temp:34.80|Press:958.27|GyrX:315|GyrY:520|GyrZ:-2436|AccX:-520|AccY:-85|AccZ:1628|MagX:1266|MagY:-4536|MagZ:1135|Lat:39.108173|Long:-9.383714|Sat:3|
SGCanScience>Time:46979|NTC:587|Temp:34.80|Press:958.45|GyrX:-281|GyrY:487|GyrZ:-2240|AccX:-466|AccY:-120|AccZ:1631|MagX:1628|MagY:-5590|MagZ:1146|Lat:39.108173|Long:-9.383714|Sat:3|
SGCanScience>Time:47161|NTC:589|Temp:34.80|Press:958.69|GyrX:-24|GyrY:-248|GyrZ:-1483|AccX:-379|AccY:45|AccZ:1604|MagX:2249|MagY:-6152|MagZ:1382|Lat:39.108173|Long:-9.383714|Sat:3|
SGCanScience>Time:47339|NTC:599|Temp:34.79|Press:958.85|GyrX:-868|GyrY:1597|GyrZ:-1286|AccX:-579|AccY:-176|AccZ:1603|MagX:4116|MagY:-5219|MagZ:1106|Lat:39.108173|Long:-9.383714|Sat:3|
SGCanScience>Time:47523|NTC:587|Temp:34.79|Press:959.09|GyrX:270|GyrY:1293|GyrZ:-825|AccX:-469|AccY:-102|AccZ:1592|MagX:5321|MagY:-4742|MagZ:509|Lat:39.108173|Long:-9.383714|Sat:3|
SGCanScience>Time:47706|NTC:592|Temp:34.77|Press:959.32|GyrX:-101|GyrY:2940|GyrZ:-1435|AccX:-594|AccY:-186|AccZ:1502|MagX:6794|MagY:-3813|MagZ:-1030|Lat:39.108222|Long:-9.383770|Sat:3|
SGCanScience>Time:47888|NTC:588|Temp:34.76|Press:959.55|GyrX:919|GyrY:1208|GyrZ:-1529|AccX:-574|AccY:-94|AccZ:1627|MagX:7147|MagY:-3028|MagZ:-2468|Lat:39.108222|Long:-9.383770|Sat:3|
SGCanScience>Time:48070|NTC:598|Temp:34.77|Press:959.78|GyrX:-99|GyrY:1337|GyrZ:-2342|AccX:-445|AccY:-281|AccZ:1484|MagX:6342|MagY:-1613|MagZ:-2631|Lat:39.108222|Long:-9.383770|Sat:3|
SGCanScience>Time:48250|NTC:598|Temp:34.76|Press:959.97|GyrX:-524|GyrY:1399|GyrZ:-2406|AccX:-213|AccY:196|AccZ:1586|MagX:5230|MagY:-1014|MagZ:-2013|Lat:39.108222|Long:-9.383770|Sat:3|
SGCanScience>Time:48433|NTC:589|Temp:34.76|Press:960.19|GyrX:331|GyrY:1594|GyrZ:-1761|AccX:-304|AccY:-63|AccZ:1551|MagX:3645|MagY:-379|MagZ:-2634|Lat:39.108222|Long:-9.383770|Sat:3|
SGCanScience>Time:48615|NTC:592|Temp:34.77|Press:960.40|GyrX:-1111|GyrY:2328|GyrZ:-2362|AccX:-157|AccY:67|AccZ:1540|MagX:2140|MagY:-531|MagZ:-2579|Lat:39.108222|Long:-9.383770|Sat:3|
SGCanScience>Time:48797|NTC:587|Temp:34.76|Press:960.65|GyrX:8|GyrY:2708|GyrZ:-1908|AccX:-280|AccY:244|AccZ:1469|MagX:946|MagY:-1217|MagZ:-1618|Lat:39.108222|Long:-9.383770|Sat:3|
SGCanScience>Time:48979|NTC:589|Temp:34.75|Press:960.84|GyrX:845|GyrY:2852|GyrZ:-1852|AccX:-400|AccY:149|AccZ:1387|MagX:745|MagY:-2153|MagZ:-438|Lat:39.108222|Long:-9.383770|Sat:3|
SGCanScience>Time:49158|NTC:593|Temp:34.74|Press:961.08|GyrX:1038|GyrY:2786|GyrZ:-2247|AccX:-435|AccY:286|AccZ:1481|MagX:1432|MagY:-3851|MagZ:931|Lat:39.108222|Long:-9.383770|Sat:3|
SGCanScience>Time:49338|NTC:597|Temp:34.74|Press:961.33|GyrX:1951|GyrY:2538|GyrZ:-2322|AccX:-470|AccY:25|AccZ:1439|MagX:2729|MagY:-4862|MagZ:1347|Lat:39.108222|Long:-9.383770|Sat:3|
SGCanScience>Time:49520|NTC:590|Temp:34.74|Press:961.53|GyrX:514|GyrY:1914|GyrZ:-3234|AccX:-500|AccY:-65|AccZ:1615|MagX:4557|MagY:-4879|MagZ:893|Lat:39.108222|Long:-9.383770|Sat:3|
SGCanScience>Time:49702|NTC:596|Temp:34.73|Press:961.73|GyrX:-5|GyrY:1462|GyrZ:-3119|AccX:-312|AccY:145|AccZ:1579|MagX:5212|MagY:-4019|MagZ:471|Lat:39.108238|Long:-9.383855|Sat:3|
SGCanScience>Time:49883|NTC:594|Temp:34.73|Press:961.95|GyrX:-1079|GyrY:2165|GyrZ:-2872|AccX:-85|AccY:128|AccZ:1413|MagX:5186|MagY:-2277|MagZ:-201|Lat:39.108238|Long:-9.383855|Sat:3|
SGCanScience>Time:50065|NTC:596|Temp:34.73|Press:962.16|GyrX:-921|GyrY:1980|GyrZ:-2170|AccX:-273|AccY:79|AccZ:1501|MagX:4599|MagY:-843|MagZ:-1782|Lat:39.108238|Long:-9.383855|Sat:3|
SGCanScience>Time:50245|NTC:585|Temp:34.72|Press:962.36|GyrX:-254|GyrY:1684|GyrZ:-1651|AccX:-228|AccY:286|AccZ:1518|MagX:3731|MagY:-530|MagZ:-2265|Lat:39.108238|Long:-9.383855|Sat:3|
SGCanScience>Time:50425|NTC:586|Temp:34.72|Press:962.65|GyrX:669|GyrY:1528|GyrZ:-1445|AccX:-450|AccY:104|AccZ:1544|MagX:2406|MagY:-410|MagZ:-2657|Lat:39.108238|Long:-9.383855|Sat:3|
SGCanScience>Time:50608|NTC:586|Temp:34.70|Press:962.85|GyrX:-257|GyrY:2062|GyrZ:-2103|AccX:-359|AccY:174|AccZ:1539|MagX:1238|MagY:-1041|MagZ:-1679|Lat:39.108238|Long:-9.383855|Sat:3|
SGCanScience>Time:50792|NTC:590|Temp:34.71|Press:963.06|GyrX:111|GyrY:2305|GyrZ:-2112|AccX:-584|AccY:-242|AccZ:1492|MagX:452|MagY:-1968|MagZ:-842|Lat:39.108238|Long:-9.383855|Sat:3|
SGCanScience>Time:50972|NTC:593|Temp:34.70|Press:963.36|GyrX:-443|GyrY:2323|GyrZ:-2645|AccX:-292|AccY:-163|AccZ:1662|MagX:471|MagY:-3346|MagZ:387|Lat:39.108238|Long:-9.383855|Sat:3|
SGCanScience>Time:51154|NTC:589|Temp:34.69|Press:963.54|GyrX:169|GyrY:1476|GyrZ:-2345|AccX:-252|AccY:-48|AccZ:1517|MagX:1264|MagY:-4537|MagZ:1161|Lat:39.108238|Long:-9.383855|Sat:3|
SGCanScience>Time:51333|NTC:591|Temp:34.70|Press:963.78|GyrX:-555|GyrY:1511|GyrZ:-2946|AccX:-153|AccY:68|AccZ:1626|MagX:2939|MagY:-4845|MagZ:1341|Lat:39.108238|Long:-9.383855|Sat:3|
SGCanScience>Time:51515|NTC:596|Temp:34.69|Press:964.01|GyrX:929|GyrY:1404|GyrZ:-2223|AccX:-565|AccY:119|AccZ:1569|MagX:5358|MagY:-4021|MagZ:361|Lat:39.108238|Long:-9.383855|Sat:3|
SGCanScience>Time:51697|NTC:593|Temp:34.68|Press:964.26|GyrX:69|GyrY:2757|GyrZ:-2975|AccX:-459|AccY:-98|AccZ:1537|MagX:6246|MagY:-2131|MagZ:-1326|Lat:39.108249|Long:-9.383938|Sat:3|
SGCanScience>Time:51879|NTC:593|Temp:34.67|Press:964.43|GyrX:1025|GyrY:2537|GyrZ:-2638|AccX:-388|AccY:21|AccZ:1570|MagX:5183|MagY:-844|MagZ:-2456|Lat:39.108249|Long:-9.383938|Sat:3|
SGCanScience>Time:52062|NTC:595|Temp:34.66|Press:964.64|GyrX:878|GyrY:3204|GyrZ:-2979|AccX:-390|AccY:-73|AccZ:1532|MagX:2831|MagY:-421|MagZ:-2773|Lat:39.108249|Long:-9.383938|Sat:3|
SGCanScience>Time:52240|NTC:588|Temp:34.67|Press:964.91|GyrX:1062|GyrY:2336|GyrZ:-3103|AccX:-304|AccY:-240|AccZ:1507|MagX:389|MagY:-1512|MagZ:-1541|Lat:39.108249|Long:-9.383938|Sat:3|
SGCanScience>Time:52422|NTC:587|Temp:34.67|Press:965.18|GyrX:343|GyrY:321|GyrZ:-3283|AccX:-316|AccY:-26|AccZ:1579|MagX:-666|MagY:-3898|MagZ:71|Lat:39.108249|Long:-9.383938|Sat:3|
SGCanScience>Time:52602|NTC:588|Temp:34.65|Press:965.35|GyrX:-359|GyrY:1476|GyrZ:-3037|AccX:-351|AccY:-79|AccZ:1784|MagX:40|MagY:-5635|MagZ:1001|Lat:39.108249|Long:-9.383938|Sat:3|
SGCanScience>Time:52785|NTC:585|Temp:34.65|Press:965.57|GyrX:688|GyrY:1017|GyrZ:-1898|AccX:-233|AccY:-20|AccZ:1697|MagX:2509|MagY:-5526|MagZ:1397|Lat:39.108249|Long:-9.383938|Sat:3|
SGCanScience>Time:52967|NTC:584|Temp:34.64|Press:965.79|GyrX:-330|GyrY:2342|GyrZ:-2014|AccX:-266|AccY:-272|AccZ:1578|MagX:5047|MagY:-3665|MagZ:498|Lat:39.108249|Long:-9.383938|Sat:3|
SGCanScience>Time:53147|NTC:591|Temp:34.65|Press:966.09|GyrX:640|GyrY:2099|GyrZ:-1692|AccX:-468|AccY:-134|AccZ:1575|MagX:6548|MagY:-2432|MagZ:-1605|Lat:39.108249|Long:-9.383938|Sat:3|
SGCanScience>Time:53327|NTC:594|Temp:34.62|Press:966.24|GyrX:1381|GyrY:1258|GyrZ:-1824|AccX:-642|AccY:-207|AccZ:1566|MagX:6026|MagY:-1185|MagZ:-3047|Lat:39.108249|Long:-9.383938|Sat:3|
SGCanScience>Time:53512|NTC:593|Temp:34.62|Press:966.49|GyrX:1035|GyrY:1494|GyrZ:-2387|AccX:-482|AccY:-109|AccZ:1620|MagX:4344|MagY:-498|MagZ:-2572|Lat:39.108249|Long:-9.383938|Sat:3|
SGCanScience>Time:53696|NTC:586|Temp:34.62|Press:966.72|GyrX:377|GyrY:1241|GyrZ:-2583|AccX:-214|AccY:-70|AccZ:1585|MagX:1492|MagY:-702|MagZ:-2419|Lat:39.108257|Long:-9.384005|Sat:3|
SGCanScience>Time:53876|NTC:594|Temp:34.63|Press:966.96|GyrX:-155|GyrY:1946|GyrZ:-2451|AccX:-80|AccY:150|AccZ:1531|MagX:-220|MagY:-2008|MagZ:-1540|Lat:39.108257|Long:-9.384005|Sat:3|
SGCanScience>Time:54059|NTC:583|Temp:34.60|Press:967.11|GyrX:745|GyrY:1211|GyrZ:-1737|AccX:-110|AccY:75|AccZ:1520|MagX:-895|MagY:-3258|MagZ:-488|Lat:39.108257|Long:-9.384005|Sat:3|
SGCanScience>Time:54239|NTC:588|Temp:34.61|Press:967.41|GyrX:437|GyrY:761|GyrZ:-1516|AccX:-352|AccY:124|AccZ:1587|MagX:-119|MagY:-4365|MagZ:578|Lat:39.108257|Long:-9.384005|Sat:3|
SGCanScience>Time:54417|NTC:589|Temp:34.60|Press:967.64|GyrX:-111|GyrY:1435|GyrZ:-1609|AccX:-308|AccY:152|AccZ:1606|MagX:920|MagY:-5003|MagZ:1155|Lat:39.108257|Long:-9.384005|Sat:3|
SGCanScience>Time:54601|NTC:591|Temp:34.59|Press:967.83|GyrX:-264|GyrY:1033|GyrZ:-1671|AccX:-479|AccY:-87|AccZ:1582|MagX:3053|MagY:-4861|MagZ:1325|Lat:39.108257|Long:-9.384005|Sat:3|
SGCanScience>Time:54784|NTC:593|Temp:34.59|Press:968.06|GyrX:400|GyrY:1231|GyrZ:-1747|AccX:-460|AccY:112|AccZ:1596|MagX:4103|MagY:-5162|MagZ:1070|Lat:39.108257|Long:-9.384005|Sat:3|
SGCanScience>Time:54966|NTC:582|Temp:34.59|Press:968.30|GyrX:284|GyrY:764|GyrZ:-1607|AccX:-396|AccY:45|AccZ:1586|MagX:4888|MagY:-4598|MagZ:753|Lat:39.108257|Long:-9.384005|Sat:3|
SGCanScience>Time:55144|NTC:589|Temp:34.57|Press:968.51|GyrX:-324|GyrY:2300|GyrZ:-1619|AccX:-406|AccY:-102|AccZ:1618|MagX:5965|MagY:-3862|MagZ:-94|Lat:39.108257|Long:-9.384005|Sat:3|
SGCanScience>Time:55324|NTC:590|Temp:34.58|Press:968.75|GyrX:126|GyrY:3822|GyrZ:-1706|AccX:-328|AccY:-5|AccZ:1533|MagX:6946|MagY:-3015|MagZ:-1828|Lat:39.108257|Long:-9.384005|Sat:3|
SGCanScience>Time:55506|NTC:589|Temp:34.57|Press:968.94|GyrX:1295|GyrY:1845|GyrZ:-1741|AccX:-345|AccY:-45|AccZ:1572|MagX:6504|MagY:-1652|MagZ:-3056|Lat:39.108257|Long:-9.384005|Sat:3|
SGCanScience>Time:55689|NTC:584|Temp:34.56|Press:969.18|GyrX:804|GyrY:1206|GyrZ:-2467|AccX:-518|AccY:-85|AccZ:1663|MagX:5031|MagY:-602|MagZ:-3298|Lat:39.108245|Long:-9.384052|Sat:3|
SGCanScience>Time:55871|NTC:590|Temp:34.56|Press:969.38|GyrX:806|GyrY:1574|GyrZ:-2975|AccX:-373|AccY:-183|AccZ:1654|MagX:2475|MagY:-463|MagZ:-2592|Lat:39.108245|Long:-9.384052|Sat:3|
SGCanScience>Time:56053|NTC:584|Temp:34.56|Press:969.64|GyrX:285|GyrY:2044|GyrZ:-3387|AccX:-279|AccY:-84|AccZ:1533|MagX:378|MagY:-1842|MagZ:-1074|Lat:39.108245|Long:-9.384052|Sat:3|
SGCanScience>Time:56233|NTC:587|Temp:34.56|Press:969.88|GyrX:814|GyrY:1746|GyrZ:-2989|AccX:-320|AccY:77|AccZ:1553|MagX:-47|MagY:-4003|MagZ:473|Lat:39.108245|Long:-9.384052|Sat:3|
SGCanScience>Time:56412|NTC:585|Temp:34.54|Press:970.10|GyrX:1008|GyrY:898|GyrZ:-2443|AccX:-257|AccY:142|AccZ:1551|MagX:913|MagY:-5549|MagZ:1230|Lat:39.108245|Long:-9.384052|Sat:3|
SGCanScience>Time:56594|NTC:590|Temp:34.54|Press:970.26|GyrX:353|GyrY:1855|GyrZ:-2212|AccX:-345|AccY:49|AccZ:1658|MagX:3657|MagY:-4955|MagZ:1209|Lat:39.108245|Long:-9.384052|Sat:3|
SGCanScience>Time:56778|NTC:587|Temp:34.54|Press:970.53|GyrX:555|GyrY:1867|GyrZ:-1999|AccX:-253|AccY:67|AccZ:1515|MagX:5442|MagY:-3844|MagZ:271|Lat:39.108245|Long:-9.384052|Sat:3|
SGCanScience>Time:56958|NTC:591|Temp:34.52|Press:970.71|GyrX:775|GyrY:1634|GyrZ:-1861|AccX:-174|AccY:230|AccZ:1511|MagX:6189|MagY:-2547|MagZ:-956|Lat:39.108245|Long:-9.384052|Sat:3|
SGCanScience>Time:57139|NTC:580|Temp:34.52|Press:971.01|GyrX:1442|GyrY:1312|GyrZ:-1688|AccX:-375|AccY:174|AccZ:1529|MagX:5892|MagY:-1305|MagZ:-2197|Lat:39.108245|Long:-9.384052|Sat:3|
SGCanScience>Time:57319|NTC:581|Temp:34.51|Press:971.19|GyrX:816|GyrY:2199|GyrZ:-2147|AccX:-353|AccY:110|AccZ:1527|MagX:4460|MagY:-500|MagZ:-2742|Lat:39.108245|Long:-9.384052|Sat:3|
SGCanScience>Time:57683|NTC:580|Temp:34.50|Press:971.64|GyrX:484|GyrY:1975|GyrZ:-2635|AccX:-477|AccY:-127|AccZ:1547|MagX:169|MagY:-1752|MagZ:-1430|Lat:39.108234|Long:-9.384129|Sat:3|
SGCanScience>Time:57866|NTC:589|Temp:34.51|Press:971.87|GyrX:48|GyrY:2913|GyrZ:-2753|AccX:-320|AccY:-46|AccZ:1638|MagX:-313|MagY:-3468|MagZ:-3|Lat:39.108234|Long:-9.384129|Sat:3|
SGCanScience>Time:58046|NTC:582|Temp:34.50|Press:972.14|GyrX:51|GyrY:2453|GyrZ:-2661|AccX:-41|AccY:22|AccZ:1598|MagX:758|MagY:-4665|MagZ:1055|Lat:39.108234|Long:-9.384129|Sat:3|
SGCanScience>Time:58224|NTC:580|Temp:34.50|Press:972.35|GyrX:-65|GyrY:1754|GyrZ:-2470|AccX:-199|AccY:95|AccZ:1641|MagX:2794|MagY:-5022|MagZ:1323|Lat:39.108234|Long:-9.384129|Sat:3|
SGCanScience>Time:58404|NTC:588|Temp:34.48|Press:972.57|GyrX:198|GyrY:636|GyrZ:-2192|AccX:-244|AccY:159|AccZ:1629|MagX:4192|MagY:-4932|MagZ:1085|Lat:39.108234|Long:-9.384129|Sat:3|
SGCanScience>Time:58587|NTC:587|Temp:34.48|Press:972.81|GyrX:440|GyrY:443|GyrZ:-1627|AccX:-214|AccY:12|AccZ:1618|MagX:5098|MagY:-3993|MagZ:523|Lat:39.108234|Long:-9.384129|Sat:3|
SGCanScience>Time:58769|NTC:590|Temp:34.47|Press:973.04|GyrX:-301|GyrY:1046|GyrZ:-1502|AccX:-174|AccY:-2|AccZ:1564|MagX:5792|MagY:-2920|MagZ:-330|Lat:39.108234|Long:-9.384129|Sat:3|
SGCanScience>Time:58951|NTC:580|Temp:34.46|Press:973.24|GyrX:453|GyrY:2006|GyrZ:-1179|AccX:-439|AccY:-97|AccZ:1567|MagX:6335|MagY:-1705|MagZ:-2266|Lat:39.108234|Long:-9.384129|Sat:3|
SGCanScience>Time:59131|NTC:589|Temp:34.45|Press:973.46|GyrX:1156|GyrY:2164|GyrZ:-1573|AccX:-909|AccY:-73|AccZ:1536|MagX:5768|MagY:-973|MagZ:-3906|Lat:39.108234|Long:-9.384129|Sat:3|
SGCanScience>Time:59312|NTC:589|Temp:34.46|Press:973.68|GyrX:1269|GyrY:2221|GyrZ:-2278|AccX:-455|AccY:14|AccZ:1522|MagX:4196|MagY:-447|MagZ:-2948|Lat:39.108234|Long:-9.384129|Sat:3|
SGCanScience>Time:59492|NTC:587|Temp:34.44|Press:973.92|GyrX:1157|GyrY:434|GyrZ:-2458|AccX:-326|AccY:-11|AccZ:1614|MagX:1508|MagY:-919|MagZ:-1901|Lat:39.108234|Long:-9.384129|Sat:3|
SGCanScience>Time:59676|NTC:588|Temp:34.44|Press:974.09|GyrX:933|GyrY:-681|GyrZ:-2196|AccX:-486|AccY:-58|AccZ:1676|MagX:-720|MagY:-2711|MagZ:-961|Lat:39.108200|Long:-9.384204|Sat:3|
SGCanScience>Time:59858|NTC:587|Temp:34.44|Press:974.30|GyrX:-560|GyrY:986|GyrZ:-2282|AccX:-203|AccY:251|AccZ:1578|MagX:-2092|MagY:-4972|MagZ:-713|Lat:39.108200|Long:-9.384204|Sat:3|
SGCanScience>Time:60041|NTC:583|Temp:34.44|Press:974.59|GyrX:-1592|GyrY:625|GyrZ:-1271|AccX:-99|AccY:255|AccZ:1532|MagX:-2143|MagY:-5821|MagZ:-465|Lat:39.108200|Long:-9.384204|Sat:3|
SGCanScience>Time:60221|NTC:581|Temp:34.42|Press:974.76|GyrX:-2712|GyrY:2343|GyrZ:-1182|AccX:-64|AccY:481|AccZ:1548|MagX:-859|MagY:-5169|MagZ:407|Lat:39.108200|Long:-9.384204|Sat:3|
SGCanScience>Time:60399|NTC:589|Temp:34.41|Press:974.99|GyrX:161|GyrY:2833|GyrZ:-266|AccX:-414|AccY:-166|AccZ:1346|MagX:2300|MagY:-3446|MagZ:927|Lat:39.108200|Long:-9.384204|Sat:3|
SGCanScience>Time:60583|NTC:588|Temp:34.41|Press:975.24|GyrX:833|GyrY:3171|GyrZ:-1085|AccX:-421|AccY:-23|AccZ:1499|MagX:4671|MagY:-4389|MagZ:770|Lat:39.108200|Long:-9.384204|Sat:3|
SGCanScience>Time:60766|NTC:584|Temp:34.41|Press:975.47|GyrX:1809|GyrY:-50|GyrZ:-1427|AccX:-422|AccY:72|AccZ:1513|MagX:5797|MagY:-5140|MagZ:197|Lat:39.108200|Long:-9.384204|Sat:3|
SGCanScience>Time:60946|NTC:587|Temp:34.40|Press:975.69|GyrX:704|GyrY:755|GyrZ:-2547|AccX:-751|AccY:-20|AccZ:1671|MagX:6577|MagY:-4515|MagZ:-568|Lat:39.108200|Long:-9.384204|Sat:3|
SGCanScience>Time:61128|NTC:577|Temp:34.40|Press:975.84|GyrX:942|GyrY:1145|GyrZ:-2916|AccX:-580|AccY:118|AccZ:1623|MagX:6730|MagY:-3311|MagZ:-1163|Lat:39.108200|Long:-9.384204|Sat:3|
SGCanScience>Time:61308|NTC:588|Temp:34.40|Press:976.12|GyrX:1074|GyrY:1290|GyrZ:-2969|AccX:-544|AccY:30|AccZ:1634|MagX:5787|MagY:-1220|MagZ:-2410|Lat:39.108200|Long:-9.384204|Sat:3|
SGCanScience>Time:61489|NTC:579|Temp:34.39|Press:976.30|GyrX:801|GyrY:1501|GyrZ:-3034|AccX:-714|AccY:-223|AccZ:1555|MagX:3350|MagY:-407|MagZ:-2595|Lat:39.108200|Long:-9.384204|Sat:3|
SGCanScience>Time:61673|NTC:587|Temp:34.39|Press:976.59|GyrX:582|GyrY:665|GyrZ:-2698|AccX:-563|AccY:-88|AccZ:1741|MagX:842|MagY:-1255|MagZ:-1704|Lat:39.108184|Long:-9.384268|Sat:3|
SGCanScience>Time:61853|NTC:579|Temp:34.38|Press:976.75|GyrX:-142|GyrY:826|GyrZ:-2302|AccX:-435|AccY:-232|AccZ:1745|MagX:-900|MagY:-2797|MagZ:-1126|Lat:39.108184|Long:-9.384268|Sat:3|
SGCanScience>Time:62038|NTC:576|Temp:34.37|Press:976.94|GyrX:-1016|GyrY:1414|GyrZ:-1929|AccX:-280|AccY:-177|AccZ:1733|MagX:-942|MagY:-3766|MagZ:-271|Lat:39.108184|Long:-9.384268|Sat:3|
SGCanScience>Time:62218|NTC:586|Temp:34.36|Press:977.16|GyrX:-203|GyrY:888|GyrZ:-1181|AccX:-160|AccY:-96|AccZ:1616|MagX:-194|MagY:-4300|MagZ:546|Lat:39.108184|Long:-9.384268|Sat:3|
SGCanScience>Time:62398|NTC:583|Temp:34.36|Press:977.41|GyrX:-111|GyrY:1331|GyrZ:-1146|AccX:-300|AccY:-227|AccZ:1624|MagX:1568|MagY:-4206|MagZ:1139|Lat:39.108184|Long:-9.384268|Sat:3|
SGCanScience>Time:62582|NTC:579|Temp:34.34|Press:977.63|GyrX:343|GyrY:1949|GyrZ:-1613|AccX:-311|AccY:-139|AccZ:1623|MagX:3876|MagY:-4510|MagZ:1143|Lat:39.108184|Long:-9.384268|Sat:3|
SGCanScience>Time:62765|NTC:582|Temp:34.33|Press:977.86|GyrX:1456|GyrY:1934|GyrZ:-1914|AccX:-476|AccY:-108|AccZ:1567|MagX:6125|MagY:-4537|MagZ:-130|Lat:39.108184|Long:-9.384268|Sat:3|
SGCanScience>Time:62949|NTC:585|Temp:34.34|Press:978.14|GyrX:2516|GyrY:1625|GyrZ:-2344|AccX:-681|AccY:-73|AccZ:1516|MagX:7339|MagY:-3392|MagZ:-2568|Lat:39.108184|Long:-9.384268|Sat:3|
SGCanScience>Time:63131|NTC:582|Temp:34.33|Press:978.37|GyrX:2111|GyrY:788|GyrZ:-2987|AccX:-680|AccY:-96|AccZ:1637|MagX:6225|MagY:-1423|MagZ:-2885|Lat:39.108184|Long:-9.384268|Sat:3|
SGCanScience>Time:63311|NTC:575|Temp:34.33|Press:978.57|GyrX:1121|GyrY:1270|GyrZ:-3579|AccX:-365|AccY:-118|AccZ:1708|MagX:3290|MagY:-505|MagZ:-2328|Lat:39.108184|Long:-9.384268|Sat:3|
SGCanScience>Time:63492|NTC:578|Temp:34.31|Press:978.73|GyrX:294|GyrY:2002|GyrZ:-3614|AccX:-21|AccY:66|AccZ:1532|MagX:114|MagY:-1780|MagZ:-1417|Lat:39.108184|Long:-9.384268|Sat:3|
SGCanScience>Time:63674|NTC:581|Temp:34.33|Press:979.02|GyrX:331|GyrY:1973|GyrZ:-2883|AccX:-164|AccY:54|AccZ:1529|MagX:-953|MagY:-3772|MagZ:-269|Lat:39.108150|Long:-9.384322|Sat:3|
SGCanScience>Time:63856|NTC:579|Temp:34.31|Press:979.21|GyrX:-301|GyrY:1934|GyrZ:-2520|AccX:-269|AccY:-112|AccZ:1556|MagX:467|MagY:-4772|MagZ:1023|Lat:39.108150|Long:-9.384322|Sat:3|
SGCanScience>Time:64038|NTC:578|Temp:34.31|Press:979.39|GyrX:-121|GyrY:2190|GyrZ:-2115|AccX:-312|AccY:-151|AccZ:1586|MagX:3168|MagY:-4536|MagZ:1215|Lat:39.108150|Long:-9.384322|Sat:3|
SGCanScience>Time:64219|NTC:574|Temp:34.30|Press:979.67|GyrX:578|GyrY:1992|GyrZ:-1971|AccX:-420|AccY:-48|AccZ:1638|MagX:5262|MagY:-3936|MagZ:435|Lat:39.108150|Long:-9.384322|Sat:3|
SGCanScience>Time:64399|NTC:573|Temp:34.28|Press:979.88|GyrX:623|GyrY:1517|GyrZ:-2070|AccX:-456|AccY:-15|AccZ:1523|MagX:6103|MagY:-3011|MagZ:-599|Lat:39.108150|Long:-9.384322|Sat:3|
SGCanScience>Time:64581|NTC:579|Temp:34.30|Press:980.18|GyrX:476|GyrY:1507|GyrZ:-2229|AccX:-435|AccY:56|AccZ:1626|MagX:5995|MagY:-1765|MagZ:-1645|Lat:39.108150|Long:-9.384322|Sat:3|
SGCanScience>Time:64765|NTC:575|Temp:34.28|Press:980.34|GyrX:1020|GyrY:723|GyrZ:-2160|AccX:-395|AccY:84|AccZ:1589|MagX:4617|MagY:-723|MagZ:-2276|Lat:39.108150|Long:-9.384322|Sat:3|
SGCanScience>Time:64946|NTC:580|Temp:34.27|Press:980.57|GyrX:765|GyrY:540|GyrZ:-2017|AccX:-309|AccY:53|AccZ:1587|MagX:2451|MagY:-576|MagZ:-2193|Lat:39.108150|Long:-9.384322|Sat:3|
SGCanScience>Time:65126|NTC:574|Temp:34.27|Press:980.83|GyrX:408|GyrY:1068|GyrZ:-1718|AccX:-309|AccY:65|AccZ:1570|MagX:815|MagY:-1206|MagZ:-1798|Lat:39.108150|Long:-9.384322|Sat:3|
SGCanScience>Time:65306|NTC:583|Temp:34.24|Press:980.99|GyrX:415|GyrY:1991|GyrZ:-1422|AccX:-417|AccY:-95|AccZ:1589|MagX:116|MagY:-1859|MagZ:-1297|Lat:39.108150|Long:-9.384322|Sat:3|
SGCanScience>Time:65486|NTC:575|Temp:34.23|Press:981.23|GyrX:1438|GyrY:1881|GyrZ:-1160|AccX:-461|AccY:-150|AccZ:1625|MagX:386|MagY:-2617|MagZ:-212|Lat:39.108150|Long:-9.384322|Sat:3|
SGCanScience>Time:65671|NTC:573|Temp:34.24|Press:981.51|GyrX:1345|GyrY:2928|GyrZ:-1853|AccX:-578|AccY:-97|AccZ:1568|MagX:2115|MagY:-3616|MagZ:983|Lat:39.108093|Long:-9.384375|Sat:3|
SGCanScience>Time:65853|NTC:574|Temp:34.24|Press:981.71|GyrX:1231|GyrY:1858|GyrZ:-2330|AccX:-364|AccY:20|AccZ:1548|MagX:2998|MagY:-4729|MagZ:1309|Lat:39.108093|Long:-9.384375|Sat:3|
SGCanScience>Time:66033|NTC:578|Temp:34.22|Press:981.90|GyrX:1222|GyrY:2635|GyrZ:-2584|AccX:-152|AccY:17|AccZ:1521|MagX:4585|MagY:-4717|MagZ:864|Lat:39.108093|Long:-9.384375|Sat:3|
SGCanScience>Time:66213|NTC:584|Temp:34.22|Press:982.14|GyrX:1425|GyrY:1412|GyrZ:-2384|AccX:-139|AccY:22|AccZ:1520|MagX:5883|MagY:-3552|MagZ:-90|Lat:39.108093|Long:-9.384375|Sat:3|
SGCanScience>Time:66392|NTC:575|Temp:34.22|Press:982.36|GyrX:564|GyrY:1093|GyrZ:-2446|AccX:-180|AccY:150|AccZ:1536|MagX:5802|MagY:-2002|MagZ:-1132|Lat:39.108093|Long:-9.384375|Sat:3|
SGCanScience>Time:66576|NTC:582|Temp:34.21|Press:982.56|GyrX:653|GyrY:1945|GyrZ:-2271|AccX:-343|AccY:121|AccZ:1569|MagX:4755|MagY:-546|MagZ:-2176|Lat:39.108093|Long:-9.384375|Sat:3|
SGCanScience>Time:66760|NTC:575|Temp:34.21|Press:982.84|GyrX:592|GyrY:2825|GyrZ:-2264|AccX:-131|AccY:116|AccZ:1484|MagX:2634|MagY:-425|MagZ:-2648|Lat:39.108093|Long:-9.384375|Sat:3|
SGCanScience>Time:66942|NTC:578|Temp:34.20|Press:983.09|GyrX:1696|GyrY:1035|GyrZ:-1773|AccX:-435|AccY:3|AccZ:1567|MagX:1008|MagY:-1165|MagZ:-1758|Lat:39.108093|Long:-9.384375|Sat:3|
SGCanScience>Time:67123|NTC:572|Temp:34.19|Press:983.29|GyrX:693|GyrY:2308|GyrZ:-2497|AccX:-485|AccY:-271|AccZ:1641|MagX:198|MagY:-2466|MagZ:-477|Lat:39.108093|Long:-9.384375|Sat:3|
SGCanScience>Time:67303|NTC:572|Temp:34.18|Press:983.54|GyrX:576|GyrY:2388|GyrZ:-2853|AccX:-524|AccY:-152|AccZ:1690|MagX:1302|MagY:-3983|MagZ:972|Lat:39.108093|Long:-9.384375|Sat:3|
SGCanScience>Time:67483|NTC:582|Temp:34.17|Press:983.74|GyrX:521|GyrY:321|GyrZ:-2857|AccX:-435|AccY:128|AccZ:1712|MagX:2217|MagY:-5370|MagZ:1410|Lat:39.108093|Long:-9.384375|Sat:3|
SGCanScience>Time:67665|NTC:572|Temp:34.16|Press:983.95|GyrX:840|GyrY:812|GyrZ:-2102|AccX:-234|AccY:15|AccZ:1597|MagX:3453|MagY:-5160|MagZ:1279|Lat:39.108009|Long:-9.384428|Sat:3|
SGCanScience>Time:67848|NTC:579|Temp:34.17|Press:984.22|GyrX:-343|GyrY:1817|GyrZ:-2018|AccX:-305|AccY:-107|AccZ:1642|MagX:5096|MagY:-3653|MagZ:494|Lat:39.108009|Long:-9.384428|Sat:3|
SGCanScience>Time:68030|NTC:581|Temp:34.16|Press:984.44|GyrX:208|GyrY:1710|GyrZ:-1675|AccX:-388|AccY:-168|AccZ:1570|MagX:5813|MagY:-1999|MagZ:-1062|Lat:39.108009|Long:-9.384428|Sat:3|
SGCanScience>Time:68210|NTC:578|Temp:34.15|Press:984.68|GyrX:230|GyrY:2103|GyrZ:-1836|AccX:-525|AccY:-247|AccZ:1613|MagX:5476|MagY:-944|MagZ:-2596|Lat:39.108009|Long:-9.384428|Sat:3|
SGCanScience>Time:68390|NTC:574|Temp:34.14|Press:984.90|GyrX:727|GyrY:1908|GyrZ:-1603|AccX:-387|AccY:-146|AccZ:1558|MagX:4342|MagY:-444|MagZ:-2722|Lat:39.108009|Long:-9.384428|Sat:3|
SGCanScience>Time:68575|NTC:574|Temp:34.14|Press:985.15|GyrX:-639|GyrY:3421|GyrZ:-2613|AccX:-455|AccY:-309|AccZ:1583|MagX:2749|MagY:-355|MagZ:-2861|Lat:39.108009|Long:-9.384428|Sat:3|
SGCanScience>Time:68759|NTC:580|Temp:34.12|Press:985.40|GyrX:836|GyrY:1611|GyrZ:-2236|AccX:-152|AccY:12|AccZ:1591|MagX:1231|MagY:-1216|MagZ:-1543|Lat:39.108009|Long:-9.384428|Sat:3|
SGCanScience>Time:68941|NTC:571|Temp:34.12|Press:985.61|GyrX:-264|GyrY:1098|GyrZ:-2926|AccX:-45|AccY:-4|AccZ:1474|MagX:-186|MagY:-2686|MagZ:-480|Lat:39.108009|Long:-9.384428|Sat:3|
SGCanScience>Time:69122|NTC:570|Temp:34.12|Press:985.88|GyrX:-81|GyrY:1961|GyrZ:-2664|AccX:-122|AccY:161|AccZ:1610|MagX:107|MagY:-4357|MagZ:710|Lat:39.108009|Long:-9.384428|Sat:3|
SGCanScience>Time:69300|NTC:572|Temp:34.12|Press:986.07|GyrX:463|GyrY:2825|GyrZ:-2497|AccX:-204|AccY:83|AccZ:1463|MagX:2576|MagY:-4689|MagZ:1207|Lat:39.108009|Long:-9.384428|Sat:3|
SGCanScience>Time:69480|NTC:570|Temp:34.09|Press:986.24|GyrX:866|GyrY:2114|GyrZ:-2367|AccX:-332|AccY:132|AccZ:1481|MagX:4967|MagY:-4286|MagZ:655|Lat:39.108009|Long:-9.384428|Sat:3|
SGCanScience>Time:69662|NTC:579|Temp:34.09|Press:986.53|GyrX:631|GyrY:1867|GyrZ:-2650|AccX:-444|AccY:135|AccZ:1551|MagX:5916|MagY:-2988|MagZ:-411|Lat:39.108009|Long:-9.384428|Sat:3|
SGCanScience>Time:69844|NTC:571|Temp:34.08|Press:986.69|GyrX:1337|GyrY:441|GyrZ:-1893|AccX:-614|AccY:60|AccZ:1660|MagX:5396|MagY:-2009|MagZ:-755|Lat:39.108009|Long:-9.384428|Sat:3|
SGCanScience>Time:70025|NTC:575|Temp:34.08|Press:986.98|GyrX:-241|GyrY:1571|GyrZ:-2154|AccX:-246|AccY:221|AccZ:1609|MagX:4044|MagY:-1715|MagZ:-342|Lat:39.108009|Long:-9.384428|Sat:3|
SGCanScience>Time:70205|NTC:570|Temp:34.06|Press:987.16|GyrX:-901|GyrY:1814|GyrZ:-1453|AccX:-137|AccY:122|AccZ:1563|MagX:3339|MagY:-916|MagZ:-1294|Lat:39.108009|Long:-9.384428|Sat:3|
SGCanScience>Time:70385|NTC:574|Temp:34.06|Press:987.40|GyrX:-485|GyrY:1887|GyrZ:-809|AccX:-100|AccY:279|AccZ:1504|MagX:3354|MagY:-657|MagZ:-1560|Lat:39.108009|Long:-9.384428|Sat:3|
SGCanScience>Time:70569|NTC:571|Temp:34.04|Press:987.60|GyrX:1045|GyrY:2217|GyrZ:-404|AccX:-139|AccY:99|AccZ:1400|MagX:3341|MagY:-479|MagZ:-2328|Lat:39.108009|Long:-9.384428|Sat:3|
SGCanScience>Time:70752|NTC:578|Temp:34.04|Press:987.90|GyrX:1538|GyrY:2055|GyrZ:-1201|AccX:-94|AccY:189|AccZ:1480|MagX:3294|MagY:-848|MagZ:-1493|Lat:39.108009|Long:-9.384428|Sat:3|
SGCanScience>Time:70934|NTC:575|Temp:34.02|Press:988.10|GyrX:1870|GyrY:-635|GyrZ:-1500|AccX:-290|AccY:72|AccZ:1465|MagX:2325|MagY:-1548|MagZ:-502|Lat:39.108009|Long:-9.384428|Sat:3|
SGCanScience>Time:71116|NTC:571|Temp:34.04|Press:988.37|GyrX:1698|GyrY:1083|GyrZ:-2152|AccX:-582|AccY:136|AccZ:1518|MagX:1796|MagY:-3025|MagZ:710|Lat:39.108009|Long:-9.384428|Sat:3|
SGCanScience>Time:71294|NTC:568|Temp:34.02|Press:988.59|GyrX:1462|GyrY:2005|GyrZ:-2661|AccX:-507|AccY:69|AccZ:1483|MagX:1764|MagY:-4614|MagZ:1239|Lat:39.108009|Long:-9.384428|Sat:3|
SGCanScience>Time:71475|NTC:572|Temp:34.04|Press:988.83|GyrX:708|GyrY:1930|GyrZ:-2763|AccX:-272|AccY:131|AccZ:1631|MagX:2809|MagY:-5380|MagZ:1363|Lat:39.108009|Long:-9.384428|Sat:3|
SGCanScience>Time:71659|NTC:575|Temp:34.02|Press:989.00|GyrX:978|GyrY:2323|GyrZ:-2200|AccX:-504|AccY:-102|AccZ:1678|MagX:4778|MagY:-4388|MagZ:810|Lat:39.108009|Long:-9.384428|Sat:3|
SGCanScience>Time:71841|NTC:578|Temp:34.00|Press:989.23|GyrX:-900|GyrY:2258|GyrZ:-2776|AccX:-209|AccY:146|AccZ:1591|MagX:5379|MagY:-3583|MagZ:295|Lat:39.108009|Long:-9.384428|Sat:3|
SGCanScience>Time:72022|NTC:570|Temp:34.00|Press:989.53|GyrX:-376|GyrY:2610|GyrZ:-1771|AccX:-273|AccY:80|AccZ:1481|MagX:5509|MagY:-1903|MagZ:-679|Lat:39.108009|Long:-9.384428|Sat:3|
SGCanScience>Time:72202|NTC:573|Temp:33.98|Press:989.68|GyrX:-262|GyrY:842|GyrZ:-1518|AccX:-464|AccY:122|AccZ:1618|MagX:5329|MagY:-1080|MagZ:-1700|Lat:39.108009|Long:-9.384428|Sat:3|
SGCanScience>Time:72382|NTC:570|Temp:33.98|Press:989.97|GyrX:767|GyrY:1058|GyrZ:-1096|AccX:-474|AccY:68|AccZ:1582|MagX:4429|MagY:-635|MagZ:-2207|Lat:39.108009|Long:-9.384428|Sat:3|
SGCanScience>Time:72564|NTC:575|Temp:33.97|Press:990.13|GyrX:-385|GyrY:1411|GyrZ:-1414|AccX:-510|AccY:-2|AccZ:1622|MagX:3517|MagY:-499|MagZ:-2257|Lat:39.108009|Long:-9.384428|Sat:3|
SGCanScience>Time:72749|NTC:575|Temp:33.96|Press:990.39|GyrX:513|GyrY:995|GyrZ:-494|AccX:-279|AccY:192|AccZ:1557|MagX:3004|MagY:-703|MagZ:-1705|Lat:39.108009|Long:-9.384428|Sat:3|
SGCanScience>Time:72929|NTC:573|Temp:33.95|Press:990.58|GyrX:775|GyrY:394|GyrZ:167|AccX:-203|AccY:94|AccZ:1622|MagX:2866|MagY:-858|MagZ:-1340|Lat:39.108009|Long:-9.384428|Sat:3|
SGCanScience>Time:73109|NTC:567|Temp:33.95|Press:990.80|GyrX:507|GyrY:1486|GyrZ:294|AccX:-356|AccY:96|AccZ:1595|MagX:3482|MagY:-903|MagZ:-1309|Lat:39.108009|Long:-9.384428|Sat:3|
SGCanScience>Time:73287|NTC:578|Temp:33.93|Press:990.99|GyrX:544|GyrY:2229|GyrZ:-85|AccX:-249|AccY:-58|AccZ:1560|MagX:4228|MagY:-814|MagZ:-1569|Lat:39.108009|Long:-9.384428|Sat:3|
SGCanScience>Time:73465|NTC:570|Temp:33.92|Press:991.24|GyrX:1306|GyrY:1846|GyrZ:-669|AccX:-259|AccY:-160|AccZ:1480|MagX:4637|MagY:-1063|MagZ:-1416|Lat:39.108009|Long:-9.384428|Sat:3|
SGCanScience>Time:73650|NTC:568|Temp:33.92|Press:991.51|GyrX:964|GyrY:-621|GyrZ:-1481|AccX:-359|AccY:-122|AccZ:1408|MagX:4265|MagY:-1429|MagZ:-744|Lat:39.108009|Long:-9.384428|Sat:3|
SGCanScience>Time:73832|NTC:566|Temp:33.92|Press:991.73|GyrX:1496|GyrY:513|GyrZ:-1986|AccX:-467|AccY:-6|AccZ:1558|MagX:3567|MagY:-2429|MagZ:357|Lat:39.108009|Long:-9.384428|Sat:3|
SGCanScience>Time:74012|NTC:565|Temp:33.91|Press:991.87|GyrX:1838|GyrY:-482|GyrZ:-2302|AccX:-526|AccY:-121|AccZ:1523|MagX:2869|MagY:-3333|MagZ:914|Lat:39.108009|Long:-9.384428|Sat:3|
SGCanScience>Time:74192|NTC:566|Temp:33.92|Press:992.12|GyrX:1301|GyrY:627|GyrZ:-2757|AccX:-472|AccY:-303|AccZ:1535|MagX:3412|MagY:-4260|MagZ:1033|Lat:39.108009|Long:-9.384428|Sat:3|
SGCanScience>Time:74373|NTC:575|Temp:33.90|Press:992.28|GyrX:635|GyrY:1064|GyrZ:-3180|AccX:-340|AccY:-318|AccZ:1594|MagX:4179|MagY:-4449|MagZ:1019|Lat:39.108009|Long:-9.384428|Sat:3|
SGCanScience>Time:74557|NTC:575|Temp:33.89|Press:992.44|GyrX:260|GyrY:1301|GyrZ:-2835|AccX:-238|AccY:-174|AccZ:1641|MagX:4836|MagY:-3730|MagZ:564|Lat:39.108009|Long:-9.384428|Sat:3|
SGCanScience>Time:74739|NTC:576|Temp:33.89|Press:992.74|GyrX:42|GyrY:1513|GyrZ:-2328|AccX:-104|AccY:-56|AccZ:1642|MagX:4838|MagY:-2598|MagZ:94|Lat:39.108009|Long:-9.384428|Sat:3|
SGCanScience>Time:74921|NTC:574|Temp:33.89|Press:992.98|GyrX:-748|GyrY:2810|GyrZ:-2132|AccX:-66|AccY:-120|AccZ:1583|MagX:4664|MagY:-1116|MagZ:-1329|Lat:39.108009|Long:-9.384428|Sat:3|
SGCanScience>Time:75104|NTC:573|Temp:33.87|Press:993.17|GyrX:-459|GyrY:2384|GyrZ:-1754|AccX:-312|AccY:-106|AccZ:1545|MagX:3767|MagY:-430|MagZ:-2765|Lat:39.108009|Long:-9.384428|Sat:3|
SGCanScience>Time:75284|NTC:575|Temp:33.86|Press:993.45|GyrX:1|GyrY:2727|GyrZ:-1702|AccX:-298|AccY:-16|AccZ:1517|MagX:2749|MagY:-433|MagZ:-2665|Lat:39.108009|Long:-9.384428|Sat:3|
SGCanScience>Time:75462|NTC:574|Temp:33.85|Press:993.68|GyrX:915|GyrY:1503|GyrZ:-1572|AccX:-496|AccY:82|AccZ:1647|MagX:1707|MagY:-859|MagZ:-1909|Lat:39.108009|Long:-9.384428|Sat:3|
SGCanScience>Time:75646|NTC:571|Temp:33.86|Press:993.92|GyrX:845|GyrY:1088|GyrZ:-1844|AccX:-423|AccY:37|AccZ:1621|MagX:456|MagY:-1875|MagZ:-916|Lat:39.108009|Long:-9.384428|Sat:3|
SGCanScience>Time:75827|NTC:575|Temp:33.84|Press:994.13|GyrX:334|GyrY:-66|GyrZ:-1793|AccX:-232|AccY:119|AccZ:1555|MagX:-607|MagY:-3353|MagZ:-317|Lat:39.108009|Long:-9.384428|Sat:3|
SGCanScience>Time:76009|NTC:571|Temp:33.82|Press:994.29|GyrX:171|GyrY:1417|GyrZ:-1559|AccX:-381|AccY:155|AccZ:1627|MagX:-156|MagY:-4539|MagZ:686|Lat:39.108009|Long:-9.384428|Sat:3|
SGCanScience>Time:76187|NTC:563|Temp:33.82|Press:994.51|GyrX:266|GyrY:2270|GyrZ:-1454|AccX:-568|AccY:-140|AccZ:1552|MagX:1956|MagY:-4498|MagZ:1456|Lat:39.108009|Long:-9.384428|Sat:3|
SGCanScience>Time:76367|NTC:572|Temp:33.82|Press:994.78|GyrX:276|GyrY:3028|GyrZ:-1865|AccX:-603|AccY:40|AccZ:1483|MagX:4269|MagY:-4827|MagZ:1004|Lat:39.108009|Long:-9.384428|Sat:3|
SGCanScience>Time:76550|NTC:566|Temp:33.80|Press:995.05|GyrX:1812|GyrY:3119|GyrZ:-1846|AccX:-595|AccY:163|AccZ:1461|MagX:6405|MagY:-4955|MagZ:-528|Lat:39.108009|Long:-9.384428|Sat:3|
SGCanScience>Time:76732|NTC:565|Temp:33.80|Press:995.33|GyrX:2100|GyrY:2137|GyrZ:-2340|AccX:-465|AccY:28|AccZ:1414|MagX:7193|MagY:-3898|MagZ:-1756|Lat:39.108009|Long:-9.384428|Sat:3|
SGCanScience>Time:76916|NTC:571|Temp:33.80|Press:995.56|GyrX:1365|GyrY:183|GyrZ:-2965|AccX:-592|AccY:62|AccZ:1569|MagX:6326|MagY:-1683|MagZ:-2242|Lat:39.108009|Long:-9.384428|Sat:3|
SGCanScience>Time:77096|NTC:573|Temp:33.80|Press:995.75|GyrX:662|GyrY:1646|GyrZ:-3246|AccX:-527|AccY:45|AccZ:1655|MagX:3761|MagY:-586|MagZ:-2162|Lat:39.108009|Long:-9.384428|Sat:3|
SGCanScience>Time:77277|NTC:568|Temp:33.79|Press:995.99|GyrX:1103|GyrY:1232|GyrZ:-2392|AccX:-534|AccY:-11|AccZ:1701|MagX:1122|MagY:-1084|MagZ:-1875|Lat:39.108009|Long:-9.384428|Sat:3|
SGCanScience>Time:77457|NTC:570|Temp:33.79|Press:996.21|GyrX:-1008|GyrY:2129|GyrZ:-2742|AccX:-177|AccY:-268|AccZ:1617|MagX:-855|MagY:-2365|MagZ:-1713|Lat:39.108009|Long:-9.384428|Sat:3|
SGCanScience>Time:77643|NTC:565|Temp:33.77|Press:996.36|GyrX:-742|GyrY:2649|GyrZ:-2204|AccX:-147|AccY:-17|AccZ:1562|MagX:-1042|MagY:-3539|MagZ:-467|Lat:39.108009|Long:-9.384428|Sat:3|
SGCanScience>Time:77826|NTC:562|Temp:33.76|Press:996.63|GyrX:33|GyrY:1690|GyrZ:-1585|AccX:-84|AccY:-143|AccZ:1544|MagX:105|MagY:-4217|MagZ:624|Lat:39.108009|Long:-9.384428|Sat:3|
SGCanScience>Time:78006|NTC:568|Temp:33.75|Press:996.91|GyrX:308|GyrY:2276|GyrZ:-1716|AccX:-498|AccY:-192|AccZ:1570|MagX:3012|MagY:-4232|MagZ:1198|Lat:39.108009|Long:-9.384428|Sat:3|
SGCanScience>Time:78186|NTC:561|Temp:33.74|Press:997.15|GyrX:1188|GyrY:414|GyrZ:-1778|AccX:-726|AccY:60|AccZ:1632|MagX:4985|MagY:-4904|MagZ:705|Lat:39.108009|Long:-9.384428|Sat:3|
SGCanScience>Time:78364|NTC:562|Temp:33.73|Press:997.33|GyrX:1004|GyrY:1096|GyrZ:-2271|AccX:-601|AccY:-212|AccZ:1543|MagX:5689|MagY:-4020|MagZ:152|Lat:39.108009|Long:-9.384428|Sat:3|
SGCanScience>Time:78548|NTC:561|Temp:33.73|Press:997.58|GyrX:-249|GyrY:1290|GyrZ:-2606|AccX:-413|AccY:-93|AccZ:1612|MagX:5996|MagY:-3098|MagZ:-389|Lat:39.108009|Long:-9.384428|Sat:3|
SGCanScience>Time:78731|NTC:561|Temp:33.71|Press:997.78|GyrX:-225|GyrY:1360|GyrZ:-2199|AccX:-436|AccY:-97|AccZ:1696|MagX:5829|MagY:-1707|MagZ:-1633|Lat:39.108009|Long:-9.384428|Sat:3|
SGCanScience>Time:78915|NTC:570|Temp:33.70|Press:998.03|GyrX:328|GyrY:1284|GyrZ:-1869|AccX:-445|AccY:-96|AccZ:1626|MagX:4914|MagY:-705|MagZ:-2476|Lat:39.108009|Long:-9.384428|Sat:3|
SGCanScience>Time:79095|NTC:569|Temp:33.70|Press:998.29|GyrX:140|GyrY:494|GyrZ:-1614|AccX:-409|AccY:-79|AccZ:1609|MagX:3595|MagY:-420|MagZ:-2597|Lat:39.108009|Long:-9.384428|Sat:3|
SGCanScience>Time:79276|NTC:562|Temp:33.70|Press:998.49|GyrX:369|GyrY:808|GyrZ:-1438|AccX:-550|AccY:-114|AccZ:1676|MagX:2396|MagY:-540|MagZ:-2344|Lat:39.108009|Long:-9.384428|Sat:3|
SGCanScience>Time:79456|NTC:564|Temp:33.69|Press:998.75|GyrX:235|GyrY:-491|GyrZ:-1207|AccX:-528|AccY:-40|AccZ:1615|MagX:1474|MagY:-1054|MagZ:-1690|Lat:39.108009|Long:-9.384428|Sat:3|
SGCanScience>Time:79638|NTC:570|Temp:33.67|Press:998.94|GyrX:464|GyrY:1439|GyrZ:-1154|AccX:-635|AccY:-59|AccZ:1635|MagX:1088|MagY:-1609|MagZ:-759|Lat:39.108009|Long:-9.384428|Sat:3|
SGCanScience>Time:79820|NTC:563|Temp:33.66|Press:999.18|GyrX:98|GyrY:2101|GyrZ:-1680|AccX:-509|AccY:-174|AccZ:1556|MagX:1061|MagY:-2242|MagZ:-120|Lat:39.108009|Long:-9.384428|Sat:3|
SGCanScience>Time:80003|NTC:561|Temp:33.66|Press:999.43|GyrX:1096|GyrY:2124|GyrZ:-1775|AccX:-325|AccY:-46|AccZ:1535|MagX:1886|MagY:-3289|MagZ:855|Lat:39.108009|Long:-9.384428|Sat:3|
SGCanScience>Time:80183|NTC:562|Temp:33.66|Press:999.73|GyrX:1554|GyrY:1985|GyrZ:-2226|AccX:-616|AccY:-156|AccZ:1489|MagX:3993|MagY:-4361|MagZ:1045|Lat:39.108009|Long:-9.384428|Sat:3|
SGCanScience>Time:80363|NTC:569|Temp:33.65|Press:999.92|GyrX:1360|GyrY:924|GyrZ:-2836|AccX:-523|AccY:54|AccZ:1493|MagX:5251|MagY:-4806|MagZ:536|Lat:39.108009|Long:-9.384428|Sat:3|
SGCanScience>Time:80545|NTC:570|Temp:33.64|Press:1000.10|GyrX:1086|GyrY:1161|GyrZ:-3176|AccX:-300|AccY:64|AccZ:1550|MagX:5498|MagY:-4115|MagZ:119|Lat:39.108009|Long:-9.384428|Sat:3|
SGCanScience>Time:80728|NTC:559|Temp:33.64|Press:1000.37|GyrX:192|GyrY:1395|GyrZ:-3031|AccX:-318|AccY:-115|AccZ:1427|MagX:5190|MagY:-2249|MagZ:-362|Lat:39.107147|Long:-9.384634|Sat:3|
SGCanScience>Time:80910|NTC:559|Temp:33.63|Press:1000.62|GyrX:-599|GyrY:1447|GyrZ:-2451|AccX:-383|AccY:-68|AccZ:1616|MagX:4226|MagY:-1203|MagZ:-1050|Lat:39.107147|Long:-9.384634|Sat:3|
SGCanScience>Time:81094|NTC:563|Temp:33.63|Press:1000.86|GyrX:-724|GyrY:2052|GyrZ:-1880|AccX:-335|AccY:-79|AccZ:1581|MagX:3126|MagY:-655|MagZ:-1951|Lat:39.107147|Long:-9.384634|Sat:3|
SGCanScience>Time:81274|NTC:567|Temp:33.61|Press:1001.08|GyrX:188|GyrY:2058|GyrZ:-1362|AccX:-186|AccY:-257|AccZ:1516|MagX:1799|MagY:-596|MagZ:-2650|Lat:39.107147|Long:-9.384634|Sat:3|
SGCanScience>Time:81455|NTC:568|Temp:33.59|Press:1001.27|GyrX:-965|GyrY:964|GyrZ:-1717|AccX:-309|AccY:-120|AccZ:1682|MagX:887|MagY:-980|MagZ:-2273|Lat:39.107147|Long:-9.384634|Sat:3|
SGCanScience>Time:81639|NTC:560|Temp:33.59|Press:1001.59|GyrX:1027|GyrY:1373|GyrZ:-1001|AccX:-385|AccY:137|AccZ:1590|MagX:651|MagY:-1654|MagZ:-1172|Lat:39.107147|Long:-9.384634|Sat:3|
SGCanScience>Time:81821|NTC:559|Temp:33.57|Press:1001.79|GyrX:636|GyrY:1090|GyrZ:-1715|AccX:-519|AccY:-85|AccZ:1715|MagX:895|MagY:-2407|MagZ:-168|Lat:39.107147|Long:-9.384634|Sat:3|
SGCanScience>Time:82003|NTC:560|Temp:33.57|Press:1002.07|GyrX:1476|GyrY:1283|GyrZ:-1826|AccX:-426|AccY:186|AccZ:1871|MagX:1163|MagY:-4120|MagZ:987|Lat:39.107147|Long:-9.384634|Sat:3|
SGCanScience>Time:82184|NTC:569|Temp:33.57|Press:1002.31|GyrX:1500|GyrY:969|GyrZ:-1997|AccX:-208|AccY:-84|AccZ:1565|MagX:1561|MagY:-5372|MagZ:1379|Lat:39.107147|Long:-9.384634|Sat:3|
SGCanScience>Time:82364|NTC:567|Temp:33.54|Press:1002.47|GyrX:330|GyrY:2911|GyrZ:-2538|AccX:-493|AccY:-154|AccZ:1592|MagX:4380|MagY:-5228|MagZ:946|Lat:39.107147|Long:-9.384634|Sat:3|
SGCanScience>Time:82548|NTC:559|Temp:33.55|Press:1002.78|GyrX:1047|GyrY:2766|GyrZ:-2305|AccX:-335|AccY:243|AccZ:1724|MagX:6269|MagY:-4490|MagZ:-270|Lat:39.107147|Long:-9.384634|Sat:3|
SGCanScience>Time:82731|NTC:567|Temp:33.54|Press:1003.08|GyrX:2591|GyrY:2171|GyrZ:-1669|AccX:-488|AccY:-274|AccZ:1313|MagX:6697|MagY:-2137|MagZ:-2301|Lat:39.107147|Long:-9.384634|Sat:3|
SGCanScience>Time:82915|NTC:558|Temp:33.54|Press:1003.21|GyrX:-332|GyrY:1416|GyrZ:-2985|AccX:-711|AccY:-241|AccZ:1741|MagX:5145|MagY:-629|MagZ:-3500|Lat:39.107147|Long:-9.384634|Sat:3|
SGCanScience>Time:83099|NTC:560|Temp:33.52|Press:1003.47|GyrX:2054|GyrY:1082|GyrZ:-1729|AccX:-421|AccY:186|AccZ:1607|MagX:3136|MagY:-606|MagZ:-2041|Lat:39.107147|Long:-9.384634|Sat:3|
SGCanScience>Time:83279|NTC:567|Temp:33.52|Press:1003.68|GyrX:-47|GyrY:1877|GyrZ:-2027|AccX:-165|AccY:-334|AccZ:1535|MagX:898|MagY:-941|MagZ:-2436|Lat:39.107147|Long:-9.384634|Sat:3|
SGCanScience>Time:83460|NTC:566|Temp:33.51|Press:1003.90|GyrX:-1228|GyrY:2320|GyrZ:-1996|AccX:-162|AccY:-68|AccZ:1533|MagX:90|MagY:-1582|MagZ:-1801|Lat:39.107147|Long:-9.384634|Sat:3|
SGCanScience>Time:83644|NTC:565|Temp:33.49|Press:1004.18|GyrX:625|GyrY:1101|GyrZ:-993|AccX:-256|AccY:27|AccZ:1663|MagX:-237|MagY:-2508|MagZ:-181|Lat:39.107147|Long:-9.384634|Sat:3|
SGCanScience>Time:83826|NTC:566|Temp:33.49|Press:1004.41|GyrX:-183|GyrY:1315|GyrZ:-1106|AccX:-94|AccY:-57|AccZ:1572|MagX:-209|MagY:-3041|MagZ:-190|Lat:39.107147|Long:-9.384634|Sat:3|
SGCanScience>Time:84008|NTC:557|Temp:33.48|Press:1004.59|GyrX:463|GyrY:738|GyrZ:-1038|AccX:-134|AccY:51|AccZ:1577|MagX:672|MagY:-3690|MagZ:653|Lat:39.107147|Long:-9.384634|Sat:3|
SGCanScience>Time:84187|NTC:562|Temp:33.47|Press:1004.91|GyrX:697|GyrY:1509|GyrZ:-1489|AccX:-209|AccY:146|AccZ:1581|MagX:1952|MagY:-4564|MagZ:1260|Lat:39.107147|Long:-9.384634|Sat:3|
SGCanScience>Time:84367|NTC:556|Temp:33.46|Press:1005.12|GyrX:1842|GyrY:1111|GyrZ:-1611|AccX:-242|AccY:121|AccZ:1462|MagX:3517|MagY:-5269|MagZ:1257|Lat:39.107147|Long:-9.384634|Sat:3|
SGCanScience>Time:84551|NTC:558|Temp:33.46|Press:1005.33|GyrX:1115|GyrY:1105|GyrZ:-2260|AccX:-213|AccY:-39|AccZ:1478|MagX:5222|MagY:-4938|MagZ:523|Lat:39.107147|Long:-9.384634|Sat:3|
SGCanScience>Time:84733|NTC:567|Temp:33.45|Press:1005.59|GyrX:2319|GyrY:1988|GyrZ:-2282|AccX:-183|AccY:164|AccZ:1625|MagX:6568|MagY:-4043|MagZ:-774|Lat:39.107147|Long:-9.384634|Sat:3|
SGCanScience>Time:84916|NTC:563|Temp:33.43|Press:1005.76|GyrX:943|GyrY:1330|GyrZ:-2885|AccX:-323|AccY:-89|AccZ:1593|MagX:6134|MagY:-1577|MagZ:-2204|Lat:39.107147|Long:-9.384634|Sat:3|
SGCanScience>Time:85098|NTC:566|Temp:33.44|Press:1006.07|GyrX:2038|GyrY:2205|GyrZ:-2064|AccX:-126|AccY:199|AccZ:1653|MagX:4454|MagY:-853|MagZ:-1723|Lat:39.107147|Long:-9.384634|Sat:3|
SGCanScience>Time:85280|NTC:561|Temp:33.42|Press:1006.25|GyrX:1067|GyrY:1219|GyrZ:-1788|AccX:-202|AccY:-371|AccZ:1719|MagX:2381|MagY:-493|MagZ:-2506|Lat:39.107147|Long:-9.384634|Sat:3|
SGCanScience>Time:85460|NTC:560|Temp:33.41|Press:1006.43|GyrX:-933|GyrY:814|GyrZ:-2365|AccX:-243|AccY:-330|AccZ:1868|MagX:594|MagY:-1156|MagZ:-1837|Lat:39.107147|Long:-9.384634|Sat:3|
SGCanScience>Time:85645|NTC:559|Temp:33.41|Press:1006.74|GyrX:-311|GyrY:1507|GyrZ:-1873|AccX:-473|AccY:21|AccZ:1820|MagX:162|MagY:-2043|MagZ:-950|Lat:39.107147|Long:-9.384634|Sat:3|
SGCanScience>Time:86009|NTC:561|Temp:33.38|Press:1007.16|GyrX:612|GyrY:1229|GyrZ:-1746|AccX:-831|AccY:-425|AccZ:1598|MagX:2038|MagY:-3522|MagZ:945|Lat:39.107147|Long:-9.384634|Sat:3|
SGCanScience>Time:86190|NTC:555|Temp:33.38|Press:1007.39|GyrX:252|GyrY:2129|GyrZ:-2584|AccX:-752|AccY:-186|AccZ:1409|MagX:3116|MagY:-4726|MagZ:1197|Lat:39.107147|Long:-9.384634|Sat:3|
SGCanScience>Time:86370|NTC:557|Temp:33.37|Press:1007.66|GyrX:773|GyrY:2332|GyrZ:-2575|AccX:-297|AccY:151|AccZ:1419|MagX:3900|MagY:-5686|MagZ:1167|Lat:39.107147|Long:-9.384634|Sat:3|
SGCanScience>Time:86554|NTC:559|Temp:33.36|Press:1007.83|GyrX:-442|GyrY:2017|GyrZ:-2906|AccX:-231|AccY:52|AccZ:1631|MagX:5367|MagY:-3931|MagZ:361|Lat:39.107147|Long:-9.384634|Sat:3|
SGCanScience>Time:86919|NTC:564|Temp:33.35|Press:1008.29|GyrX:-155|GyrY:3506|GyrZ:-2371|AccX:-168|AccY:-25|AccZ:1380|MagX:5243|MagY:-816|MagZ:-2905|Lat:39.107147|Long:-9.384634|Sat:3|
SGCanScience>Time:87101|NTC:565|Temp:33.33|Press:1008.59|GyrX:1066|GyrY:3784|GyrZ:-1835|AccX:-547|AccY:-27|AccZ:1563|MagX:3511|MagY:-314|MagZ:-3195|Lat:39.107147|Long:-9.384634|Sat:3|
SGCanScience>Time:87281|NTC:555|Temp:33.32|Press:1008.78|GyrX:116|GyrY:1943|GyrZ:-2584|AccX:-685|AccY:109|AccZ:1405|MagX:1880|MagY:-714|MagZ:-2276|Lat:39.107147|Long:-9.384634|Sat:3|
SGCanScience>Time:87461|NTC:561|Temp:33.32|Press:1009.00|GyrX:-97|GyrY:1245|GyrZ:-2531|AccX:-327|AccY:414|AccZ:1454|MagX:-344|MagY:-2147|MagZ:-1356|Lat:39.107147|Long:-9.384634|Sat:3|
SGCanScience>Time:87648|NTC:564|Temp:33.30|Press:1009.23|GyrX:-1678|GyrY:1830|GyrZ:-2538|AccX:-285|AccY:683|AccZ:1744|MagX:-1226|MagY:-3628|MagZ:-641|Lat:39.107147|Long:-9.384634|Sat:3|
SGCanScience>Time:87830|NTC:555|Temp:33.29|Press:1009.53|GyrX:705|GyrY:2478|GyrZ:-1406|AccX:-643|AccY:448|AccZ:1441|MagX:530|MagY:-4898|MagZ:1005|Lat:39.107147|Long:-9.384634|Sat:3|
SGCanScience>Time:88012|NTC:558|Temp:33.28|Press:1009.72|GyrX:-371|GyrY:2155|GyrZ:-2063|AccX:-509|AccY:-257|AccZ:1298|MagX:2146|MagY:-4216|MagZ:1141|Lat:39.107147|Long:-9.384634|Sat:3|
SGCanScience>Time:88195|NTC:558|Temp:33.26|Press:1009.92|GyrX:960|GyrY:3320|GyrZ:-2068|AccX:-392|AccY:130|AccZ:1543|MagX:4149|MagY:-5261|MagZ:1043|Lat:39.107147|Long:-9.384634|Sat:3|
SGCanScience>Time:88559|NTC:557|Temp:33.26|Press:1010.51|GyrX:1597|GyrY:1966|GyrZ:-2787|AccX:-508|AccY:29|AccZ:1551|MagX:7176|MagY:-2667|MagZ:-6969|Lat:39.107147|Long:-9.384634|Sat:3|
SGCanScience>Time:88741|NTC:562|Temp:33.26|Press:1010.70|GyrX:2254|GyrY:2268|GyrZ:-3046|AccX:-225|AccY:363|AccZ:1610|MagX:5378|MagY:-937|MagZ:-2561|Lat:39.107147|Long:-9.384634|Sat:3|
SGCanScience>Time:88926|NTC:564|Temp:33.25|Press:1010.92|GyrX:2290|GyrY:3306|GyrZ:-2731|AccX:-403|AccY:96|AccZ:1451|MagX:2377|MagY:-640|MagZ:-2108|Lat:39.107147|Long:-9.384634|Sat:3|
SGCanScience>Time:89288|NTC:563|Temp:33.24|Press:1011.44|GyrX:876|GyrY:1866|GyrZ:-2641|AccX:-687|AccY:180|AccZ:1440|MagX:178|MagY:-4084|MagZ:617|Lat:39.107147|Long:-9.384634|Sat:3|
SGCanScience>Time:89466|NTC:561|Temp:33.23|Press:1011.69|GyrX:317|GyrY:2291|GyrZ:-2681|AccX:-533|AccY:57|AccZ:1539|MagX:1007|MagY:-5290|MagZ:1246|Lat:39.107147|Long:-9.384634|Sat:3|
SGCanScience>Time:89651|NTC:561|Temp:33.21|Press:1011.94|GyrX:-586|GyrY:2077|GyrZ:-2340|AccX:-73|AccY:223|AccZ:1519|MagX:2031|MagY:-5744|MagZ:1405|Lat:39.107147|Long:-9.384634|Sat:3|
SGCanScience>Time:89833|NTC:558|Temp:33.21|Press:1012.21|GyrX:328|GyrY:2249|GyrZ:-1512|AccX:-29|AccY:309|AccZ:1553|MagX:3928|MagY:-5395|MagZ:1196|Lat:39.107147|Long:-9.384634|Sat:3|
SGCanScience>Time:90015|NTC:562|Temp:33.19|Press:1012.44|GyrX:-419|GyrY:2491|GyrZ:-1997|AccX:-295|AccY:132|AccZ:1581|MagX:6397|MagY:-3595|MagZ:-549|Lat:39.107147|Long:-9.384634|Sat:3|
SGCanScience>Time:90195|NTC:552|Temp:33.17|Press:1012.66|GyrX:2903|GyrY:-621|GyrZ:-626|AccX:-309|AccY:555|AccZ:1455|MagX:6613|MagY:-2952|MagZ:-1345|Lat:39.107147|Long:-9.384634|Sat:3|
SGCanScience>Time:90376|NTC:553|Temp:33.16|Press:1012.89|GyrX:690|GyrY:1239|GyrZ:-1989|AccX:-578|AccY:-90|AccZ:1606|MagX:5446|MagY:-1052|MagZ:-2154|Lat:39.107147|Long:-9.384634|Sat:3|
SGCanScience>Time:90560|NTC:552|Temp:33.16|Press:1013.13|GyrX:803|GyrY:2114|GyrZ:-1241|AccX:-400|AccY:72|AccZ:1639|MagX:4133|MagY:-626|MagZ:-2207|Lat:39.107147|Long:-9.384634|Sat:3|
SGCanScience>Time:90744|NTC:553|Temp:33.15|Press:1013.39|GyrX:-588|GyrY:1863|GyrZ:-1246|AccX:-131|AccY:-344|AccZ:1446|MagX:2956|MagY:-303|MagZ:-3278|Lat:39.107147|Long:-9.384634|Sat:3|
SGCanScience>Time:91111|NTC:561|Temp:33.12|Press:1013.83|GyrX:861|GyrY:705|GyrZ:-618|AccX:-43|AccY:77|AccZ:1589|MagX:1990|MagY:-848|MagZ:-1842|Lat:39.107147|Long:-9.384634|Sat:3|
SGCanScience>Time:91289|NTC:561|Temp:33.11|Press:1014.06|GyrX:-783|GyrY:720|GyrZ:-1751|AccX:-377|AccY:-270|AccZ:1758|MagX:1813|MagY:-1047|MagZ:-1416|Lat:39.107147|Long:-9.384634|Sat:3|
SGCanScience>Time:91469|NTC:554|Temp:33.10|Press:1014.28|GyrX:362|GyrY:219|GyrZ:-1788|AccX:-601|AccY:98|AccZ:1636|MagX:1904|MagY:-2157|MagZ:-41|Lat:39.107147|Long:-9.384634|Sat:3|
SGCanScience>Time:91654|NTC:560|Temp:33.10|Press:1014.51|GyrX:1087|GyrY:-115|GyrZ:-2067|AccX:-925|AccY:-6|AccZ:1707|MagX:2140|MagY:-3330|MagZ:841|Lat:39.107147|Long:-9.384634|Sat:3|
SGCanScience>Time:91834|NTC:554|Temp:33.08|Press:1014.77|GyrX:1914|GyrY:1381|GyrZ:-2102|AccX:-707|AccY:140|AccZ:1634|MagX:2937|MagY:-5659|MagZ:1387|Lat:39.107147|Long:-9.384634|Sat:3|
SGCanScience>Time:92018|NTC:557|Temp:33.08|Press:1015.03|GyrX:720|GyrY:1265|GyrZ:-2742|AccX:-776|AccY:-410|AccZ:1626|MagX:4321|MagY:-4913|MagZ:1002|Lat:39.107147|Long:-9.384634|Sat:3|
SGCanScience>Time:92198|NTC:561|Temp:33.07|Press:1015.23|GyrX:-39|GyrY:2005|GyrZ:-3399|AccX:-46|AccY:-118|AccZ:1435|MagX:4288|MagY:-5319|MagZ:997|Lat:39.107147|Long:-9.384634|Sat:3|
SGCanScience>Time:92379|NTC:558|Temp:33.07|Press:1015.48|GyrX:-1157|GyrY:1237|GyrZ:-3366|AccX:17|AccY:302|AccZ:1552|MagX:5569|MagY:-3894|MagZ:255|Lat:39.107147|Long:-9.384634|Sat:3|
SGCanScience>Time:92561|NTC:559|Temp:33.06|Press:1015.71|GyrX:332|GyrY:1055|GyrZ:-2185|AccX:119|AccY:190|AccZ:1331|MagX:5031|MagY:-1621|MagZ:-1099|Lat:39.107147|Long:-9.384634|Sat:3|
SGCanScience>Time:92745|NTC:560|Temp:33.05|Press:1015.96|GyrX:60|GyrY:2076|GyrZ:-1924|AccX:-375|AccY:95|AccZ:1505|MagX:4192|MagY:-597|MagZ:-2283|Lat:39.107147|Long:-9.384634|Sat:3|
SGCanScience>Time:92925|NTC:550|Temp:33.04|Press:1016.08|GyrX:-114|GyrY:1341|GyrZ:-1672|AccX:-569|AccY:98|AccZ:1636|MagX:2943|MagY:-399|MagZ:-2664|Lat:39.107147|Long:-9.384634|Sat:3|
SGCanScience>Time:93108|NTC:554|Temp:33.02|Press:1016.33|GyrX:679|GyrY:2070|GyrZ:-1492|AccX:-601|AccY:487|AccZ:1681|MagX:2140|MagY:-872|MagZ:-1687|Lat:39.107147|Long:-9.384634|Sat:3|
SGCanScience>Time:93288|NTC:557|Temp:33.02|Press:1016.61|GyrX:1268|GyrY:352|GyrZ:-1512|AccX:-457|AccY:-15|AccZ:1377|MagX:573|MagY:-1352|MagZ:-1825|Lat:39.107147|Long:-9.384634|Sat:3|
SGCanScience>Time:93468|NTC:559|Temp:33.01|Press:1016.91|GyrX:1143|GyrY:1168|GyrZ:-1683|AccX:-679|AccY:-256|AccZ:1624|MagX:-548|MagY:-2810|MagZ:-664|Lat:39.107147|Long:-9.384634|Sat:3|
SGCanScience>Time:93655|NTC:551|Temp:32.99|Press:1017.02|GyrX:-1421|GyrY:1438|GyrZ:-3150|AccX:-330|AccY:-496|AccZ:1637|MagX:-1519|MagY:-4478|MagZ:-339|Lat:39.107147|Long:-9.384634|Sat:3|
SGCanScience>Time:93839|NTC:551|Temp:32.99|Press:1017.31|GyrX:148|GyrY:1551|GyrZ:-2071|AccX:-91|AccY:157|AccZ:1552|MagX:-1304|MagY:-6614|MagZ:318|Lat:39.107147|Long:-9.384634|Sat:3|
SGCanScience>Time:94021|NTC:549|Temp:32.98|Press:1017.54|GyrX:-543|GyrY:1107|GyrZ:-1657|AccX:-15|AccY:45|AccZ:1453|MagX:-153|MagY:-7281|MagZ:801|Lat:39.107147|Long:-9.384634|Sat:3|
SGCanScience>Time:94199|NTC:548|Temp:32.96|Press:1017.72|GyrX:-611|GyrY:633|GyrZ:-891|AccX:-16|AccY:170|AccZ:1438|MagX:1442|MagY:-7094|MagZ:1194|Lat:39.107147|Long:-9.384634|Sat:3|
SGCanScience>Time:94380|NTC:556|Temp:32.95|Press:1017.97|GyrX:-281|GyrY:2027|GyrZ:-496|AccX:-162|AccY:95|AccZ:1315|MagX:3771|MagY:-6050|MagZ:1110|Lat:39.107147|Long:-9.384634|Sat:3|
SGCanScience>Time:94562|NTC:551|Temp:32.94|Press:1018.17|GyrX:483|GyrY:1950|GyrZ:-249|AccX:55|AccY:171|AccZ:1203|MagX:5358|MagY:-5972|MagZ:309|Lat:39.107147|Long:-9.384634|Sat:3|
SGCanScience>Time:94744|NTC:558|Temp:32.93|Press:1018.47|GyrX:227|GyrY:532|GyrZ:-868|AccX:-211|AccY:98|AccZ:1593|MagX:7007|MagY:-4969|MagZ:-1256|Lat:39.107147|Long:-9.384634|Sat:3|
SGCanScience>Time:94924|NTC:553|Temp:32.92|Press:1018.72|GyrX:2277|GyrY:992|GyrZ:-801|AccX:-595|AccY:-367|AccZ:1271|MagX:7445|MagY:-3542|MagZ:-2912|Lat:39.107147|Long:-9.384634|Sat:3|
SGCanScience>Time:95107|NTC:550|Temp:32.92|Press:1018.97|GyrX:902|GyrY:1757|GyrZ:-2190|AccX:-603|AccY:-389|AccZ:1644|MagX:7058|MagY:-2408|MagZ:-3521|Lat:39.107147|Long:-9.384634|Sat:3|
SGCanScience>Time:95289|NTC:554|Temp:32.91|Press:1019.18|GyrX:1080|GyrY:1624|GyrZ:-2843|AccX:-315|AccY:-254|AccZ:1590|MagX:5613|MagY:-858|MagZ:-3437|Lat:39.107147|Long:-9.384634|Sat:3|
SGCanScience>Time:95471|NTC:549|Temp:32.91|Press:1019.45|GyrX:1061|GyrY:868|GyrZ:-3197|AccX:-386|AccY:-2|AccZ:1621|MagX:2920|MagY:-527|MagZ:-2271|Lat:39.107147|Long:-9.384634|Sat:3|
SGCanScience>Time:95653|NTC:547|Temp:32.91|Press:1019.67|GyrX:-174|GyrY:703|GyrZ:-3585|AccX:-250|AccY:-348|AccZ:1478|MagX:-187|MagY:-1803|MagZ:-1822|Lat:39.107147|Long:-9.384634|Sat:3|
SGCanScience>Time:95838|NTC:549|Temp:32.90|Press:1019.91|GyrX:-1110|GyrY:701|GyrZ:-3600|AccX:-232|AccY:147|AccZ:1551|MagX:-1498|MagY:-4642|MagZ:-304|Lat:39.107147|Long:-9.384634|Sat:3|
SGCanScience>Time:96200|NTC:547|Temp:32.88|Press:1020.34|GyrX:-315|GyrY:1566|GyrZ:-1713|AccX:-248|AccY:-146|AccZ:1343|MagX:1191|MagY:-4917|MagZ:1191|Lat:39.107147|Long:-9.384634|Sat:3|
SGCanScience>Time:96382|NTC:550|Temp:32.87|Press:1020.73|GyrX:401|GyrY:2359|GyrZ:-1269|AccX:-646|AccY:84|AccZ:1773|MagX:3750|MagY:-5341|MagZ:1201|Lat:39.107147|Long:-9.384634|Sat:3|
SGCanScience>Time:96565|NTC:554|Temp:32.84|Press:1020.93|GyrX:905|GyrY:539|GyrZ:-712|AccX:-423|AccY:-47|AccZ:1649|MagX:4975|MagY:-4652|MagZ:690|Lat:39.107147|Long:-9.384634|Sat:3|
SGCanScience>Time:96747|NTC:548|Temp:32.83|Press:1021.26|GyrX:1372|GyrY:916|GyrZ:-151|AccX:-355|AccY:35|AccZ:1557|MagX:5754|MagY:-4991|MagZ:152|Lat:39.107147|Long:-9.384634|Sat:3|
SGCanScience>Time:96927|NTC:553|Temp:32.82|Press:1021.48|GyrX:352|GyrY:1383|GyrZ:-728|AccX:-466|AccY:-359|AccZ:1553|MagX:6717|MagY:-3808|MagZ:-940|Lat:39.107147|Long:-9.384634|Sat:3|
SGCanScience>Time:97110|NTC:555|Temp:32.81|Press:1021.71|GyrX:1027|GyrY:-162|GyrZ:-797|AccX:-500|AccY:30|AccZ:1695|MagX:6960|MagY:-3799|MagZ:-1234|Lat:39.107147|Long:-9.384634|Sat:3|
SGCanScience>Time:97290|NTC:545|Temp:32.80|Press:1021.87|GyrX:906|GyrY:-642|GyrZ:-939|AccX:-408|AccY:-402|AccZ:1714|MagX:6301|MagY:-2409|MagZ:-1214|Lat:39.107147|Long:-9.384634|Sat:3|
SGCanScience>Time:97472|NTC:555|Temp:32.78|Press:1022.10|GyrX:471|GyrY:-806|GyrZ:-781|AccX:-917|AccY:163|AccZ:2212|MagX:6413|MagY:-2346|MagZ:-1446|Lat:39.107147|Long:-9.384634|Sat:3|
